
[{
 "class": [
  "org.ref_send.log.Sent",
  "org.ref_send.log.Event"
 ],
 "anchor": {
  "number": 1,
  "turn": {
   "loop": "buyer",
   "number": 0
  }
 },
 "message": "umid:0.2563442368991673:buyer",
 "timestamp": 1454306694475,
 "trace": {
  "calls": [
   {
    "name": "getCWStack",
    "source": "https://rawgit.com/cocoonfx/causeway/master/src/js/com/teleometry/causeway/purchase_example/workers/makeCausewayLogger.js",
    "span": [ [ 152, 32 ] ]
   },
   {
    "name": "logger.logSentRecord",
    "source": "https://rawgit.com/cocoonfx/causeway/master/src/js/com/teleometry/causeway/purchase_example/workers/makeCausewayLogger.js",
    "span": [ [ 159, 30 ] ]
   },
   {
    "name": "pmBase.postMessage",
    "source": "https://rawgit.com/cocoonfx/causeway/master/src/js/com/teleometry/causeway/purchase_example/workers/makeCausewayLogger.js",
    "span": [ [ 258, 18 ] ]
   },
   {
    "name": "doWebWorkersTest",
    "source": "https://rawgit.com/cocoonfx/causeway/master/src/js/com/teleometry/causeway/purchase_example/workers/mainBuyer.js",
    "span": [ [ 114, 14 ] ]
   },
   {
    "name": "onload",
    "source": {
     "name": "?",
     "source": "https://rawgit.com/cocoonfx/causeway/master/src/js/com/teleometry/workersExample.html",
     "span": []
    },
    "span": [ [ 8, 40 ] ]
   }
  ]
 }
},
{
 "class": [
  "org.ref_send.log.Sent",
  "org.ref_send.log.Event"
 ],
 "anchor": {
  "number": 2,
  "turn": {
   "loop": "buyer",
   "number": 0
  }
 },
 "message": "umid:0.9763014663476497:buyer",
 "timestamp": 1454306694476,
 "trace": {
  "calls": [
   {
    "name": "getCWStack",
    "source": "https://rawgit.com/cocoonfx/causeway/master/src/js/com/teleometry/causeway/purchase_example/workers/makeCausewayLogger.js",
    "span": [ [ 152, 32 ] ]
   },
   {
    "name": "logger.logSentRecord",
    "source": "https://rawgit.com/cocoonfx/causeway/master/src/js/com/teleometry/causeway/purchase_example/workers/makeCausewayLogger.js",
    "span": [ [ 159, 30 ] ]
   },
   {
    "name": "pmBase.postMessage",
    "source": "https://rawgit.com/cocoonfx/causeway/master/src/js/com/teleometry/causeway/purchase_example/workers/makeCausewayLogger.js",
    "span": [ [ 258, 18 ] ]
   },
   {
    "name": "doWebWorkersTest",
    "source": "https://rawgit.com/cocoonfx/causeway/master/src/js/com/teleometry/causeway/purchase_example/workers/mainBuyer.js",
    "span": [ [ 115, 15 ] ]
   },
   {
    "name": "onload",
    "source": {
     "name": "?",
     "source": "https://rawgit.com/cocoonfx/causeway/master/src/js/com/teleometry/workersExample.html",
     "span": []
    },
    "span": [ [ 8, 40 ] ]
   }
  ]
 }
},
{
 "class": [
  "org.ref_send.log.Sent",
  "org.ref_send.log.Event"
 ],
 "anchor": {
  "number": 3,
  "turn": {
   "loop": "buyer",
   "number": 0
  }
 },
 "message": "umid:0.4765654557850212:buyer",
 "timestamp": 1454306694476,
 "trace": {
  "calls": [
   {
    "name": "getCWStack",
    "source": "https://rawgit.com/cocoonfx/causeway/master/src/js/com/teleometry/causeway/purchase_example/workers/makeCausewayLogger.js",
    "span": [ [ 152, 32 ] ]
   },
   {
    "name": "logger.logSentRecord",
    "source": "https://rawgit.com/cocoonfx/causeway/master/src/js/com/teleometry/causeway/purchase_example/workers/makeCausewayLogger.js",
    "span": [ [ 159, 30 ] ]
   },
   {
    "name": "pmBase.postMessage",
    "source": "https://rawgit.com/cocoonfx/causeway/master/src/js/com/teleometry/causeway/purchase_example/workers/makeCausewayLogger.js",
    "span": [ [ 258, 18 ] ]
   },
   {
    "name": "doWebWorkersTest",
    "source": "https://rawgit.com/cocoonfx/causeway/master/src/js/com/teleometry/causeway/purchase_example/workers/mainBuyer.js",
    "span": [ [ 116, 14 ] ]
   },
   {
    "name": "onload",
    "source": {
     "name": "?",
     "source": "https://rawgit.com/cocoonfx/causeway/master/src/js/com/teleometry/workersExample.html",
     "span": []
    },
    "span": [ [ 8, 40 ] ]
   }
  ]
 }
},
{
 "class": [
  "org.ref_send.log.Fulfilled",
  "org.ref_send.log.Resolved",
  "org.ref_send.log.Event"
 ],
 "anchor": {
  "number": 4,
  "turn": {
   "loop": "buyer",
   "number": 0
  }
 },
 "condition": "ucid:0.23518666555173695:buyer",
 "timestamp": 1454306694477,
 "trace": {
  "calls": [
   {
    "name": "getCWStack",
    "source": "https://rawgit.com/cocoonfx/causeway/master/src/js/com/teleometry/causeway/purchase_example/workers/makeCausewayLogger.js",
    "span": [ [ 152, 32 ] ]
   },
   {
    "name": "logger.logFulfilledRecord",
    "source": "https://rawgit.com/cocoonfx/causeway/master/src/js/com/teleometry/causeway/purchase_example/workers/makeCausewayLogger.js",
    "span": [ [ 195, 39 ] ]
   },
   {
    "name": "aelBase.addEventListener",
    "source": "https://rawgit.com/cocoonfx/causeway/master/src/js/com/teleometry/causeway/purchase_example/workers/makeCausewayLogger.js",
    "span": [ [ 288, 20 ] ]
   },
   {
    "name": "doWebWorkersTest",
    "source": "https://rawgit.com/cocoonfx/causeway/master/src/js/com/teleometry/causeway/purchase_example/workers/mainBuyer.js",
    "span": [ [ 118, 14 ] ]
   },
   {
    "name": "onload",
    "source": {
     "name": "?",
     "source": "https://rawgit.com/cocoonfx/causeway/master/src/js/com/teleometry/workersExample.html",
     "span": []
    },
    "span": [ [ 8, 40 ] ]
   }
  ]
 }
},
{
 "class": [
  "org.ref_send.log.Fulfilled",
  "org.ref_send.log.Resolved",
  "org.ref_send.log.Event"
 ],
 "anchor": {
  "number": 5,
  "turn": {
   "loop": "buyer",
   "number": 0
  }
 },
 "condition": "ucid:0.6742120310664177:buyer",
 "timestamp": 1454306694477,
 "trace": {
  "calls": [
   {
    "name": "getCWStack",
    "source": "https://rawgit.com/cocoonfx/causeway/master/src/js/com/teleometry/causeway/purchase_example/workers/makeCausewayLogger.js",
    "span": [ [ 152, 32 ] ]
   },
   {
    "name": "logger.logFulfilledRecord",
    "source": "https://rawgit.com/cocoonfx/causeway/master/src/js/com/teleometry/causeway/purchase_example/workers/makeCausewayLogger.js",
    "span": [ [ 195, 39 ] ]
   },
   {
    "name": "aelBase.addEventListener",
    "source": "https://rawgit.com/cocoonfx/causeway/master/src/js/com/teleometry/causeway/purchase_example/workers/makeCausewayLogger.js",
    "span": [ [ 288, 20 ] ]
   },
   {
    "name": "doWebWorkersTest",
    "source": "https://rawgit.com/cocoonfx/causeway/master/src/js/com/teleometry/causeway/purchase_example/workers/mainBuyer.js",
    "span": [ [ 142, 15 ] ]
   },
   {
    "name": "onload",
    "source": {
     "name": "?",
     "source": "https://rawgit.com/cocoonfx/causeway/master/src/js/com/teleometry/workersExample.html",
     "span": []
    },
    "span": [ [ 8, 40 ] ]
   }
  ]
 }
},
{
 "class": [
  "org.ref_send.log.Fulfilled",
  "org.ref_send.log.Resolved",
  "org.ref_send.log.Event"
 ],
 "anchor": {
  "number": 1,
  "turn": {
   "loop": "accounts",
   "number": 0
  }
 },
 "condition": "ucid:0.08275435259565711:accounts",
 "timestamp": 1454306694492,
 "trace": {
  "calls": [
   {
    "name": "getCWStack",
    "source": "https://rawgit.com/cocoonfx/causeway/master/src/js/com/teleometry/causeway/purchase_example/workers/makeCausewayLogger.js",
    "span": [ [ 152, 32 ] ]
   },
   {
    "name": "logger.logFulfilledRecord",
    "source": "https://rawgit.com/cocoonfx/causeway/master/src/js/com/teleometry/causeway/purchase_example/workers/makeCausewayLogger.js",
    "span": [ [ 195, 39 ] ]
   },
   {
    "name": "aelBase.addEventListener",
    "source": "https://rawgit.com/cocoonfx/causeway/master/src/js/com/teleometry/causeway/purchase_example/workers/makeCausewayLogger.js",
    "span": [ [ 288, 20 ] ]
   },
   {
    "name": "?",
    "source": "https://rawgit.com/cocoonfx/causeway/master/src/js/com/teleometry/causeway/purchase_example/workers/wwAccounts.js",
    "span": [ [ 18, 8 ] ]
   },
   {
    "name": "?",
    "source": "https://rawgit.com/cocoonfx/causeway/master/src/js/com/teleometry/causeway/purchase_example/workers/wwAccounts.js",
    "span": [ [ 29, 3 ] ]
   }
  ]
 }
},
{
 "class": [
  "org.ref_send.log.Fulfilled",
  "org.ref_send.log.Resolved",
  "org.ref_send.log.Event"
 ],
 "anchor": {
  "number": 1,
  "turn": {
   "loop": "product",
   "number": 0
  }
 },
 "condition": "ucid:0.5735569847747684:product",
 "timestamp": 1454306694492,
 "trace": {
  "calls": [
   {
    "name": "getCWStack",
    "source": "https://rawgit.com/cocoonfx/causeway/master/src/js/com/teleometry/causeway/purchase_example/workers/makeCausewayLogger.js",
    "span": [ [ 152, 32 ] ]
   },
   {
    "name": "logger.logFulfilledRecord",
    "source": "https://rawgit.com/cocoonfx/causeway/master/src/js/com/teleometry/causeway/purchase_example/workers/makeCausewayLogger.js",
    "span": [ [ 195, 39 ] ]
   },
   {
    "name": "aelBase.addEventListener",
    "source": "https://rawgit.com/cocoonfx/causeway/master/src/js/com/teleometry/causeway/purchase_example/workers/makeCausewayLogger.js",
    "span": [ [ 288, 20 ] ]
   },
   {
    "name": "?",
    "source": "https://rawgit.com/cocoonfx/causeway/master/src/js/com/teleometry/causeway/purchase_example/workers/wwProduct.js",
    "span": [ [ 26, 8 ] ]
   },
   {
    "name": "?",
    "source": "https://rawgit.com/cocoonfx/causeway/master/src/js/com/teleometry/causeway/purchase_example/workers/wwProduct.js",
    "span": [ [ 43, 3 ] ]
   }
  ]
 }
},
{
 "class": [
  "org.ref_send.log.Got",
  "org.ref_send.log.Event"
 ],
 "anchor": {
  "number": 0,
  "turn": {
   "loop": "accounts",
   "number": 1
  }
 },
 "message": "umid:0.9763014663476497:buyer",
 "timestamp": 1454306694493,
 "trace": {
  "calls": [
   {
    "name": "getCWStack",
    "source": "https://rawgit.com/cocoonfx/causeway/master/src/js/com/teleometry/causeway/purchase_example/workers/makeCausewayLogger.js",
    "span": [ [ 152, 32 ] ]
   },
   {
    "name": "logger.logGotRecord",
    "source": "https://rawgit.com/cocoonfx/causeway/master/src/js/com/teleometry/causeway/purchase_example/workers/makeCausewayLogger.js",
    "span": [ [ 170, 29 ] ]
   },
   {
    "name": "newCallback",
    "source": "https://rawgit.com/cocoonfx/causeway/master/src/js/com/teleometry/causeway/purchase_example/workers/makeCausewayLogger.js",
    "span": [ [ 277, 24 ] ]
   }
  ]
 }
},
{
 "class": [
  "org.ref_send.log.Got",
  "org.ref_send.log.Event"
 ],
 "anchor": {
  "number": 0,
  "turn": {
   "loop": "product",
   "number": 1
  }
 },
 "message": "umid:0.2563442368991673:buyer",
 "timestamp": 1454306694493,
 "trace": {
  "calls": [
   {
    "name": "getCWStack",
    "source": "https://rawgit.com/cocoonfx/causeway/master/src/js/com/teleometry/causeway/purchase_example/workers/makeCausewayLogger.js",
    "span": [ [ 152, 32 ] ]
   },
   {
    "name": "logger.logGotRecord",
    "source": "https://rawgit.com/cocoonfx/causeway/master/src/js/com/teleometry/causeway/purchase_example/workers/makeCausewayLogger.js",
    "span": [ [ 170, 29 ] ]
   },
   {
    "name": "newCallback",
    "source": "https://rawgit.com/cocoonfx/causeway/master/src/js/com/teleometry/causeway/purchase_example/workers/makeCausewayLogger.js",
    "span": [ [ 277, 24 ] ]
   }
  ]
 }
},
{
 "class": [
  "org.ref_send.log.SentIf",
  "org.ref_send.log.Sent",
  "org.ref_send.log.Event"
 ],
 "anchor": {
  "number": 1,
  "turn": {
   "loop": "accounts",
   "number": 1
  }
 },
 "condition": "ucid:0.08275435259565711:accounts",
 "message": "umid:0.9934831170830876:accounts",
 "timestamp": 1454306694493,
 "trace": {
  "calls": [
   {
    "name": "getCWStack",
    "source": "https://rawgit.com/cocoonfx/causeway/master/src/js/com/teleometry/causeway/purchase_example/workers/makeCausewayLogger.js",
    "span": [ [ 152, 32 ] ]
   },
   {
    "name": "logger.logSentIfRecord",
    "source": "https://rawgit.com/cocoonfx/causeway/master/src/js/com/teleometry/causeway/purchase_example/workers/makeCausewayLogger.js",
    "span": [ [ 180, 43 ] ]
   },
   {
    "name": "newCallback",
    "source": "https://rawgit.com/cocoonfx/causeway/master/src/js/com/teleometry/causeway/purchase_example/workers/makeCausewayLogger.js",
    "span": [ [ 281, 22 ] ]
   }
  ]
 }
},
{
 "class": [
  "org.ref_send.log.Got",
  "org.ref_send.log.Event"
 ],
 "anchor": {
  "number": 0,
  "turn": {
   "loop": "accounts",
   "number": 2
  }
 },
 "message": "umid:0.9934831170830876:accounts",
 "timestamp": 1454306694493,
 "trace": {
  "calls": [
   {
    "name": "getCWStack",
    "source": "https://rawgit.com/cocoonfx/causeway/master/src/js/com/teleometry/causeway/purchase_example/workers/makeCausewayLogger.js",
    "span": [ [ 152, 32 ] ]
   },
   {
    "name": "logger.logGotRecord",
    "source": "https://rawgit.com/cocoonfx/causeway/master/src/js/com/teleometry/causeway/purchase_example/workers/makeCausewayLogger.js",
    "span": [ [ 170, 29 ] ]
   },
   {
    "name": "newCallback",
    "source": "https://rawgit.com/cocoonfx/causeway/master/src/js/com/teleometry/causeway/purchase_example/workers/makeCausewayLogger.js",
    "span": [ [ 282, 22 ] ]
   }
  ]
 }
},
{
 "class": [
  "org.ref_send.log.SentIf",
  "org.ref_send.log.Sent",
  "org.ref_send.log.Event"
 ],
 "anchor": {
  "number": 1,
  "turn": {
   "loop": "product",
   "number": 1
  }
 },
 "condition": "ucid:0.5735569847747684:product",
 "message": "umid:0.8129028577823192:product",
 "timestamp": 1454306694494,
 "trace": {
  "calls": [
   {
    "name": "getCWStack",
    "source": "https://rawgit.com/cocoonfx/causeway/master/src/js/com/teleometry/causeway/purchase_example/workers/makeCausewayLogger.js",
    "span": [ [ 152, 32 ] ]
   },
   {
    "name": "logger.logSentIfRecord",
    "source": "https://rawgit.com/cocoonfx/causeway/master/src/js/com/teleometry/causeway/purchase_example/workers/makeCausewayLogger.js",
    "span": [ [ 180, 43 ] ]
   },
   {
    "name": "newCallback",
    "source": "https://rawgit.com/cocoonfx/causeway/master/src/js/com/teleometry/causeway/purchase_example/workers/makeCausewayLogger.js",
    "span": [ [ 281, 22 ] ]
   }
  ]
 }
},
{
 "class": [
  "org.ref_send.log.Got",
  "org.ref_send.log.Event"
 ],
 "anchor": {
  "number": 0,
  "turn": {
   "loop": "product",
   "number": 2
  }
 },
 "message": "umid:0.8129028577823192:product",
 "timestamp": 1454306694494,
 "trace": {
  "calls": [
   {
    "name": "getCWStack",
    "source": "https://rawgit.com/cocoonfx/causeway/master/src/js/com/teleometry/causeway/purchase_example/workers/makeCausewayLogger.js",
    "span": [ [ 152, 32 ] ]
   },
   {
    "name": "logger.logGotRecord",
    "source": "https://rawgit.com/cocoonfx/causeway/master/src/js/com/teleometry/causeway/purchase_example/workers/makeCausewayLogger.js",
    "span": [ [ 170, 29 ] ]
   },
   {
    "name": "newCallback",
    "source": "https://rawgit.com/cocoonfx/causeway/master/src/js/com/teleometry/causeway/purchase_example/workers/makeCausewayLogger.js",
    "span": [ [ 282, 22 ] ]
   }
  ]
 }
},
{
 "class": [
  "org.ref_send.log.Sent",
  "org.ref_send.log.Event"
 ],
 "anchor": {
  "number": 1,
  "turn": {
   "loop": "accounts",
   "number": 2
  }
 },
 "message": "umid:0.9059745592530817:accounts",
 "timestamp": 1454306694494,
 "trace": {
  "calls": [
   {
    "name": "getCWStack",
    "source": "https://rawgit.com/cocoonfx/causeway/master/src/js/com/teleometry/causeway/purchase_example/workers/makeCausewayLogger.js",
    "span": [ [ 152, 32 ] ]
   },
   {
    "name": "logger.logSentRecord",
    "source": "https://rawgit.com/cocoonfx/causeway/master/src/js/com/teleometry/causeway/purchase_example/workers/makeCausewayLogger.js",
    "span": [ [ 159, 30 ] ]
   },
   {
    "name": "pmBase.postMessage",
    "source": "https://rawgit.com/cocoonfx/causeway/master/src/js/com/teleometry/causeway/purchase_example/workers/makeCausewayLogger.js",
    "span": [ [ 258, 18 ] ]
   },
   {
    "name": "accountsRequest",
    "source": "https://rawgit.com/cocoonfx/causeway/master/src/js/com/teleometry/causeway/purchase_example/workers/wwAccounts.js",
    "span": [ [ 23, 12 ] ]
   },
   {
    "name": "newCallback",
    "source": "https://rawgit.com/cocoonfx/causeway/master/src/js/com/teleometry/causeway/purchase_example/workers/makeCausewayLogger.js",
    "span": [ [ 284, 33 ] ]
   }
  ]
 }
},
{
 "class": [
  "org.ref_send.log.Got",
  "org.ref_send.log.Event"
 ],
 "anchor": {
  "number": 0,
  "turn": {
   "loop": "buyer",
   "number": 1
  }
 },
 "message": "umid:0.9059745592530817:accounts",
 "timestamp": 1454306694495,
 "trace": {
  "calls": [
   {
    "name": "getCWStack",
    "source": "https://rawgit.com/cocoonfx/causeway/master/src/js/com/teleometry/causeway/purchase_example/workers/makeCausewayLogger.js",
    "span": [ [ 152, 32 ] ]
   },
   {
    "name": "logger.logGotRecord",
    "source": "https://rawgit.com/cocoonfx/causeway/master/src/js/com/teleometry/causeway/purchase_example/workers/makeCausewayLogger.js",
    "span": [ [ 170, 29 ] ]
   },
   {
    "name": "newCallback",
    "source": "https://rawgit.com/cocoonfx/causeway/master/src/js/com/teleometry/causeway/purchase_example/workers/makeCausewayLogger.js",
    "span": [ [ 277, 24 ] ]
   }
  ]
 }
},
{
 "class": [
  "org.ref_send.log.SentIf",
  "org.ref_send.log.Sent",
  "org.ref_send.log.Event"
 ],
 "anchor": {
  "number": 1,
  "turn": {
   "loop": "buyer",
   "number": 1
  }
 },
 "condition": "ucid:0.6742120310664177:buyer",
 "message": "umid:0.10586368129588664:buyer",
 "timestamp": 1454306694495,
 "trace": {
  "calls": [
   {
    "name": "getCWStack",
    "source": "https://rawgit.com/cocoonfx/causeway/master/src/js/com/teleometry/causeway/purchase_example/workers/makeCausewayLogger.js",
    "span": [ [ 152, 32 ] ]
   },
   {
    "name": "logger.logSentIfRecord",
    "source": "https://rawgit.com/cocoonfx/causeway/master/src/js/com/teleometry/causeway/purchase_example/workers/makeCausewayLogger.js",
    "span": [ [ 180, 43 ] ]
   },
   {
    "name": "newCallback",
    "source": "https://rawgit.com/cocoonfx/causeway/master/src/js/com/teleometry/causeway/purchase_example/workers/makeCausewayLogger.js",
    "span": [ [ 281, 22 ] ]
   }
  ]
 }
},
{
 "class": [
  "org.ref_send.log.Got",
  "org.ref_send.log.Event"
 ],
 "anchor": {
  "number": 0,
  "turn": {
   "loop": "buyer",
   "number": 2
  }
 },
 "message": "umid:0.10586368129588664:buyer",
 "timestamp": 1454306694496,
 "trace": {
  "calls": [
   {
    "name": "getCWStack",
    "source": "https://rawgit.com/cocoonfx/causeway/master/src/js/com/teleometry/causeway/purchase_example/workers/makeCausewayLogger.js",
    "span": [ [ 152, 32 ] ]
   },
   {
    "name": "logger.logGotRecord",
    "source": "https://rawgit.com/cocoonfx/causeway/master/src/js/com/teleometry/causeway/purchase_example/workers/makeCausewayLogger.js",
    "span": [ [ 170, 29 ] ]
   },
   {
    "name": "newCallback",
    "source": "https://rawgit.com/cocoonfx/causeway/master/src/js/com/teleometry/causeway/purchase_example/workers/makeCausewayLogger.js",
    "span": [ [ 282, 22 ] ]
   }
  ]
 }
},
{
 "class": [
  "org.ref_send.log.Sent",
  "org.ref_send.log.Event"
 ],
 "anchor": {
  "number": 1,
  "turn": {
   "loop": "buyer",
   "number": 2
  }
 },
 "message": "umid:0.13372811791487038:buyer",
 "timestamp": 1454306694496,
 "trace": {
  "calls": [
   {
    "name": "getCWStack",
    "source": "https://rawgit.com/cocoonfx/causeway/master/src/js/com/teleometry/causeway/purchase_example/workers/makeCausewayLogger.js",
    "span": [ [ 152, 32 ] ]
   },
   {
    "name": "logger.logSentRecord",
    "source": "https://rawgit.com/cocoonfx/causeway/master/src/js/com/teleometry/causeway/purchase_example/workers/makeCausewayLogger.js",
    "span": [ [ 159, 30 ] ]
   },
   {
    "name": "logger.send",
    "source": "https://rawgit.com/cocoonfx/causeway/master/src/js/com/teleometry/causeway/purchase_example/workers/makeCausewayLogger.js",
    "span": [ [ 214, 16 ] ]
   },
   {
    "name": "accountsAnswer",
    "source": "https://rawgit.com/cocoonfx/causeway/master/src/js/com/teleometry/causeway/purchase_example/workers/mainBuyer.js",
    "span": [ [ 147, 12 ] ]
   },
   {
    "name": "newCallback",
    "source": "https://rawgit.com/cocoonfx/causeway/master/src/js/com/teleometry/causeway/purchase_example/workers/makeCausewayLogger.js",
    "span": [ [ 284, 33 ] ]
   }
  ]
 }
},
{
 "class": [
  "org.ref_send.log.Sent",
  "org.ref_send.log.Event"
 ],
 "anchor": {
  "number": 1,
  "turn": {
   "loop": "product",
   "number": 2
  }
 },
 "message": "umid:0.521779288072139:product",
 "timestamp": 1454306694495,
 "trace": {
  "calls": [
   {
    "name": "getCWStack",
    "source": "https://rawgit.com/cocoonfx/causeway/master/src/js/com/teleometry/causeway/purchase_example/workers/makeCausewayLogger.js",
    "span": [ [ 152, 32 ] ]
   },
   {
    "name": "logger.logSentRecord",
    "source": "https://rawgit.com/cocoonfx/causeway/master/src/js/com/teleometry/causeway/purchase_example/workers/makeCausewayLogger.js",
    "span": [ [ 159, 30 ] ]
   },
   {
    "name": "pmBase.postMessage",
    "source": "https://rawgit.com/cocoonfx/causeway/master/src/js/com/teleometry/causeway/purchase_example/workers/makeCausewayLogger.js",
    "span": [ [ 258, 18 ] ]
   },
   {
    "name": "productRequest",
    "source": "https://rawgit.com/cocoonfx/causeway/master/src/js/com/teleometry/causeway/purchase_example/workers/wwProduct.js",
    "span": [ [ 31, 12 ] ]
   },
   {
    "name": "newCallback",
    "source": "https://rawgit.com/cocoonfx/causeway/master/src/js/com/teleometry/causeway/purchase_example/workers/makeCausewayLogger.js",
    "span": [ [ 284, 33 ] ]
   }
  ]
 }
},
{
 "class": [
  "org.ref_send.log.Got",
  "org.ref_send.log.Event"
 ],
 "anchor": {
  "number": 0,
  "turn": {
   "loop": "buyer",
   "number": 3
  }
 },
 "message": "umid:0.521779288072139:product",
 "timestamp": 1454306694496,
 "trace": {
  "calls": [
   {
    "name": "getCWStack",
    "source": "https://rawgit.com/cocoonfx/causeway/master/src/js/com/teleometry/causeway/purchase_example/workers/makeCausewayLogger.js",
    "span": [ [ 152, 32 ] ]
   },
   {
    "name": "logger.logGotRecord",
    "source": "https://rawgit.com/cocoonfx/causeway/master/src/js/com/teleometry/causeway/purchase_example/workers/makeCausewayLogger.js",
    "span": [ [ 170, 29 ] ]
   },
   {
    "name": "newCallback",
    "source": "https://rawgit.com/cocoonfx/causeway/master/src/js/com/teleometry/causeway/purchase_example/workers/makeCausewayLogger.js",
    "span": [ [ 277, 24 ] ]
   }
  ]
 }
},
{
 "class": [
  "org.ref_send.log.SentIf",
  "org.ref_send.log.Sent",
  "org.ref_send.log.Event"
 ],
 "anchor": {
  "number": 1,
  "turn": {
   "loop": "buyer",
   "number": 3
  }
 },
 "condition": "ucid:0.23518666555173695:buyer",
 "message": "umid:0.7602732400409877:buyer",
 "timestamp": 1454306694496,
 "trace": {
  "calls": [
   {
    "name": "getCWStack",
    "source": "https://rawgit.com/cocoonfx/causeway/master/src/js/com/teleometry/causeway/purchase_example/workers/makeCausewayLogger.js",
    "span": [ [ 152, 32 ] ]
   },
   {
    "name": "logger.logSentIfRecord",
    "source": "https://rawgit.com/cocoonfx/causeway/master/src/js/com/teleometry/causeway/purchase_example/workers/makeCausewayLogger.js",
    "span": [ [ 180, 43 ] ]
   },
   {
    "name": "newCallback",
    "source": "https://rawgit.com/cocoonfx/causeway/master/src/js/com/teleometry/causeway/purchase_example/workers/makeCausewayLogger.js",
    "span": [ [ 281, 22 ] ]
   }
  ]
 }
},
{
 "class": [
  "org.ref_send.log.Got",
  "org.ref_send.log.Event"
 ],
 "anchor": {
  "number": 0,
  "turn": {
   "loop": "buyer",
   "number": 4
  }
 },
 "message": "umid:0.7602732400409877:buyer",
 "timestamp": 1454306694496,
 "trace": {
  "calls": [
   {
    "name": "getCWStack",
    "source": "https://rawgit.com/cocoonfx/causeway/master/src/js/com/teleometry/causeway/purchase_example/workers/makeCausewayLogger.js",
    "span": [ [ 152, 32 ] ]
   },
   {
    "name": "logger.logGotRecord",
    "source": "https://rawgit.com/cocoonfx/causeway/master/src/js/com/teleometry/causeway/purchase_example/workers/makeCausewayLogger.js",
    "span": [ [ 170, 29 ] ]
   },
   {
    "name": "newCallback",
    "source": "https://rawgit.com/cocoonfx/causeway/master/src/js/com/teleometry/causeway/purchase_example/workers/makeCausewayLogger.js",
    "span": [ [ 282, 22 ] ]
   }
  ]
 }
},
{
 "class": [
  "org.ref_send.log.Sent",
  "org.ref_send.log.Event"
 ],
 "anchor": {
  "number": 1,
  "turn": {
   "loop": "buyer",
   "number": 4
  }
 },
 "message": "umid:0.741684028878808:buyer",
 "timestamp": 1454306694496,
 "trace": {
  "calls": [
   {
    "name": "getCWStack",
    "source": "https://rawgit.com/cocoonfx/causeway/master/src/js/com/teleometry/causeway/purchase_example/workers/makeCausewayLogger.js",
    "span": [ [ 152, 32 ] ]
   },
   {
    "name": "logger.logSentRecord",
    "source": "https://rawgit.com/cocoonfx/causeway/master/src/js/com/teleometry/causeway/purchase_example/workers/makeCausewayLogger.js",
    "span": [ [ 159, 30 ] ]
   },
   {
    "name": "logger.send",
    "source": "https://rawgit.com/cocoonfx/causeway/master/src/js/com/teleometry/causeway/purchase_example/workers/makeCausewayLogger.js",
    "span": [ [ 214, 16 ] ]
   },
   {
    "name": "productAnswer",
    "source": "https://rawgit.com/cocoonfx/causeway/master/src/js/com/teleometry/causeway/purchase_example/workers/mainBuyer.js",
    "span": [ [ 124, 12 ] ]
   },
   {
    "name": "newCallback",
    "source": "https://rawgit.com/cocoonfx/causeway/master/src/js/com/teleometry/causeway/purchase_example/workers/makeCausewayLogger.js",
    "span": [ [ 284, 33 ] ]
   }
  ]
 }
},
{
 "class": [
  "org.ref_send.log.Got",
  "org.ref_send.log.Event"
 ],
 "anchor": {
  "number": 0,
  "turn": {
   "loop": "product",
   "number": 3
  }
 },
 "message": "umid:0.4765654557850212:buyer",
 "timestamp": 1454306694495,
 "trace": {
  "calls": [
   {
    "name": "getCWStack",
    "source": "https://rawgit.com/cocoonfx/causeway/master/src/js/com/teleometry/causeway/purchase_example/workers/makeCausewayLogger.js",
    "span": [ [ 152, 32 ] ]
   },
   {
    "name": "logger.logGotRecord",
    "source": "https://rawgit.com/cocoonfx/causeway/master/src/js/com/teleometry/causeway/purchase_example/workers/makeCausewayLogger.js",
    "span": [ [ 170, 29 ] ]
   },
   {
    "name": "newCallback",
    "source": "https://rawgit.com/cocoonfx/causeway/master/src/js/com/teleometry/causeway/purchase_example/workers/makeCausewayLogger.js",
    "span": [ [ 277, 24 ] ]
   }
  ]
 }
},
{
 "class": [
  "org.ref_send.log.SentIf",
  "org.ref_send.log.Sent",
  "org.ref_send.log.Event"
 ],
 "anchor": {
  "number": 1,
  "turn": {
   "loop": "product",
   "number": 3
  }
 },
 "condition": "ucid:0.5735569847747684:product",
 "message": "umid:0.7745506919454783:product",
 "timestamp": 1454306694495,
 "trace": {
  "calls": [
   {
    "name": "getCWStack",
    "source": "https://rawgit.com/cocoonfx/causeway/master/src/js/com/teleometry/causeway/purchase_example/workers/makeCausewayLogger.js",
    "span": [ [ 152, 32 ] ]
   },
   {
    "name": "logger.logSentIfRecord",
    "source": "https://rawgit.com/cocoonfx/causeway/master/src/js/com/teleometry/causeway/purchase_example/workers/makeCausewayLogger.js",
    "span": [ [ 180, 43 ] ]
   },
   {
    "name": "newCallback",
    "source": "https://rawgit.com/cocoonfx/causeway/master/src/js/com/teleometry/causeway/purchase_example/workers/makeCausewayLogger.js",
    "span": [ [ 281, 22 ] ]
   }
  ]
 }
},
{
 "class": [
  "org.ref_send.log.Got",
  "org.ref_send.log.Event"
 ],
 "anchor": {
  "number": 0,
  "turn": {
   "loop": "product",
   "number": 4
  }
 },
 "message": "umid:0.7745506919454783:product",
 "timestamp": 1454306694495,
 "trace": {
  "calls": [
   {
    "name": "getCWStack",
    "source": "https://rawgit.com/cocoonfx/causeway/master/src/js/com/teleometry/causeway/purchase_example/workers/makeCausewayLogger.js",
    "span": [ [ 152, 32 ] ]
   },
   {
    "name": "logger.logGotRecord",
    "source": "https://rawgit.com/cocoonfx/causeway/master/src/js/com/teleometry/causeway/purchase_example/workers/makeCausewayLogger.js",
    "span": [ [ 170, 29 ] ]
   },
   {
    "name": "newCallback",
    "source": "https://rawgit.com/cocoonfx/causeway/master/src/js/com/teleometry/causeway/purchase_example/workers/makeCausewayLogger.js",
    "span": [ [ 282, 22 ] ]
   }
  ]
 }
},
{
 "class": [
  "org.ref_send.log.Sent",
  "org.ref_send.log.Event"
 ],
 "anchor": {
  "number": 1,
  "turn": {
   "loop": "product",
   "number": 4
  }
 },
 "message": "umid:0.501167704584077:product",
 "timestamp": 1454306694496,
 "trace": {
  "calls": [
   {
    "name": "getCWStack",
    "source": "https://rawgit.com/cocoonfx/causeway/master/src/js/com/teleometry/causeway/purchase_example/workers/makeCausewayLogger.js",
    "span": [ [ 152, 32 ] ]
   },
   {
    "name": "logger.logSentRecord",
    "source": "https://rawgit.com/cocoonfx/causeway/master/src/js/com/teleometry/causeway/purchase_example/workers/makeCausewayLogger.js",
    "span": [ [ 159, 30 ] ]
   },
   {
    "name": "pmBase.postMessage",
    "source": "https://rawgit.com/cocoonfx/causeway/master/src/js/com/teleometry/causeway/purchase_example/workers/makeCausewayLogger.js",
    "span": [ [ 258, 18 ] ]
   },
   {
    "name": "productRequest",
    "source": "https://rawgit.com/cocoonfx/causeway/master/src/js/com/teleometry/causeway/purchase_example/workers/wwProduct.js",
    "span": [ [ 34, 12 ] ]
   },
   {
    "name": "newCallback",
    "source": "https://rawgit.com/cocoonfx/causeway/master/src/js/com/teleometry/causeway/purchase_example/workers/makeCausewayLogger.js",
    "span": [ [ 284, 33 ] ]
   }
  ]
 }
},
{
 "class": [
  "org.ref_send.log.Got",
  "org.ref_send.log.Event"
 ],
 "anchor": {
  "number": 0,
  "turn": {
   "loop": "buyer",
   "number": 5
  }
 },
 "message": "umid:0.501167704584077:product",
 "timestamp": 1454306694497,
 "trace": {
  "calls": [
   {
    "name": "getCWStack",
    "source": "https://rawgit.com/cocoonfx/causeway/master/src/js/com/teleometry/causeway/purchase_example/workers/makeCausewayLogger.js",
    "span": [ [ 152, 32 ] ]
   },
   {
    "name": "logger.logGotRecord",
    "source": "https://rawgit.com/cocoonfx/causeway/master/src/js/com/teleometry/causeway/purchase_example/workers/makeCausewayLogger.js",
    "span": [ [ 170, 29 ] ]
   },
   {
    "name": "newCallback",
    "source": "https://rawgit.com/cocoonfx/causeway/master/src/js/com/teleometry/causeway/purchase_example/workers/makeCausewayLogger.js",
    "span": [ [ 277, 24 ] ]
   }
  ]
 }
},
{
 "class": [
  "org.ref_send.log.SentIf",
  "org.ref_send.log.Sent",
  "org.ref_send.log.Event"
 ],
 "anchor": {
  "number": 1,
  "turn": {
   "loop": "buyer",
   "number": 5
  }
 },
 "condition": "ucid:0.23518666555173695:buyer",
 "message": "umid:0.28575547225773335:buyer",
 "timestamp": 1454306694497,
 "trace": {
  "calls": [
   {
    "name": "getCWStack",
    "source": "https://rawgit.com/cocoonfx/causeway/master/src/js/com/teleometry/causeway/purchase_example/workers/makeCausewayLogger.js",
    "span": [ [ 152, 32 ] ]
   },
   {
    "name": "logger.logSentIfRecord",
    "source": "https://rawgit.com/cocoonfx/causeway/master/src/js/com/teleometry/causeway/purchase_example/workers/makeCausewayLogger.js",
    "span": [ [ 180, 43 ] ]
   },
   {
    "name": "newCallback",
    "source": "https://rawgit.com/cocoonfx/causeway/master/src/js/com/teleometry/causeway/purchase_example/workers/makeCausewayLogger.js",
    "span": [ [ 281, 22 ] ]
   }
  ]
 }
},
{
 "class": [
  "org.ref_send.log.Got",
  "org.ref_send.log.Event"
 ],
 "anchor": {
  "number": 0,
  "turn": {
   "loop": "buyer",
   "number": 6
  }
 },
 "message": "umid:0.28575547225773335:buyer",
 "timestamp": 1454306694497,
 "trace": {
  "calls": [
   {
    "name": "getCWStack",
    "source": "https://rawgit.com/cocoonfx/causeway/master/src/js/com/teleometry/causeway/purchase_example/workers/makeCausewayLogger.js",
    "span": [ [ 152, 32 ] ]
   },
   {
    "name": "logger.logGotRecord",
    "source": "https://rawgit.com/cocoonfx/causeway/master/src/js/com/teleometry/causeway/purchase_example/workers/makeCausewayLogger.js",
    "span": [ [ 170, 29 ] ]
   },
   {
    "name": "newCallback",
    "source": "https://rawgit.com/cocoonfx/causeway/master/src/js/com/teleometry/causeway/purchase_example/workers/makeCausewayLogger.js",
    "span": [ [ 282, 22 ] ]
   }
  ]
 }
},
{
 "class": [
  "org.ref_send.log.Sent",
  "org.ref_send.log.Event"
 ],
 "anchor": {
  "number": 1,
  "turn": {
   "loop": "buyer",
   "number": 6
  }
 },
 "message": "umid:0.8109781213570386:buyer",
 "timestamp": 1454306694497,
 "trace": {
  "calls": [
   {
    "name": "getCWStack",
    "source": "https://rawgit.com/cocoonfx/causeway/master/src/js/com/teleometry/causeway/purchase_example/workers/makeCausewayLogger.js",
    "span": [ [ 152, 32 ] ]
   },
   {
    "name": "logger.logSentRecord",
    "source": "https://rawgit.com/cocoonfx/causeway/master/src/js/com/teleometry/causeway/purchase_example/workers/makeCausewayLogger.js",
    "span": [ [ 159, 30 ] ]
   },
   {
    "name": "logger.send",
    "source": "https://rawgit.com/cocoonfx/causeway/master/src/js/com/teleometry/causeway/purchase_example/workers/makeCausewayLogger.js",
    "span": [ [ 214, 16 ] ]
   },
   {
    "name": "productAnswer",
    "source": "https://rawgit.com/cocoonfx/causeway/master/src/js/com/teleometry/causeway/purchase_example/workers/mainBuyer.js",
    "span": [ [ 124, 12 ] ]
   },
   {
    "name": "newCallback",
    "source": "https://rawgit.com/cocoonfx/causeway/master/src/js/com/teleometry/causeway/purchase_example/workers/makeCausewayLogger.js",
    "span": [ [ 284, 33 ] ]
   }
  ]
 }
},
{
 "class": [
  "org.ref_send.log.Got",
  "org.ref_send.log.Event"
 ],
 "anchor": {
  "number": 0,
  "turn": {
   "loop": "buyer",
   "number": 7
  }
 },
 "message": "umid:0.13372811791487038:buyer",
 "timestamp": 1454306694498,
 "trace": {
  "calls": [
   {
    "name": "getCWStack",
    "source": "https://rawgit.com/cocoonfx/causeway/master/src/js/com/teleometry/causeway/purchase_example/workers/makeCausewayLogger.js",
    "span": [ [ 152, 32 ] ]
   },
   {
    "name": "logger.logGotRecord",
    "source": "https://rawgit.com/cocoonfx/causeway/master/src/js/com/teleometry/causeway/purchase_example/workers/makeCausewayLogger.js",
    "span": [ [ 170, 29 ] ]
   },
   {
    "name": "?",
    "source": "https://rawgit.com/cocoonfx/causeway/master/src/js/com/teleometry/causeway/purchase_example/workers/makeCausewayLogger.js",
    "span": [ [ 216, 18 ] ]
   }
  ]
 }
},
{
 "class": [
  "org.ref_send.log.Got",
  "org.ref_send.log.Event"
 ],
 "anchor": {
  "number": 0,
  "turn": {
   "loop": "buyer",
   "number": 8
  }
 },
 "message": "umid:0.741684028878808:buyer",
 "timestamp": 1454306694498,
 "trace": {
  "calls": [
   {
    "name": "getCWStack",
    "source": "https://rawgit.com/cocoonfx/causeway/master/src/js/com/teleometry/causeway/purchase_example/workers/makeCausewayLogger.js",
    "span": [ [ 152, 32 ] ]
   },
   {
    "name": "logger.logGotRecord",
    "source": "https://rawgit.com/cocoonfx/causeway/master/src/js/com/teleometry/causeway/purchase_example/workers/makeCausewayLogger.js",
    "span": [ [ 170, 29 ] ]
   },
   {
    "name": "?",
    "source": "https://rawgit.com/cocoonfx/causeway/master/src/js/com/teleometry/causeway/purchase_example/workers/makeCausewayLogger.js",
    "span": [ [ 216, 18 ] ]
   }
  ]
 }
},
{
 "class": [
  "org.ref_send.log.Got",
  "org.ref_send.log.Event"
 ],
 "anchor": {
  "number": 0,
  "turn": {
   "loop": "buyer",
   "number": 9
  }
 },
 "message": "umid:0.8109781213570386:buyer",
 "timestamp": 1454306694499,
 "trace": {
  "calls": [
   {
    "name": "getCWStack",
    "source": "https://rawgit.com/cocoonfx/causeway/master/src/js/com/teleometry/causeway/purchase_example/workers/makeCausewayLogger.js",
    "span": [ [ 152, 32 ] ]
   },
   {
    "name": "logger.logGotRecord",
    "source": "https://rawgit.com/cocoonfx/causeway/master/src/js/com/teleometry/causeway/purchase_example/workers/makeCausewayLogger.js",
    "span": [ [ 170, 29 ] ]
   },
   {
    "name": "?",
    "source": "https://rawgit.com/cocoonfx/causeway/master/src/js/com/teleometry/causeway/purchase_example/workers/makeCausewayLogger.js",
    "span": [ [ 216, 18 ] ]
   }
  ]
 }
},
{
 "class": [
  "org.ref_send.log.Sent",
  "org.ref_send.log.Event"
 ],
 "anchor": {
  "number": 1,
  "turn": {
   "loop": "buyer",
   "number": 9
  }
 },
 "message": "umid:0.7027065653819591:buyer",
 "timestamp": 1454306694499,
 "trace": {
  "calls": [
   {
    "name": "getCWStack",
    "source": "https://rawgit.com/cocoonfx/causeway/master/src/js/com/teleometry/causeway/purchase_example/workers/makeCausewayLogger.js",
    "span": [ [ 152, 32 ] ]
   },
   {
    "name": "logger.logSentRecord",
    "source": "https://rawgit.com/cocoonfx/causeway/master/src/js/com/teleometry/causeway/purchase_example/workers/makeCausewayLogger.js",
    "span": [ [ 159, 30 ] ]
   },
   {
    "name": "logger.send",
    "source": "https://rawgit.com/cocoonfx/causeway/master/src/js/com/teleometry/causeway/purchase_example/workers/makeCausewayLogger.js",
    "span": [ [ 214, 16 ] ]
   },
   {
    "name": "teller.run",
    "source": "https://rawgit.com/cocoonfx/causeway/master/src/js/com/teleometry/causeway/purchase_example/workers/asyncAnd.js",
    "span": [ [ 28, 14 ] ]
   },
   {
    "name": "?",
    "source": "https://rawgit.com/cocoonfx/causeway/master/src/js/com/teleometry/causeway/purchase_example/workers/makeCausewayLogger.js",
    "span": [ [ 217, 22 ] ]
   }
  ]
 }
},
{
 "class": [
  "org.ref_send.log.Got",
  "org.ref_send.log.Event"
 ],
 "anchor": {
  "number": 0,
  "turn": {
   "loop": "buyer",
   "number": 10
  }
 },
 "message": "umid:0.7027065653819591:buyer",
 "timestamp": 1454306694501,
 "trace": {
  "calls": [
   {
    "name": "getCWStack",
    "source": "https://rawgit.com/cocoonfx/causeway/master/src/js/com/teleometry/causeway/purchase_example/workers/makeCausewayLogger.js",
    "span": [ [ 152, 32 ] ]
   },
   {
    "name": "logger.logGotRecord",
    "source": "https://rawgit.com/cocoonfx/causeway/master/src/js/com/teleometry/causeway/purchase_example/workers/makeCausewayLogger.js",
    "span": [ [ 170, 29 ] ]
   },
   {
    "name": "?",
    "source": "https://rawgit.com/cocoonfx/causeway/master/src/js/com/teleometry/causeway/purchase_example/workers/makeCausewayLogger.js",
    "span": [ [ 216, 18 ] ]
   }
  ]
 }
},
{
 "class": [
  "org.ref_send.log.Comment",
  "org.ref_send.log.Event"
 ],
 "anchor": {
  "number": 1,
  "turn": {
   "loop": "buyer",
   "number": 10
  }
 },
 "text": "All queries answered true",
 "timestamp": 1454306694502,
 "trace": {
  "calls": [
   {
    "name": "getCWStack",
    "source": "https://rawgit.com/cocoonfx/causeway/master/src/js/com/teleometry/causeway/purchase_example/workers/makeCausewayLogger.js",
    "span": [ [ 152, 32 ] ]
   },
   {
    "name": "logger.logCommentRecord",
    "source": "https://rawgit.com/cocoonfx/causeway/master/src/js/com/teleometry/causeway/purchase_example/workers/makeCausewayLogger.js",
    "span": [ [ 175, 32 ] ]
   },
   {
    "name": "checkAnswers.run",
    "source": "https://rawgit.com/cocoonfx/causeway/master/src/js/com/teleometry/causeway/purchase_example/workers/mainBuyer.js",
    "span": [ [ 101, 21 ] ]
   },
   {
    "name": "?",
    "source": "https://rawgit.com/cocoonfx/causeway/master/src/js/com/teleometry/causeway/purchase_example/workers/makeCausewayLogger.js",
    "span": [ [ 217, 22 ] ]
   }
  ]
 }
},
{
 "class": [
  "org.ref_send.log.Sent",
  "org.ref_send.log.Event"
 ],
 "anchor": {
  "number": 2,
  "turn": {
   "loop": "buyer",
   "number": 10
  }
 },
 "message": "umid:0.2516956978943199:buyer",
 "timestamp": 1454306694502,
 "trace": {
  "calls": [
   {
    "name": "getCWStack",
    "source": "https://rawgit.com/cocoonfx/causeway/master/src/js/com/teleometry/causeway/purchase_example/workers/makeCausewayLogger.js",
    "span": [ [ 152, 32 ] ]
   },
   {
    "name": "logger.logSentRecord",
    "source": "https://rawgit.com/cocoonfx/causeway/master/src/js/com/teleometry/causeway/purchase_example/workers/makeCausewayLogger.js",
    "span": [ [ 159, 30 ] ]
   },
   {
    "name": "pmBase.postMessage",
    "source": "https://rawgit.com/cocoonfx/causeway/master/src/js/com/teleometry/causeway/purchase_example/workers/makeCausewayLogger.js",
    "span": [ [ 258, 18 ] ]
   },
   {
    "name": "checkAnswers.run",
    "source": "https://rawgit.com/cocoonfx/causeway/master/src/js/com/teleometry/causeway/purchase_example/workers/mainBuyer.js",
    "span": [ [ 102, 20 ] ]
   },
   {
    "name": "?",
    "source": "https://rawgit.com/cocoonfx/causeway/master/src/js/com/teleometry/causeway/purchase_example/workers/makeCausewayLogger.js",
    "span": [ [ 217, 22 ] ]
   }
  ]
 }
},
{
 "class": [
  "org.ref_send.log.Got",
  "org.ref_send.log.Event"
 ],
 "anchor": {
  "number": 0,
  "turn": {
   "loop": "product",
   "number": 5
  }
 },
 "message": "umid:0.2516956978943199:buyer",
 "timestamp": 1454306694502,
 "trace": {
  "calls": [
   {
    "name": "getCWStack",
    "source": "https://rawgit.com/cocoonfx/causeway/master/src/js/com/teleometry/causeway/purchase_example/workers/makeCausewayLogger.js",
    "span": [ [ 152, 32 ] ]
   },
   {
    "name": "logger.logGotRecord",
    "source": "https://rawgit.com/cocoonfx/causeway/master/src/js/com/teleometry/causeway/purchase_example/workers/makeCausewayLogger.js",
    "span": [ [ 170, 29 ] ]
   },
   {
    "name": "newCallback",
    "source": "https://rawgit.com/cocoonfx/causeway/master/src/js/com/teleometry/causeway/purchase_example/workers/makeCausewayLogger.js",
    "span": [ [ 277, 24 ] ]
   }
  ]
 }
},
{
 "class": [
  "org.ref_send.log.SentIf",
  "org.ref_send.log.Sent",
  "org.ref_send.log.Event"
 ],
 "anchor": {
  "number": 1,
  "turn": {
   "loop": "product",
   "number": 5
  }
 },
 "condition": "ucid:0.5735569847747684:product",
 "message": "umid:0.8279727650806308:product",
 "timestamp": 1454306694502,
 "trace": {
  "calls": [
   {
    "name": "getCWStack",
    "source": "https://rawgit.com/cocoonfx/causeway/master/src/js/com/teleometry/causeway/purchase_example/workers/makeCausewayLogger.js",
    "span": [ [ 152, 32 ] ]
   },
   {
    "name": "logger.logSentIfRecord",
    "source": "https://rawgit.com/cocoonfx/causeway/master/src/js/com/teleometry/causeway/purchase_example/workers/makeCausewayLogger.js",
    "span": [ [ 180, 43 ] ]
   },
   {
    "name": "newCallback",
    "source": "https://rawgit.com/cocoonfx/causeway/master/src/js/com/teleometry/causeway/purchase_example/workers/makeCausewayLogger.js",
    "span": [ [ 281, 22 ] ]
   }
  ]
 }
},
{
 "class": [
  "org.ref_send.log.Got",
  "org.ref_send.log.Event"
 ],
 "anchor": {
  "number": 0,
  "turn": {
   "loop": "product",
   "number": 6
  }
 },
 "message": "umid:0.8279727650806308:product",
 "timestamp": 1454306694503,
 "trace": {
  "calls": [
   {
    "name": "getCWStack",
    "source": "https://rawgit.com/cocoonfx/causeway/master/src/js/com/teleometry/causeway/purchase_example/workers/makeCausewayLogger.js",
    "span": [ [ 152, 32 ] ]
   },
   {
    "name": "logger.logGotRecord",
    "source": "https://rawgit.com/cocoonfx/causeway/master/src/js/com/teleometry/causeway/purchase_example/workers/makeCausewayLogger.js",
    "span": [ [ 170, 29 ] ]
   },
   {
    "name": "newCallback",
    "source": "https://rawgit.com/cocoonfx/causeway/master/src/js/com/teleometry/causeway/purchase_example/workers/makeCausewayLogger.js",
    "span": [ [ 282, 22 ] ]
   }
  ]
 }
},
{
 "class": [
  "org.ref_send.log.Sent",
  "org.ref_send.log.Event"
 ],
 "anchor": {
  "number": 1,
  "turn": {
   "loop": "product",
   "number": 6
  }
 },
 "message": "umid:0.7089169088285416:product",
 "timestamp": 1454306694503,
 "trace": {
  "calls": [
   {
    "name": "getCWStack",
    "source": "https://rawgit.com/cocoonfx/causeway/master/src/js/com/teleometry/causeway/purchase_example/workers/makeCausewayLogger.js",
    "span": [ [ 152, 32 ] ]
   },
   {
    "name": "logger.logSentRecord",
    "source": "https://rawgit.com/cocoonfx/causeway/master/src/js/com/teleometry/causeway/purchase_example/workers/makeCausewayLogger.js",
    "span": [ [ 159, 30 ] ]
   },
   {
    "name": "pmBase.postMessage",
    "source": "https://rawgit.com/cocoonfx/causeway/master/src/js/com/teleometry/causeway/purchase_example/workers/makeCausewayLogger.js",
    "span": [ [ 258, 18 ] ]
   },
   {
    "name": "productRequest",
    "source": "https://rawgit.com/cocoonfx/causeway/master/src/js/com/teleometry/causeway/purchase_example/workers/wwProduct.js",
    "span": [ [ 37, 12 ] ]
   },
   {
    "name": "newCallback",
    "source": "https://rawgit.com/cocoonfx/causeway/master/src/js/com/teleometry/causeway/purchase_example/workers/makeCausewayLogger.js",
    "span": [ [ 284, 33 ] ]
   }
  ]
 }
},
{
 "class": [
  "org.ref_send.log.Got",
  "org.ref_send.log.Event"
 ],
 "anchor": {
  "number": 0,
  "turn": {
   "loop": "buyer",
   "number": 11
  }
 },
 "message": "umid:0.7089169088285416:product",
 "timestamp": 1454306694503,
 "trace": {
  "calls": [
   {
    "name": "getCWStack",
    "source": "https://rawgit.com/cocoonfx/causeway/master/src/js/com/teleometry/causeway/purchase_example/workers/makeCausewayLogger.js",
    "span": [ [ 152, 32 ] ]
   },
   {
    "name": "logger.logGotRecord",
    "source": "https://rawgit.com/cocoonfx/causeway/master/src/js/com/teleometry/causeway/purchase_example/workers/makeCausewayLogger.js",
    "span": [ [ 170, 29 ] ]
   },
   {
    "name": "newCallback",
    "source": "https://rawgit.com/cocoonfx/causeway/master/src/js/com/teleometry/causeway/purchase_example/workers/makeCausewayLogger.js",
    "span": [ [ 277, 24 ] ]
   }
  ]
 }
},
{
 "class": [
  "org.ref_send.log.SentIf",
  "org.ref_send.log.Sent",
  "org.ref_send.log.Event"
 ],
 "anchor": {
  "number": 1,
  "turn": {
   "loop": "buyer",
   "number": 11
  }
 },
 "condition": "ucid:0.23518666555173695:buyer",
 "message": "umid:0.025843925308436155:buyer",
 "timestamp": 1454306694503,
 "trace": {
  "calls": [
   {
    "name": "getCWStack",
    "source": "https://rawgit.com/cocoonfx/causeway/master/src/js/com/teleometry/causeway/purchase_example/workers/makeCausewayLogger.js",
    "span": [ [ 152, 32 ] ]
   },
   {
    "name": "logger.logSentIfRecord",
    "source": "https://rawgit.com/cocoonfx/causeway/master/src/js/com/teleometry/causeway/purchase_example/workers/makeCausewayLogger.js",
    "span": [ [ 180, 43 ] ]
   },
   {
    "name": "newCallback",
    "source": "https://rawgit.com/cocoonfx/causeway/master/src/js/com/teleometry/causeway/purchase_example/workers/makeCausewayLogger.js",
    "span": [ [ 281, 22 ] ]
   }
  ]
 }
},
{
 "class": [
  "org.ref_send.log.Got",
  "org.ref_send.log.Event"
 ],
 "anchor": {
  "number": 0,
  "turn": {
   "loop": "buyer",
   "number": 12
  }
 },
 "message": "umid:0.025843925308436155:buyer",
 "timestamp": 1454306694504,
 "trace": {
  "calls": [
   {
    "name": "getCWStack",
    "source": "https://rawgit.com/cocoonfx/causeway/master/src/js/com/teleometry/causeway/purchase_example/workers/makeCausewayLogger.js",
    "span": [ [ 152, 32 ] ]
   },
   {
    "name": "logger.logGotRecord",
    "source": "https://rawgit.com/cocoonfx/causeway/master/src/js/com/teleometry/causeway/purchase_example/workers/makeCausewayLogger.js",
    "span": [ [ 170, 29 ] ]
   },
   {
    "name": "newCallback",
    "source": "https://rawgit.com/cocoonfx/causeway/master/src/js/com/teleometry/causeway/purchase_example/workers/makeCausewayLogger.js",
    "span": [ [ 282, 22 ] ]
   }
  ]
 }
},
{
 "class": [
  "org.ref_send.log.Sent",
  "org.ref_send.log.Event"
 ],
 "anchor": {
  "number": 1,
  "turn": {
   "loop": "buyer",
   "number": 12
  }
 },
 "message": "umid:0.4861730362754315:buyer",
 "timestamp": 1454306694504,
 "trace": {
  "calls": [
   {
    "name": "getCWStack",
    "source": "https://rawgit.com/cocoonfx/causeway/master/src/js/com/teleometry/causeway/purchase_example/workers/makeCausewayLogger.js",
    "span": [ [ 152, 32 ] ]
   },
   {
    "name": "logger.logSentRecord",
    "source": "https://rawgit.com/cocoonfx/causeway/master/src/js/com/teleometry/causeway/purchase_example/workers/makeCausewayLogger.js",
    "span": [ [ 159, 30 ] ]
   },
   {
    "name": "logger.send",
    "source": "https://rawgit.com/cocoonfx/causeway/master/src/js/com/teleometry/causeway/purchase_example/workers/makeCausewayLogger.js",
    "span": [ [ 214, 16 ] ]
   },
   {
    "name": "productAnswer",
    "source": "https://rawgit.com/cocoonfx/causeway/master/src/js/com/teleometry/causeway/purchase_example/workers/mainBuyer.js",
    "span": [ [ 129, 12 ] ]
   },
   {
    "name": "newCallback",
    "source": "https://rawgit.com/cocoonfx/causeway/master/src/js/com/teleometry/causeway/purchase_example/workers/makeCausewayLogger.js",
    "span": [ [ 284, 33 ] ]
   }
  ]
 }
},
{
 "class": [
  "org.ref_send.log.Got",
  "org.ref_send.log.Event"
 ],
 "anchor": {
  "number": 0,
  "turn": {
   "loop": "buyer",
   "number": 13
  }
 },
 "message": "umid:0.4861730362754315:buyer",
 "timestamp": 1454306694506,
 "trace": {
  "calls": [
   {
    "name": "getCWStack",
    "source": "https://rawgit.com/cocoonfx/causeway/master/src/js/com/teleometry/causeway/purchase_example/workers/makeCausewayLogger.js",
    "span": [ [ 152, 32 ] ]
   },
   {
    "name": "logger.logGotRecord",
    "source": "https://rawgit.com/cocoonfx/causeway/master/src/js/com/teleometry/causeway/purchase_example/workers/makeCausewayLogger.js",
    "span": [ [ 170, 29 ] ]
   },
   {
    "name": "?",
    "source": "https://rawgit.com/cocoonfx/causeway/master/src/js/com/teleometry/causeway/purchase_example/workers/makeCausewayLogger.js",
    "span": [ [ 216, 18 ] ]
   }
  ]
 }
},
{
 "class": [
  "org.ref_send.log.Comment",
  "org.ref_send.log.Event"
 ],
 "anchor": {
  "number": 1,
  "turn": {
   "loop": "buyer",
   "number": 13
  }
 },
 "text": "Order placed for West Coast Buyers",
 "timestamp": 1454306694506,
 "trace": {
  "calls": [
   {
    "name": "getCWStack",
    "source": "https://rawgit.com/cocoonfx/causeway/master/src/js/com/teleometry/causeway/purchase_example/workers/makeCausewayLogger.js",
    "span": [ [ 152, 32 ] ]
   },
   {
    "name": "logger.logCommentRecord",
    "source": "https://rawgit.com/cocoonfx/causeway/master/src/js/com/teleometry/causeway/purchase_example/workers/makeCausewayLogger.js",
    "span": [ [ 175, 32 ] ]
   },
   {
    "name": "reporter.run",
    "source": "https://rawgit.com/cocoonfx/causeway/master/src/js/com/teleometry/causeway/purchase_example/workers/mainBuyer.js",
    "span": [ [ 90, 21 ] ]
   },
   {
    "name": "?",
    "source": "https://rawgit.com/cocoonfx/causeway/master/src/js/com/teleometry/causeway/purchase_example/workers/makeCausewayLogger.js",
    "span": [ [ 217, 22 ] ]
   }
  ]
 }
}]
