


[{
 "class": [
  "org.ref_send.log.Sent",
  "org.ref_send.log.Event"
 ],
 "anchor": {
  "number": 1,
  "turn": {
   "loop": "buyer",
   "number": 0
  }
 },
 "message": "umid:0.02633347359124616:buyer",
 "timestamp": 1455043883999,
 "trace": {
  "calls": [
   {
    "name": "getCWStack",
    "source": "http://localhost:8080/causeway/purchase_example/workers/makeCausewayLogger.js",
    "span": [ [ 152, 32 ] ]
   },
   {
    "name": "logger.logSentRecord",
    "source": "http://localhost:8080/causeway/purchase_example/workers/makeCausewayLogger.js",
    "span": [ [ 159, 30 ] ]
   },
   {
    "name": "pmBase.postMessage",
    "source": "http://localhost:8080/causeway/purchase_example/workers/makeCausewayLogger.js",
    "span": [ [ 258, 11 ] ]
   },
   {
    "name": "doWebWorkersTest",
    "source": "http://localhost:8080/causeway/purchase_example/workers/mainBuyer.js",
    "span": [ [ 114, 6 ] ]
   },
   {
    "name": "onload",
    "source": "http://localhost:8080/workersExample.html",
    "span": [ [ 1, 1 ] ]
   }
  ]
 }
},
{
 "class": [
  "org.ref_send.log.Sent",
  "org.ref_send.log.Event"
 ],
 "anchor": {
  "number": 2,
  "turn": {
   "loop": "buyer",
   "number": 0
  }
 },
 "message": "umid:0.7148887832536782:buyer",
 "timestamp": 1455043884000,
 "trace": {
  "calls": [
   {
    "name": "getCWStack",
    "source": "http://localhost:8080/causeway/purchase_example/workers/makeCausewayLogger.js",
    "span": [ [ 152, 32 ] ]
   },
   {
    "name": "logger.logSentRecord",
    "source": "http://localhost:8080/causeway/purchase_example/workers/makeCausewayLogger.js",
    "span": [ [ 159, 30 ] ]
   },
   {
    "name": "pmBase.postMessage",
    "source": "http://localhost:8080/causeway/purchase_example/workers/makeCausewayLogger.js",
    "span": [ [ 258, 11 ] ]
   },
   {
    "name": "doWebWorkersTest",
    "source": "http://localhost:8080/causeway/purchase_example/workers/mainBuyer.js",
    "span": [ [ 115, 6 ] ]
   },
   {
    "name": "onload",
    "source": "http://localhost:8080/workersExample.html",
    "span": [ [ 1, 1 ] ]
   }
  ]
 }
},
{
 "class": [
  "org.ref_send.log.Sent",
  "org.ref_send.log.Event"
 ],
 "anchor": {
  "number": 3,
  "turn": {
   "loop": "buyer",
   "number": 0
  }
 },
 "message": "umid:0.8717623330672502:buyer",
 "timestamp": 1455043884000,
 "trace": {
  "calls": [
   {
    "name": "getCWStack",
    "source": "http://localhost:8080/causeway/purchase_example/workers/makeCausewayLogger.js",
    "span": [ [ 152, 32 ] ]
   },
   {
    "name": "logger.logSentRecord",
    "source": "http://localhost:8080/causeway/purchase_example/workers/makeCausewayLogger.js",
    "span": [ [ 159, 30 ] ]
   },
   {
    "name": "pmBase.postMessage",
    "source": "http://localhost:8080/causeway/purchase_example/workers/makeCausewayLogger.js",
    "span": [ [ 258, 11 ] ]
   },
   {
    "name": "doWebWorkersTest",
    "source": "http://localhost:8080/causeway/purchase_example/workers/mainBuyer.js",
    "span": [ [ 116, 6 ] ]
   },
   {
    "name": "onload",
    "source": "http://localhost:8080/workersExample.html",
    "span": [ [ 1, 1 ] ]
   }
  ]
 }
},
{
 "class": [
  "org.ref_send.log.Fulfilled",
  "org.ref_send.log.Resolved",
  "org.ref_send.log.Event"
 ],
 "anchor": {
  "number": 4,
  "turn": {
   "loop": "buyer",
   "number": 0
  }
 },
 "condition": "ucid:0.12345157522576922:buyer",
 "timestamp": 1455043884000,
 "trace": {
  "calls": [
   {
    "name": "getCWStack",
    "source": "http://localhost:8080/causeway/purchase_example/workers/makeCausewayLogger.js",
    "span": [ [ 152, 32 ] ]
   },
   {
    "name": "logger.logFulfilledRecord",
    "source": "http://localhost:8080/causeway/purchase_example/workers/makeCausewayLogger.js",
    "span": [ [ 195, 39 ] ]
   },
   {
    "name": "aelBase.addEventListener",
    "source": "http://localhost:8080/causeway/purchase_example/workers/makeCausewayLogger.js",
    "span": [ [ 288, 13 ] ]
   },
   {
    "name": "doWebWorkersTest",
    "source": "http://localhost:8080/causeway/purchase_example/workers/mainBuyer.js",
    "span": [ [ 118, 6 ] ]
   },
   {
    "name": "onload",
    "source": "http://localhost:8080/workersExample.html",
    "span": [ [ 1, 1 ] ]
   }
  ]
 }
},
{
 "class": [
  "org.ref_send.log.Fulfilled",
  "org.ref_send.log.Resolved",
  "org.ref_send.log.Event"
 ],
 "anchor": {
  "number": 5,
  "turn": {
   "loop": "buyer",
   "number": 0
  }
 },
 "condition": "ucid:0.7755537209421752:buyer",
 "timestamp": 1455043884001,
 "trace": {
  "calls": [
   {
    "name": "getCWStack",
    "source": "http://localhost:8080/causeway/purchase_example/workers/makeCausewayLogger.js",
    "span": [ [ 152, 32 ] ]
   },
   {
    "name": "logger.logFulfilledRecord",
    "source": "http://localhost:8080/causeway/purchase_example/workers/makeCausewayLogger.js",
    "span": [ [ 195, 39 ] ]
   },
   {
    "name": "aelBase.addEventListener",
    "source": "http://localhost:8080/causeway/purchase_example/workers/makeCausewayLogger.js",
    "span": [ [ 288, 13 ] ]
   },
   {
    "name": "doWebWorkersTest",
    "source": "http://localhost:8080/causeway/purchase_example/workers/mainBuyer.js",
    "span": [ [ 142, 6 ] ]
   },
   {
    "name": "onload",
    "source": "http://localhost:8080/workersExample.html",
    "span": [ [ 1, 1 ] ]
   }
  ]
 }
},
{
 "class": [
  "org.ref_send.log.Fulfilled",
  "org.ref_send.log.Resolved",
  "org.ref_send.log.Event"
 ],
 "anchor": {
  "number": 1,
  "turn": {
   "loop": "product",
   "number": 0
  }
 },
 "condition": "ucid:0.8823603042998323:product",
 "timestamp": 1455043884070,
 "trace": {
  "calls": [
   {
    "name": "getCWStack",
    "source": "http://localhost:8080/causeway/purchase_example/workers/makeCausewayLogger.js",
    "span": [ [ 152, 32 ] ]
   },
   {
    "name": "logger.logFulfilledRecord",
    "source": "http://localhost:8080/causeway/purchase_example/workers/makeCausewayLogger.js",
    "span": [ [ 195, 39 ] ]
   },
   {
    "name": "aelBase.addEventListener",
    "source": "http://localhost:8080/causeway/purchase_example/workers/makeCausewayLogger.js",
    "span": [ [ 288, 13 ] ]
   },
   {
    "name": "?",
    "source": "http://localhost:8080/causeway/purchase_example/workers/wwProduct.js",
    "span": [ [ 25, 3 ] ]
   },
   {
    "name": "?",
    "source": "http://localhost:8080/causeway/purchase_example/workers/wwProduct.js",
    "span": [ [ 4, 2 ] ]
   }
  ]
 }
},
{
 "class": [
  "org.ref_send.log.Got",
  "org.ref_send.log.Event"
 ],
 "anchor": {
  "number": 0,
  "turn": {
   "loop": "product",
   "number": 1
  }
 },
 "message": "umid:0.02633347359124616:buyer",
 "timestamp": 1455043884071,
 "trace": {
  "calls": [
   {
    "name": "getCWStack",
    "source": "http://localhost:8080/causeway/purchase_example/workers/makeCausewayLogger.js",
    "span": [ [ 152, 32 ] ]
   },
   {
    "name": "logger.logGotRecord",
    "source": "http://localhost:8080/causeway/purchase_example/workers/makeCausewayLogger.js",
    "span": [ [ 170, 29 ] ]
   },
   {
    "name": "newCallback",
    "source": "http://localhost:8080/causeway/purchase_example/workers/makeCausewayLogger.js",
    "span": [ [ 277, 17 ] ]
   },
   {
    "name": "EventListener.handleEvent*makeCausewayLogger/logger.turnOn/aelBase.addEventListener",
    "source": "http://localhost:8080/causeway/purchase_example/workers/makeCausewayLogger.js",
    "span": [ [ 289, 20 ] ]
   }
  ]
 }
},
{
 "class": [
  "org.ref_send.log.SentIf",
  "org.ref_send.log.Sent",
  "org.ref_send.log.Event"
 ],
 "anchor": {
  "number": 1,
  "turn": {
   "loop": "product",
   "number": 1
  }
 },
 "condition": "ucid:0.8823603042998323:product",
 "message": "umid:0.4030157270159901:product",
 "timestamp": 1455043884071,
 "trace": {
  "calls": [
   {
    "name": "getCWStack",
    "source": "http://localhost:8080/causeway/purchase_example/workers/makeCausewayLogger.js",
    "span": [ [ 152, 32 ] ]
   },
   {
    "name": "logger.logSentIfRecord",
    "source": "http://localhost:8080/causeway/purchase_example/workers/makeCausewayLogger.js",
    "span": [ [ 180, 43 ] ]
   },
   {
    "name": "newCallback",
    "source": "http://localhost:8080/causeway/purchase_example/workers/makeCausewayLogger.js",
    "span": [ [ 281, 15 ] ]
   },
   {
    "name": "EventListener.handleEvent*makeCausewayLogger/logger.turnOn/aelBase.addEventListener",
    "source": "http://localhost:8080/causeway/purchase_example/workers/makeCausewayLogger.js",
    "span": [ [ 289, 20 ] ]
   }
  ]
 }
},
{
 "class": [
  "org.ref_send.log.Got",
  "org.ref_send.log.Event"
 ],
 "anchor": {
  "number": 0,
  "turn": {
   "loop": "product",
   "number": 2
  }
 },
 "message": "umid:0.4030157270159901:product",
 "timestamp": 1455043884071,
 "trace": {
  "calls": [
   {
    "name": "getCWStack",
    "source": "http://localhost:8080/causeway/purchase_example/workers/makeCausewayLogger.js",
    "span": [ [ 152, 32 ] ]
   },
   {
    "name": "logger.logGotRecord",
    "source": "http://localhost:8080/causeway/purchase_example/workers/makeCausewayLogger.js",
    "span": [ [ 170, 29 ] ]
   },
   {
    "name": "newCallback",
    "source": "http://localhost:8080/causeway/purchase_example/workers/makeCausewayLogger.js",
    "span": [ [ 282, 15 ] ]
   },
   {
    "name": "EventListener.handleEvent*makeCausewayLogger/logger.turnOn/aelBase.addEventListener",
    "source": "http://localhost:8080/causeway/purchase_example/workers/makeCausewayLogger.js",
    "span": [ [ 289, 20 ] ]
   }
  ]
 }
},
{
 "class": [
  "org.ref_send.log.Sent",
  "org.ref_send.log.Event"
 ],
 "anchor": {
  "number": 1,
  "turn": {
   "loop": "product",
   "number": 2
  }
 },
 "message": "umid:0.26113244353692466:product",
 "timestamp": 1455043884072,
 "trace": {
  "calls": [
   {
    "name": "getCWStack",
    "source": "http://localhost:8080/causeway/purchase_example/workers/makeCausewayLogger.js",
    "span": [ [ 152, 32 ] ]
   },
   {
    "name": "logger.logSentRecord",
    "source": "http://localhost:8080/causeway/purchase_example/workers/makeCausewayLogger.js",
    "span": [ [ 159, 30 ] ]
   },
   {
    "name": "pmBase.postMessage",
    "source": "http://localhost:8080/causeway/purchase_example/workers/makeCausewayLogger.js",
    "span": [ [ 258, 11 ] ]
   },
   {
    "name": "isAvailable",
    "source": "http://localhost:8080/causeway/purchase_example/workers/wwProduct.js",
    "span": [ [ 14, 5 ] ]
   },
   {
    "name": "productRequest",
    "source": "http://localhost:8080/causeway/purchase_example/workers/wwProduct.js",
    "span": [ [ 30, 7 ] ]
   },
   {
    "name": "newCallback",
    "source": "http://localhost:8080/causeway/purchase_example/workers/makeCausewayLogger.js",
    "span": [ [ 284, 20 ] ]
   },
   {
    "name": "EventListener.handleEvent*makeCausewayLogger/logger.turnOn/aelBase.addEventListener",
    "source": "http://localhost:8080/causeway/purchase_example/workers/makeCausewayLogger.js",
    "span": [ [ 289, 20 ] ]
   }
  ]
 }
},
{
 "class": [
  "org.ref_send.log.Got",
  "org.ref_send.log.Event"
 ],
 "anchor": {
  "number": 0,
  "turn": {
   "loop": "buyer",
   "number": 1
  }
 },
 "message": "umid:0.26113244353692466:product",
 "timestamp": 1455043884072,
 "trace": {
  "calls": [
   {
    "name": "getCWStack",
    "source": "http://localhost:8080/causeway/purchase_example/workers/makeCausewayLogger.js",
    "span": [ [ 152, 32 ] ]
   },
   {
    "name": "logger.logGotRecord",
    "source": "http://localhost:8080/causeway/purchase_example/workers/makeCausewayLogger.js",
    "span": [ [ 170, 29 ] ]
   },
   {
    "name": "newCallback",
    "source": "http://localhost:8080/causeway/purchase_example/workers/makeCausewayLogger.js",
    "span": [ [ 277, 17 ] ]
   },
   {
    "name": "EventListener.handleEvent*makeCausewayLogger/logger.turnOn/aelBase.addEventListener",
    "source": "http://localhost:8080/causeway/purchase_example/workers/makeCausewayLogger.js",
    "span": [ [ 289, 20 ] ]
   }
  ]
 }
},
{
 "class": [
  "org.ref_send.log.SentIf",
  "org.ref_send.log.Sent",
  "org.ref_send.log.Event"
 ],
 "anchor": {
  "number": 1,
  "turn": {
   "loop": "buyer",
   "number": 1
  }
 },
 "condition": "ucid:0.12345157522576922:buyer",
 "message": "umid:0.2514456828687128:buyer",
 "timestamp": 1455043884073,
 "trace": {
  "calls": [
   {
    "name": "getCWStack",
    "source": "http://localhost:8080/causeway/purchase_example/workers/makeCausewayLogger.js",
    "span": [ [ 152, 32 ] ]
   },
   {
    "name": "logger.logSentIfRecord",
    "source": "http://localhost:8080/causeway/purchase_example/workers/makeCausewayLogger.js",
    "span": [ [ 180, 43 ] ]
   },
   {
    "name": "newCallback",
    "source": "http://localhost:8080/causeway/purchase_example/workers/makeCausewayLogger.js",
    "span": [ [ 281, 15 ] ]
   },
   {
    "name": "EventListener.handleEvent*makeCausewayLogger/logger.turnOn/aelBase.addEventListener",
    "source": "http://localhost:8080/causeway/purchase_example/workers/makeCausewayLogger.js",
    "span": [ [ 289, 20 ] ]
   }
  ]
 }
},
{
 "class": [
  "org.ref_send.log.Got",
  "org.ref_send.log.Event"
 ],
 "anchor": {
  "number": 0,
  "turn": {
   "loop": "buyer",
   "number": 2
  }
 },
 "message": "umid:0.2514456828687128:buyer",
 "timestamp": 1455043884073,
 "trace": {
  "calls": [
   {
    "name": "getCWStack",
    "source": "http://localhost:8080/causeway/purchase_example/workers/makeCausewayLogger.js",
    "span": [ [ 152, 32 ] ]
   },
   {
    "name": "logger.logGotRecord",
    "source": "http://localhost:8080/causeway/purchase_example/workers/makeCausewayLogger.js",
    "span": [ [ 170, 29 ] ]
   },
   {
    "name": "newCallback",
    "source": "http://localhost:8080/causeway/purchase_example/workers/makeCausewayLogger.js",
    "span": [ [ 282, 15 ] ]
   },
   {
    "name": "EventListener.handleEvent*makeCausewayLogger/logger.turnOn/aelBase.addEventListener",
    "source": "http://localhost:8080/causeway/purchase_example/workers/makeCausewayLogger.js",
    "span": [ [ 289, 20 ] ]
   }
  ]
 }
},
{
 "class": [
  "org.ref_send.log.Sent",
  "org.ref_send.log.Event"
 ],
 "anchor": {
  "number": 1,
  "turn": {
   "loop": "buyer",
   "number": 2
  }
 },
 "message": "umid:0.33769696467589183:buyer",
 "timestamp": 1455043884073,
 "trace": {
  "calls": [
   {
    "name": "getCWStack",
    "source": "http://localhost:8080/causeway/purchase_example/workers/makeCausewayLogger.js",
    "span": [ [ 152, 32 ] ]
   },
   {
    "name": "logger.logSentRecord",
    "source": "http://localhost:8080/causeway/purchase_example/workers/makeCausewayLogger.js",
    "span": [ [ 159, 30 ] ]
   },
   {
    "name": "logger.send",
    "source": "http://localhost:8080/causeway/purchase_example/workers/makeCausewayLogger.js",
    "span": [ [ 214, 9 ] ]
   },
   {
    "name": "productAnswer",
    "source": "http://localhost:8080/causeway/purchase_example/workers/mainBuyer.js",
    "span": [ [ 124, 12 ] ]
   },
   {
    "name": "newCallback",
    "source": "http://localhost:8080/causeway/purchase_example/workers/makeCausewayLogger.js",
    "span": [ [ 284, 20 ] ]
   },
   {
    "name": "EventListener.handleEvent*makeCausewayLogger/logger.turnOn/aelBase.addEventListener",
    "source": "http://localhost:8080/causeway/purchase_example/workers/makeCausewayLogger.js",
    "span": [ [ 289, 20 ] ]
   }
  ]
 }
},
{
 "class": [
  "org.ref_send.log.Fulfilled",
  "org.ref_send.log.Resolved",
  "org.ref_send.log.Event"
 ],
 "anchor": {
  "number": 1,
  "turn": {
   "loop": "accounts",
   "number": 0
  }
 },
 "condition": "ucid:0.6963204617503898:accounts",
 "timestamp": 1455043884072,
 "trace": {
  "calls": [
   {
    "name": "getCWStack",
    "source": "http://localhost:8080/causeway/purchase_example/workers/makeCausewayLogger.js",
    "span": [ [ 152, 32 ] ]
   },
   {
    "name": "logger.logFulfilledRecord",
    "source": "http://localhost:8080/causeway/purchase_example/workers/makeCausewayLogger.js",
    "span": [ [ 195, 39 ] ]
   },
   {
    "name": "aelBase.addEventListener",
    "source": "http://localhost:8080/causeway/purchase_example/workers/makeCausewayLogger.js",
    "span": [ [ 288, 13 ] ]
   },
   {
    "name": "?",
    "source": "http://localhost:8080/causeway/purchase_example/workers/wwAccounts.js",
    "span": [ [ 17, 3 ] ]
   },
   {
    "name": "?",
    "source": "http://localhost:8080/causeway/purchase_example/workers/wwAccounts.js",
    "span": [ [ 4, 2 ] ]
   }
  ]
 }
},
{
 "class": [
  "org.ref_send.log.Got",
  "org.ref_send.log.Event"
 ],
 "anchor": {
  "number": 0,
  "turn": {
   "loop": "product",
   "number": 3
  }
 },
 "message": "umid:0.8717623330672502:buyer",
 "timestamp": 1455043884072,
 "trace": {
  "calls": [
   {
    "name": "getCWStack",
    "source": "http://localhost:8080/causeway/purchase_example/workers/makeCausewayLogger.js",
    "span": [ [ 152, 32 ] ]
   },
   {
    "name": "logger.logGotRecord",
    "source": "http://localhost:8080/causeway/purchase_example/workers/makeCausewayLogger.js",
    "span": [ [ 170, 29 ] ]
   },
   {
    "name": "newCallback",
    "source": "http://localhost:8080/causeway/purchase_example/workers/makeCausewayLogger.js",
    "span": [ [ 277, 17 ] ]
   },
   {
    "name": "EventListener.handleEvent*makeCausewayLogger/logger.turnOn/aelBase.addEventListener",
    "source": "http://localhost:8080/causeway/purchase_example/workers/makeCausewayLogger.js",
    "span": [ [ 289, 20 ] ]
   }
  ]
 }
},
{
 "class": [
  "org.ref_send.log.SentIf",
  "org.ref_send.log.Sent",
  "org.ref_send.log.Event"
 ],
 "anchor": {
  "number": 1,
  "turn": {
   "loop": "product",
   "number": 3
  }
 },
 "condition": "ucid:0.8823603042998323:product",
 "message": "umid:0.8780119409354871:product",
 "timestamp": 1455043884072,
 "trace": {
  "calls": [
   {
    "name": "getCWStack",
    "source": "http://localhost:8080/causeway/purchase_example/workers/makeCausewayLogger.js",
    "span": [ [ 152, 32 ] ]
   },
   {
    "name": "logger.logSentIfRecord",
    "source": "http://localhost:8080/causeway/purchase_example/workers/makeCausewayLogger.js",
    "span": [ [ 180, 43 ] ]
   },
   {
    "name": "newCallback",
    "source": "http://localhost:8080/causeway/purchase_example/workers/makeCausewayLogger.js",
    "span": [ [ 281, 15 ] ]
   },
   {
    "name": "EventListener.handleEvent*makeCausewayLogger/logger.turnOn/aelBase.addEventListener",
    "source": "http://localhost:8080/causeway/purchase_example/workers/makeCausewayLogger.js",
    "span": [ [ 289, 20 ] ]
   }
  ]
 }
},
{
 "class": [
  "org.ref_send.log.Got",
  "org.ref_send.log.Event"
 ],
 "anchor": {
  "number": 0,
  "turn": {
   "loop": "product",
   "number": 4
  }
 },
 "message": "umid:0.8780119409354871:product",
 "timestamp": 1455043884073,
 "trace": {
  "calls": [
   {
    "name": "getCWStack",
    "source": "http://localhost:8080/causeway/purchase_example/workers/makeCausewayLogger.js",
    "span": [ [ 152, 32 ] ]
   },
   {
    "name": "logger.logGotRecord",
    "source": "http://localhost:8080/causeway/purchase_example/workers/makeCausewayLogger.js",
    "span": [ [ 170, 29 ] ]
   },
   {
    "name": "newCallback",
    "source": "http://localhost:8080/causeway/purchase_example/workers/makeCausewayLogger.js",
    "span": [ [ 282, 15 ] ]
   },
   {
    "name": "EventListener.handleEvent*makeCausewayLogger/logger.turnOn/aelBase.addEventListener",
    "source": "http://localhost:8080/causeway/purchase_example/workers/makeCausewayLogger.js",
    "span": [ [ 289, 20 ] ]
   }
  ]
 }
},
{
 "class": [
  "org.ref_send.log.Got",
  "org.ref_send.log.Event"
 ],
 "anchor": {
  "number": 0,
  "turn": {
   "loop": "accounts",
   "number": 1
  }
 },
 "message": "umid:0.7148887832536782:buyer",
 "timestamp": 1455043884073,
 "trace": {
  "calls": [
   {
    "name": "getCWStack",
    "source": "http://localhost:8080/causeway/purchase_example/workers/makeCausewayLogger.js",
    "span": [ [ 152, 32 ] ]
   },
   {
    "name": "logger.logGotRecord",
    "source": "http://localhost:8080/causeway/purchase_example/workers/makeCausewayLogger.js",
    "span": [ [ 170, 29 ] ]
   },
   {
    "name": "newCallback",
    "source": "http://localhost:8080/causeway/purchase_example/workers/makeCausewayLogger.js",
    "span": [ [ 277, 17 ] ]
   },
   {
    "name": "EventListener.handleEvent*makeCausewayLogger/logger.turnOn/aelBase.addEventListener",
    "source": "http://localhost:8080/causeway/purchase_example/workers/makeCausewayLogger.js",
    "span": [ [ 289, 20 ] ]
   }
  ]
 }
},
{
 "class": [
  "org.ref_send.log.Sent",
  "org.ref_send.log.Event"
 ],
 "anchor": {
  "number": 1,
  "turn": {
   "loop": "product",
   "number": 4
  }
 },
 "message": "umid:0.9131375306787076:product",
 "timestamp": 1455043884073,
 "trace": {
  "calls": [
   {
    "name": "getCWStack",
    "source": "http://localhost:8080/causeway/purchase_example/workers/makeCausewayLogger.js",
    "span": [ [ 152, 32 ] ]
   },
   {
    "name": "logger.logSentRecord",
    "source": "http://localhost:8080/causeway/purchase_example/workers/makeCausewayLogger.js",
    "span": [ [ 159, 30 ] ]
   },
   {
    "name": "pmBase.postMessage",
    "source": "http://localhost:8080/causeway/purchase_example/workers/makeCausewayLogger.js",
    "span": [ [ 258, 11 ] ]
   },
   {
    "name": "canDeliver",
    "source": "http://localhost:8080/causeway/purchase_example/workers/wwProduct.js",
    "span": [ [ 18, 5 ] ]
   },
   {
    "name": "productRequest",
    "source": "http://localhost:8080/causeway/purchase_example/workers/wwProduct.js",
    "span": [ [ 33, 7 ] ]
   },
   {
    "name": "newCallback",
    "source": "http://localhost:8080/causeway/purchase_example/workers/makeCausewayLogger.js",
    "span": [ [ 284, 20 ] ]
   },
   {
    "name": "EventListener.handleEvent*makeCausewayLogger/logger.turnOn/aelBase.addEventListener",
    "source": "http://localhost:8080/causeway/purchase_example/workers/makeCausewayLogger.js",
    "span": [ [ 289, 20 ] ]
   }
  ]
 }
},
{
 "class": [
  "org.ref_send.log.Got",
  "org.ref_send.log.Event"
 ],
 "anchor": {
  "number": 0,
  "turn": {
   "loop": "buyer",
   "number": 3
  }
 },
 "message": "umid:0.9131375306787076:product",
 "timestamp": 1455043884074,
 "trace": {
  "calls": [
   {
    "name": "getCWStack",
    "source": "http://localhost:8080/causeway/purchase_example/workers/makeCausewayLogger.js",
    "span": [ [ 152, 32 ] ]
   },
   {
    "name": "logger.logGotRecord",
    "source": "http://localhost:8080/causeway/purchase_example/workers/makeCausewayLogger.js",
    "span": [ [ 170, 29 ] ]
   },
   {
    "name": "newCallback",
    "source": "http://localhost:8080/causeway/purchase_example/workers/makeCausewayLogger.js",
    "span": [ [ 277, 17 ] ]
   },
   {
    "name": "EventListener.handleEvent*makeCausewayLogger/logger.turnOn/aelBase.addEventListener",
    "source": "http://localhost:8080/causeway/purchase_example/workers/makeCausewayLogger.js",
    "span": [ [ 289, 20 ] ]
   }
  ]
 }
},
{
 "class": [
  "org.ref_send.log.SentIf",
  "org.ref_send.log.Sent",
  "org.ref_send.log.Event"
 ],
 "anchor": {
  "number": 1,
  "turn": {
   "loop": "buyer",
   "number": 3
  }
 },
 "condition": "ucid:0.12345157522576922:buyer",
 "message": "umid:0.8270173602188292:buyer",
 "timestamp": 1455043884075,
 "trace": {
  "calls": [
   {
    "name": "getCWStack",
    "source": "http://localhost:8080/causeway/purchase_example/workers/makeCausewayLogger.js",
    "span": [ [ 152, 32 ] ]
   },
   {
    "name": "logger.logSentIfRecord",
    "source": "http://localhost:8080/causeway/purchase_example/workers/makeCausewayLogger.js",
    "span": [ [ 180, 43 ] ]
   },
   {
    "name": "newCallback",
    "source": "http://localhost:8080/causeway/purchase_example/workers/makeCausewayLogger.js",
    "span": [ [ 281, 15 ] ]
   },
   {
    "name": "EventListener.handleEvent*makeCausewayLogger/logger.turnOn/aelBase.addEventListener",
    "source": "http://localhost:8080/causeway/purchase_example/workers/makeCausewayLogger.js",
    "span": [ [ 289, 20 ] ]
   }
  ]
 }
},
{
 "class": [
  "org.ref_send.log.Got",
  "org.ref_send.log.Event"
 ],
 "anchor": {
  "number": 0,
  "turn": {
   "loop": "buyer",
   "number": 4
  }
 },
 "message": "umid:0.8270173602188292:buyer",
 "timestamp": 1455043884075,
 "trace": {
  "calls": [
   {
    "name": "getCWStack",
    "source": "http://localhost:8080/causeway/purchase_example/workers/makeCausewayLogger.js",
    "span": [ [ 152, 32 ] ]
   },
   {
    "name": "logger.logGotRecord",
    "source": "http://localhost:8080/causeway/purchase_example/workers/makeCausewayLogger.js",
    "span": [ [ 170, 29 ] ]
   },
   {
    "name": "newCallback",
    "source": "http://localhost:8080/causeway/purchase_example/workers/makeCausewayLogger.js",
    "span": [ [ 282, 15 ] ]
   },
   {
    "name": "EventListener.handleEvent*makeCausewayLogger/logger.turnOn/aelBase.addEventListener",
    "source": "http://localhost:8080/causeway/purchase_example/workers/makeCausewayLogger.js",
    "span": [ [ 289, 20 ] ]
   }
  ]
 }
},
{
 "class": [
  "org.ref_send.log.Sent",
  "org.ref_send.log.Event"
 ],
 "anchor": {
  "number": 1,
  "turn": {
   "loop": "buyer",
   "number": 4
  }
 },
 "message": "umid:0.05976958848762881:buyer",
 "timestamp": 1455043884075,
 "trace": {
  "calls": [
   {
    "name": "getCWStack",
    "source": "http://localhost:8080/causeway/purchase_example/workers/makeCausewayLogger.js",
    "span": [ [ 152, 32 ] ]
   },
   {
    "name": "logger.logSentRecord",
    "source": "http://localhost:8080/causeway/purchase_example/workers/makeCausewayLogger.js",
    "span": [ [ 159, 30 ] ]
   },
   {
    "name": "logger.send",
    "source": "http://localhost:8080/causeway/purchase_example/workers/makeCausewayLogger.js",
    "span": [ [ 214, 9 ] ]
   },
   {
    "name": "productAnswer",
    "source": "http://localhost:8080/causeway/purchase_example/workers/mainBuyer.js",
    "span": [ [ 124, 12 ] ]
   },
   {
    "name": "newCallback",
    "source": "http://localhost:8080/causeway/purchase_example/workers/makeCausewayLogger.js",
    "span": [ [ 284, 20 ] ]
   },
   {
    "name": "EventListener.handleEvent*makeCausewayLogger/logger.turnOn/aelBase.addEventListener",
    "source": "http://localhost:8080/causeway/purchase_example/workers/makeCausewayLogger.js",
    "span": [ [ 289, 20 ] ]
   }
  ]
 }
},
{
 "class": [
  "org.ref_send.log.SentIf",
  "org.ref_send.log.Sent",
  "org.ref_send.log.Event"
 ],
 "anchor": {
  "number": 1,
  "turn": {
   "loop": "accounts",
   "number": 1
  }
 },
 "condition": "ucid:0.6963204617503898:accounts",
 "message": "umid:0.4079654407459643:accounts",
 "timestamp": 1455043884073,
 "trace": {
  "calls": [
   {
    "name": "getCWStack",
    "source": "http://localhost:8080/causeway/purchase_example/workers/makeCausewayLogger.js",
    "span": [ [ 152, 32 ] ]
   },
   {
    "name": "logger.logSentIfRecord",
    "source": "http://localhost:8080/causeway/purchase_example/workers/makeCausewayLogger.js",
    "span": [ [ 180, 43 ] ]
   },
   {
    "name": "newCallback",
    "source": "http://localhost:8080/causeway/purchase_example/workers/makeCausewayLogger.js",
    "span": [ [ 281, 15 ] ]
   },
   {
    "name": "EventListener.handleEvent*makeCausewayLogger/logger.turnOn/aelBase.addEventListener",
    "source": "http://localhost:8080/causeway/purchase_example/workers/makeCausewayLogger.js",
    "span": [ [ 289, 20 ] ]
   }
  ]
 }
},
{
 "class": [
  "org.ref_send.log.Got",
  "org.ref_send.log.Event"
 ],
 "anchor": {
  "number": 0,
  "turn": {
   "loop": "buyer",
   "number": 5
  }
 },
 "message": "umid:0.33769696467589183:buyer",
 "timestamp": 1455043884075,
 "trace": {
  "calls": [
   {
    "name": "getCWStack",
    "source": "http://localhost:8080/causeway/purchase_example/workers/makeCausewayLogger.js",
    "span": [ [ 152, 32 ] ]
   },
   {
    "name": "logger.logGotRecord",
    "source": "http://localhost:8080/causeway/purchase_example/workers/makeCausewayLogger.js",
    "span": [ [ 170, 29 ] ]
   },
   {
    "name": "?",
    "source": "http://localhost:8080/causeway/purchase_example/workers/makeCausewayLogger.js",
    "span": [ [ 216, 11 ] ]
   },
   {
    "name": "setTimeout handler*postpone",
    "source": "http://localhost:8080/causeway/purchase_example/workers/makeCausewayLogger.js",
    "span": [ [ 12, 7 ] ]
   }
  ]
 }
},
{
 "class": [
  "org.ref_send.log.Got",
  "org.ref_send.log.Event"
 ],
 "anchor": {
  "number": 0,
  "turn": {
   "loop": "buyer",
   "number": 6
  }
 },
 "message": "umid:0.05976958848762881:buyer",
 "timestamp": 1455043884075,
 "trace": {
  "calls": [
   {
    "name": "getCWStack",
    "source": "http://localhost:8080/causeway/purchase_example/workers/makeCausewayLogger.js",
    "span": [ [ 152, 32 ] ]
   },
   {
    "name": "logger.logGotRecord",
    "source": "http://localhost:8080/causeway/purchase_example/workers/makeCausewayLogger.js",
    "span": [ [ 170, 29 ] ]
   },
   {
    "name": "?",
    "source": "http://localhost:8080/causeway/purchase_example/workers/makeCausewayLogger.js",
    "span": [ [ 216, 11 ] ]
   },
   {
    "name": "setTimeout handler*postpone",
    "source": "http://localhost:8080/causeway/purchase_example/workers/makeCausewayLogger.js",
    "span": [ [ 12, 7 ] ]
   }
  ]
 }
},
{
 "class": [
  "org.ref_send.log.Got",
  "org.ref_send.log.Event"
 ],
 "anchor": {
  "number": 0,
  "turn": {
   "loop": "accounts",
   "number": 2
  }
 },
 "message": "umid:0.4079654407459643:accounts",
 "timestamp": 1455043884073,
 "trace": {
  "calls": [
   {
    "name": "getCWStack",
    "source": "http://localhost:8080/causeway/purchase_example/workers/makeCausewayLogger.js",
    "span": [ [ 152, 32 ] ]
   },
   {
    "name": "logger.logGotRecord",
    "source": "http://localhost:8080/causeway/purchase_example/workers/makeCausewayLogger.js",
    "span": [ [ 170, 29 ] ]
   },
   {
    "name": "newCallback",
    "source": "http://localhost:8080/causeway/purchase_example/workers/makeCausewayLogger.js",
    "span": [ [ 282, 15 ] ]
   },
   {
    "name": "EventListener.handleEvent*makeCausewayLogger/logger.turnOn/aelBase.addEventListener",
    "source": "http://localhost:8080/causeway/purchase_example/workers/makeCausewayLogger.js",
    "span": [ [ 289, 20 ] ]
   }
  ]
 }
},
{
 "class": [
  "org.ref_send.log.Sent",
  "org.ref_send.log.Event"
 ],
 "anchor": {
  "number": 1,
  "turn": {
   "loop": "accounts",
   "number": 2
  }
 },
 "message": "umid:0.261547583864025:accounts",
 "timestamp": 1455043884074,
 "trace": {
  "calls": [
   {
    "name": "getCWStack",
    "source": "http://localhost:8080/causeway/purchase_example/workers/makeCausewayLogger.js",
    "span": [ [ 152, 32 ] ]
   },
   {
    "name": "logger.logSentRecord",
    "source": "http://localhost:8080/causeway/purchase_example/workers/makeCausewayLogger.js",
    "span": [ [ 159, 30 ] ]
   },
   {
    "name": "pmBase.postMessage",
    "source": "http://localhost:8080/causeway/purchase_example/workers/makeCausewayLogger.js",
    "span": [ [ 258, 11 ] ]
   },
   {
    "name": "doCreditCheck",
    "source": "http://localhost:8080/causeway/purchase_example/workers/wwAccounts.js",
    "span": [ [ 14, 5 ] ]
   },
   {
    "name": "accountsRequest",
    "source": "http://localhost:8080/causeway/purchase_example/workers/wwAccounts.js",
    "span": [ [ 22, 7 ] ]
   },
   {
    "name": "newCallback",
    "source": "http://localhost:8080/causeway/purchase_example/workers/makeCausewayLogger.js",
    "span": [ [ 284, 20 ] ]
   },
   {
    "name": "EventListener.handleEvent*makeCausewayLogger/logger.turnOn/aelBase.addEventListener",
    "source": "http://localhost:8080/causeway/purchase_example/workers/makeCausewayLogger.js",
    "span": [ [ 289, 20 ] ]
   }
  ]
 }
},
{
 "class": [
  "org.ref_send.log.Got",
  "org.ref_send.log.Event"
 ],
 "anchor": {
  "number": 0,
  "turn": {
   "loop": "buyer",
   "number": 7
  }
 },
 "message": "umid:0.261547583864025:accounts",
 "timestamp": 1455043884076,
 "trace": {
  "calls": [
   {
    "name": "getCWStack",
    "source": "http://localhost:8080/causeway/purchase_example/workers/makeCausewayLogger.js",
    "span": [ [ 152, 32 ] ]
   },
   {
    "name": "logger.logGotRecord",
    "source": "http://localhost:8080/causeway/purchase_example/workers/makeCausewayLogger.js",
    "span": [ [ 170, 29 ] ]
   },
   {
    "name": "newCallback",
    "source": "http://localhost:8080/causeway/purchase_example/workers/makeCausewayLogger.js",
    "span": [ [ 277, 17 ] ]
   },
   {
    "name": "EventListener.handleEvent*makeCausewayLogger/logger.turnOn/aelBase.addEventListener",
    "source": "http://localhost:8080/causeway/purchase_example/workers/makeCausewayLogger.js",
    "span": [ [ 289, 20 ] ]
   }
  ]
 }
},
{
 "class": [
  "org.ref_send.log.SentIf",
  "org.ref_send.log.Sent",
  "org.ref_send.log.Event"
 ],
 "anchor": {
  "number": 1,
  "turn": {
   "loop": "buyer",
   "number": 7
  }
 },
 "condition": "ucid:0.7755537209421752:buyer",
 "message": "umid:0.6748742509575454:buyer",
 "timestamp": 1455043884076,
 "trace": {
  "calls": [
   {
    "name": "getCWStack",
    "source": "http://localhost:8080/causeway/purchase_example/workers/makeCausewayLogger.js",
    "span": [ [ 152, 32 ] ]
   },
   {
    "name": "logger.logSentIfRecord",
    "source": "http://localhost:8080/causeway/purchase_example/workers/makeCausewayLogger.js",
    "span": [ [ 180, 43 ] ]
   },
   {
    "name": "newCallback",
    "source": "http://localhost:8080/causeway/purchase_example/workers/makeCausewayLogger.js",
    "span": [ [ 281, 15 ] ]
   },
   {
    "name": "EventListener.handleEvent*makeCausewayLogger/logger.turnOn/aelBase.addEventListener",
    "source": "http://localhost:8080/causeway/purchase_example/workers/makeCausewayLogger.js",
    "span": [ [ 289, 20 ] ]
   }
  ]
 }
},
{
 "class": [
  "org.ref_send.log.Got",
  "org.ref_send.log.Event"
 ],
 "anchor": {
  "number": 0,
  "turn": {
   "loop": "buyer",
   "number": 8
  }
 },
 "message": "umid:0.6748742509575454:buyer",
 "timestamp": 1455043884076,
 "trace": {
  "calls": [
   {
    "name": "getCWStack",
    "source": "http://localhost:8080/causeway/purchase_example/workers/makeCausewayLogger.js",
    "span": [ [ 152, 32 ] ]
   },
   {
    "name": "logger.logGotRecord",
    "source": "http://localhost:8080/causeway/purchase_example/workers/makeCausewayLogger.js",
    "span": [ [ 170, 29 ] ]
   },
   {
    "name": "newCallback",
    "source": "http://localhost:8080/causeway/purchase_example/workers/makeCausewayLogger.js",
    "span": [ [ 282, 15 ] ]
   },
   {
    "name": "EventListener.handleEvent*makeCausewayLogger/logger.turnOn/aelBase.addEventListener",
    "source": "http://localhost:8080/causeway/purchase_example/workers/makeCausewayLogger.js",
    "span": [ [ 289, 20 ] ]
   }
  ]
 }
},
{
 "class": [
  "org.ref_send.log.Sent",
  "org.ref_send.log.Event"
 ],
 "anchor": {
  "number": 1,
  "turn": {
   "loop": "buyer",
   "number": 8
  }
 },
 "message": "umid:0.8760609843286898:buyer",
 "timestamp": 1455043884076,
 "trace": {
  "calls": [
   {
    "name": "getCWStack",
    "source": "http://localhost:8080/causeway/purchase_example/workers/makeCausewayLogger.js",
    "span": [ [ 152, 32 ] ]
   },
   {
    "name": "logger.logSentRecord",
    "source": "http://localhost:8080/causeway/purchase_example/workers/makeCausewayLogger.js",
    "span": [ [ 159, 30 ] ]
   },
   {
    "name": "logger.send",
    "source": "http://localhost:8080/causeway/purchase_example/workers/makeCausewayLogger.js",
    "span": [ [ 214, 9 ] ]
   },
   {
    "name": "accountsAnswer",
    "source": "http://localhost:8080/causeway/purchase_example/workers/mainBuyer.js",
    "span": [ [ 147, 12 ] ]
   },
   {
    "name": "newCallback",
    "source": "http://localhost:8080/causeway/purchase_example/workers/makeCausewayLogger.js",
    "span": [ [ 284, 20 ] ]
   },
   {
    "name": "EventListener.handleEvent*makeCausewayLogger/logger.turnOn/aelBase.addEventListener",
    "source": "http://localhost:8080/causeway/purchase_example/workers/makeCausewayLogger.js",
    "span": [ [ 289, 20 ] ]
   }
  ]
 }
},
{
 "class": [
  "org.ref_send.log.Got",
  "org.ref_send.log.Event"
 ],
 "anchor": {
  "number": 0,
  "turn": {
   "loop": "buyer",
   "number": 9
  }
 },
 "message": "umid:0.8760609843286898:buyer",
 "timestamp": 1455043884076,
 "trace": {
  "calls": [
   {
    "name": "getCWStack",
    "source": "http://localhost:8080/causeway/purchase_example/workers/makeCausewayLogger.js",
    "span": [ [ 152, 32 ] ]
   },
   {
    "name": "logger.logGotRecord",
    "source": "http://localhost:8080/causeway/purchase_example/workers/makeCausewayLogger.js",
    "span": [ [ 170, 29 ] ]
   },
   {
    "name": "?",
    "source": "http://localhost:8080/causeway/purchase_example/workers/makeCausewayLogger.js",
    "span": [ [ 216, 11 ] ]
   },
   {
    "name": "setTimeout handler*postpone",
    "source": "http://localhost:8080/causeway/purchase_example/workers/makeCausewayLogger.js",
    "span": [ [ 12, 7 ] ]
   }
  ]
 }
},
{
 "class": [
  "org.ref_send.log.Sent",
  "org.ref_send.log.Event"
 ],
 "anchor": {
  "number": 1,
  "turn": {
   "loop": "buyer",
   "number": 9
  }
 },
 "message": "umid:0.9247593629861502:buyer",
 "timestamp": 1455043884077,
 "trace": {
  "calls": [
   {
    "name": "getCWStack",
    "source": "http://localhost:8080/causeway/purchase_example/workers/makeCausewayLogger.js",
    "span": [ [ 152, 32 ] ]
   },
   {
    "name": "logger.logSentRecord",
    "source": "http://localhost:8080/causeway/purchase_example/workers/makeCausewayLogger.js",
    "span": [ [ 159, 30 ] ]
   },
   {
    "name": "logger.send",
    "source": "http://localhost:8080/causeway/purchase_example/workers/makeCausewayLogger.js",
    "span": [ [ 214, 9 ] ]
   },
   {
    "name": "teller.run",
    "source": "http://localhost:8080/causeway/purchase_example/workers/asyncAnd.js",
    "span": [ [ 28, 14 ] ]
   },
   {
    "name": "?",
    "source": "http://localhost:8080/causeway/purchase_example/workers/makeCausewayLogger.js",
    "span": [ [ 217, 11 ] ]
   },
   {
    "name": "setTimeout handler*postpone",
    "source": "http://localhost:8080/causeway/purchase_example/workers/makeCausewayLogger.js",
    "span": [ [ 12, 7 ] ]
   }
  ]
 }
},
{
 "class": [
  "org.ref_send.log.Got",
  "org.ref_send.log.Event"
 ],
 "anchor": {
  "number": 0,
  "turn": {
   "loop": "buyer",
   "number": 10
  }
 },
 "message": "umid:0.9247593629861502:buyer",
 "timestamp": 1455043884077,
 "trace": {
  "calls": [
   {
    "name": "getCWStack",
    "source": "http://localhost:8080/causeway/purchase_example/workers/makeCausewayLogger.js",
    "span": [ [ 152, 32 ] ]
   },
   {
    "name": "logger.logGotRecord",
    "source": "http://localhost:8080/causeway/purchase_example/workers/makeCausewayLogger.js",
    "span": [ [ 170, 29 ] ]
   },
   {
    "name": "?",
    "source": "http://localhost:8080/causeway/purchase_example/workers/makeCausewayLogger.js",
    "span": [ [ 216, 11 ] ]
   },
   {
    "name": "setTimeout handler*postpone",
    "source": "http://localhost:8080/causeway/purchase_example/workers/makeCausewayLogger.js",
    "span": [ [ 12, 7 ] ]
   }
  ]
 }
},
{
 "class": [
  "org.ref_send.log.Comment",
  "org.ref_send.log.Event"
 ],
 "anchor": {
  "number": 1,
  "turn": {
   "loop": "buyer",
   "number": 10
  }
 },
 "text": "All queries answered true",
 "timestamp": 1455043884077,
 "trace": {
  "calls": [
   {
    "name": "getCWStack",
    "source": "http://localhost:8080/causeway/purchase_example/workers/makeCausewayLogger.js",
    "span": [ [ 152, 32 ] ]
   },
   {
    "name": "logger.logCommentRecord",
    "source": "http://localhost:8080/causeway/purchase_example/workers/makeCausewayLogger.js",
    "span": [ [ 175, 32 ] ]
   },
   {
    "name": "checkAnswers.run",
    "source": "http://localhost:8080/causeway/purchase_example/workers/mainBuyer.js",
    "span": [ [ 101, 12 ] ]
   },
   {
    "name": "?",
    "source": "http://localhost:8080/causeway/purchase_example/workers/makeCausewayLogger.js",
    "span": [ [ 217, 11 ] ]
   },
   {
    "name": "setTimeout handler*postpone",
    "source": "http://localhost:8080/causeway/purchase_example/workers/makeCausewayLogger.js",
    "span": [ [ 12, 7 ] ]
   }
  ]
 }
},
{
 "class": [
  "org.ref_send.log.Sent",
  "org.ref_send.log.Event"
 ],
 "anchor": {
  "number": 2,
  "turn": {
   "loop": "buyer",
   "number": 10
  }
 },
 "message": "umid:0.2937999469110383:buyer",
 "timestamp": 1455043884077,
 "trace": {
  "calls": [
   {
    "name": "getCWStack",
    "source": "http://localhost:8080/causeway/purchase_example/workers/makeCausewayLogger.js",
    "span": [ [ 152, 32 ] ]
   },
   {
    "name": "logger.logSentRecord",
    "source": "http://localhost:8080/causeway/purchase_example/workers/makeCausewayLogger.js",
    "span": [ [ 159, 30 ] ]
   },
   {
    "name": "pmBase.postMessage",
    "source": "http://localhost:8080/causeway/purchase_example/workers/makeCausewayLogger.js",
    "span": [ [ 258, 11 ] ]
   },
   {
    "name": "checkAnswers.run",
    "source": "http://localhost:8080/causeway/purchase_example/workers/mainBuyer.js",
    "span": [ [ 102, 12 ] ]
   },
   {
    "name": "?",
    "source": "http://localhost:8080/causeway/purchase_example/workers/makeCausewayLogger.js",
    "span": [ [ 217, 11 ] ]
   },
   {
    "name": "setTimeout handler*postpone",
    "source": "http://localhost:8080/causeway/purchase_example/workers/makeCausewayLogger.js",
    "span": [ [ 12, 7 ] ]
   }
  ]
 }
},
{
 "class": [
  "org.ref_send.log.Got",
  "org.ref_send.log.Event"
 ],
 "anchor": {
  "number": 0,
  "turn": {
   "loop": "product",
   "number": 5
  }
 },
 "message": "umid:0.2937999469110383:buyer",
 "timestamp": 1455043884077,
 "trace": {
  "calls": [
   {
    "name": "getCWStack",
    "source": "http://localhost:8080/causeway/purchase_example/workers/makeCausewayLogger.js",
    "span": [ [ 152, 32 ] ]
   },
   {
    "name": "logger.logGotRecord",
    "source": "http://localhost:8080/causeway/purchase_example/workers/makeCausewayLogger.js",
    "span": [ [ 170, 29 ] ]
   },
   {
    "name": "newCallback",
    "source": "http://localhost:8080/causeway/purchase_example/workers/makeCausewayLogger.js",
    "span": [ [ 277, 17 ] ]
   },
   {
    "name": "EventListener.handleEvent*makeCausewayLogger/logger.turnOn/aelBase.addEventListener",
    "source": "http://localhost:8080/causeway/purchase_example/workers/makeCausewayLogger.js",
    "span": [ [ 289, 20 ] ]
   }
  ]
 }
},
{
 "class": [
  "org.ref_send.log.SentIf",
  "org.ref_send.log.Sent",
  "org.ref_send.log.Event"
 ],
 "anchor": {
  "number": 1,
  "turn": {
   "loop": "product",
   "number": 5
  }
 },
 "condition": "ucid:0.8823603042998323:product",
 "message": "umid:0.05241102222070637:product",
 "timestamp": 1455043884078,
 "trace": {
  "calls": [
   {
    "name": "getCWStack",
    "source": "http://localhost:8080/causeway/purchase_example/workers/makeCausewayLogger.js",
    "span": [ [ 152, 32 ] ]
   },
   {
    "name": "logger.logSentIfRecord",
    "source": "http://localhost:8080/causeway/purchase_example/workers/makeCausewayLogger.js",
    "span": [ [ 180, 43 ] ]
   },
   {
    "name": "newCallback",
    "source": "http://localhost:8080/causeway/purchase_example/workers/makeCausewayLogger.js",
    "span": [ [ 281, 15 ] ]
   },
   {
    "name": "EventListener.handleEvent*makeCausewayLogger/logger.turnOn/aelBase.addEventListener",
    "source": "http://localhost:8080/causeway/purchase_example/workers/makeCausewayLogger.js",
    "span": [ [ 289, 20 ] ]
   }
  ]
 }
},
{
 "class": [
  "org.ref_send.log.Got",
  "org.ref_send.log.Event"
 ],
 "anchor": {
  "number": 0,
  "turn": {
   "loop": "product",
   "number": 6
  }
 },
 "message": "umid:0.05241102222070637:product",
 "timestamp": 1455043884078,
 "trace": {
  "calls": [
   {
    "name": "getCWStack",
    "source": "http://localhost:8080/causeway/purchase_example/workers/makeCausewayLogger.js",
    "span": [ [ 152, 32 ] ]
   },
   {
    "name": "logger.logGotRecord",
    "source": "http://localhost:8080/causeway/purchase_example/workers/makeCausewayLogger.js",
    "span": [ [ 170, 29 ] ]
   },
   {
    "name": "newCallback",
    "source": "http://localhost:8080/causeway/purchase_example/workers/makeCausewayLogger.js",
    "span": [ [ 282, 15 ] ]
   },
   {
    "name": "EventListener.handleEvent*makeCausewayLogger/logger.turnOn/aelBase.addEventListener",
    "source": "http://localhost:8080/causeway/purchase_example/workers/makeCausewayLogger.js",
    "span": [ [ 289, 20 ] ]
   }
  ]
 }
},
{
 "class": [
  "org.ref_send.log.Sent",
  "org.ref_send.log.Event"
 ],
 "anchor": {
  "number": 1,
  "turn": {
   "loop": "product",
   "number": 6
  }
 },
 "message": "umid:0.44384144281141813:product",
 "timestamp": 1455043884078,
 "trace": {
  "calls": [
   {
    "name": "getCWStack",
    "source": "http://localhost:8080/causeway/purchase_example/workers/makeCausewayLogger.js",
    "span": [ [ 152, 32 ] ]
   },
   {
    "name": "logger.logSentRecord",
    "source": "http://localhost:8080/causeway/purchase_example/workers/makeCausewayLogger.js",
    "span": [ [ 159, 30 ] ]
   },
   {
    "name": "pmBase.postMessage",
    "source": "http://localhost:8080/causeway/purchase_example/workers/makeCausewayLogger.js",
    "span": [ [ 258, 11 ] ]
   },
   {
    "name": "placeOrder",
    "source": "http://localhost:8080/causeway/purchase_example/workers/wwProduct.js",
    "span": [ [ 22, 5 ] ]
   },
   {
    "name": "productRequest",
    "source": "http://localhost:8080/causeway/purchase_example/workers/wwProduct.js",
    "span": [ [ 36, 7 ] ]
   },
   {
    "name": "newCallback",
    "source": "http://localhost:8080/causeway/purchase_example/workers/makeCausewayLogger.js",
    "span": [ [ 284, 20 ] ]
   },
   {
    "name": "EventListener.handleEvent*makeCausewayLogger/logger.turnOn/aelBase.addEventListener",
    "source": "http://localhost:8080/causeway/purchase_example/workers/makeCausewayLogger.js",
    "span": [ [ 289, 20 ] ]
   }
  ]
 }
},
{
 "class": [
  "org.ref_send.log.Got",
  "org.ref_send.log.Event"
 ],
 "anchor": {
  "number": 0,
  "turn": {
   "loop": "buyer",
   "number": 11
  }
 },
 "message": "umid:0.44384144281141813:product",
 "timestamp": 1455043884079,
 "trace": {
  "calls": [
   {
    "name": "getCWStack",
    "source": "http://localhost:8080/causeway/purchase_example/workers/makeCausewayLogger.js",
    "span": [ [ 152, 32 ] ]
   },
   {
    "name": "logger.logGotRecord",
    "source": "http://localhost:8080/causeway/purchase_example/workers/makeCausewayLogger.js",
    "span": [ [ 170, 29 ] ]
   },
   {
    "name": "newCallback",
    "source": "http://localhost:8080/causeway/purchase_example/workers/makeCausewayLogger.js",
    "span": [ [ 277, 17 ] ]
   },
   {
    "name": "EventListener.handleEvent*makeCausewayLogger/logger.turnOn/aelBase.addEventListener",
    "source": "http://localhost:8080/causeway/purchase_example/workers/makeCausewayLogger.js",
    "span": [ [ 289, 20 ] ]
   }
  ]
 }
},
{
 "class": [
  "org.ref_send.log.SentIf",
  "org.ref_send.log.Sent",
  "org.ref_send.log.Event"
 ],
 "anchor": {
  "number": 1,
  "turn": {
   "loop": "buyer",
   "number": 11
  }
 },
 "condition": "ucid:0.12345157522576922:buyer",
 "message": "umid:0.5141081395963226:buyer",
 "timestamp": 1455043884079,
 "trace": {
  "calls": [
   {
    "name": "getCWStack",
    "source": "http://localhost:8080/causeway/purchase_example/workers/makeCausewayLogger.js",
    "span": [ [ 152, 32 ] ]
   },
   {
    "name": "logger.logSentIfRecord",
    "source": "http://localhost:8080/causeway/purchase_example/workers/makeCausewayLogger.js",
    "span": [ [ 180, 43 ] ]
   },
   {
    "name": "newCallback",
    "source": "http://localhost:8080/causeway/purchase_example/workers/makeCausewayLogger.js",
    "span": [ [ 281, 15 ] ]
   },
   {
    "name": "EventListener.handleEvent*makeCausewayLogger/logger.turnOn/aelBase.addEventListener",
    "source": "http://localhost:8080/causeway/purchase_example/workers/makeCausewayLogger.js",
    "span": [ [ 289, 20 ] ]
   }
  ]
 }
},
{
 "class": [
  "org.ref_send.log.Got",
  "org.ref_send.log.Event"
 ],
 "anchor": {
  "number": 0,
  "turn": {
   "loop": "buyer",
   "number": 12
  }
 },
 "message": "umid:0.5141081395963226:buyer",
 "timestamp": 1455043884079,
 "trace": {
  "calls": [
   {
    "name": "getCWStack",
    "source": "http://localhost:8080/causeway/purchase_example/workers/makeCausewayLogger.js",
    "span": [ [ 152, 32 ] ]
   },
   {
    "name": "logger.logGotRecord",
    "source": "http://localhost:8080/causeway/purchase_example/workers/makeCausewayLogger.js",
    "span": [ [ 170, 29 ] ]
   },
   {
    "name": "newCallback",
    "source": "http://localhost:8080/causeway/purchase_example/workers/makeCausewayLogger.js",
    "span": [ [ 282, 15 ] ]
   },
   {
    "name": "EventListener.handleEvent*makeCausewayLogger/logger.turnOn/aelBase.addEventListener",
    "source": "http://localhost:8080/causeway/purchase_example/workers/makeCausewayLogger.js",
    "span": [ [ 289, 20 ] ]
   }
  ]
 }
},
{
 "class": [
  "org.ref_send.log.Sent",
  "org.ref_send.log.Event"
 ],
 "anchor": {
  "number": 1,
  "turn": {
   "loop": "buyer",
   "number": 12
  }
 },
 "message": "umid:0.6145220117022783:buyer",
 "timestamp": 1455043884079,
 "trace": {
  "calls": [
   {
    "name": "getCWStack",
    "source": "http://localhost:8080/causeway/purchase_example/workers/makeCausewayLogger.js",
    "span": [ [ 152, 32 ] ]
   },
   {
    "name": "logger.logSentRecord",
    "source": "http://localhost:8080/causeway/purchase_example/workers/makeCausewayLogger.js",
    "span": [ [ 159, 30 ] ]
   },
   {
    "name": "logger.send",
    "source": "http://localhost:8080/causeway/purchase_example/workers/makeCausewayLogger.js",
    "span": [ [ 214, 9 ] ]
   },
   {
    "name": "productAnswer",
    "source": "http://localhost:8080/causeway/purchase_example/workers/mainBuyer.js",
    "span": [ [ 129, 12 ] ]
   },
   {
    "name": "newCallback",
    "source": "http://localhost:8080/causeway/purchase_example/workers/makeCausewayLogger.js",
    "span": [ [ 284, 20 ] ]
   },
   {
    "name": "EventListener.handleEvent*makeCausewayLogger/logger.turnOn/aelBase.addEventListener",
    "source": "http://localhost:8080/causeway/purchase_example/workers/makeCausewayLogger.js",
    "span": [ [ 289, 20 ] ]
   }
  ]
 }
},
{
 "class": [
  "org.ref_send.log.Got",
  "org.ref_send.log.Event"
 ],
 "anchor": {
  "number": 0,
  "turn": {
   "loop": "buyer",
   "number": 13
  }
 },
 "message": "umid:0.6145220117022783:buyer",
 "timestamp": 1455043884079,
 "trace": {
  "calls": [
   {
    "name": "getCWStack",
    "source": "http://localhost:8080/causeway/purchase_example/workers/makeCausewayLogger.js",
    "span": [ [ 152, 32 ] ]
   },
   {
    "name": "logger.logGotRecord",
    "source": "http://localhost:8080/causeway/purchase_example/workers/makeCausewayLogger.js",
    "span": [ [ 170, 29 ] ]
   },
   {
    "name": "?",
    "source": "http://localhost:8080/causeway/purchase_example/workers/makeCausewayLogger.js",
    "span": [ [ 216, 11 ] ]
   },
   {
    "name": "setTimeout handler*postpone",
    "source": "http://localhost:8080/causeway/purchase_example/workers/makeCausewayLogger.js",
    "span": [ [ 12, 7 ] ]
   }
  ]
 }
},
{
 "class": [
  "org.ref_send.log.Comment",
  "org.ref_send.log.Event"
 ],
 "anchor": {
  "number": 1,
  "turn": {
   "loop": "buyer",
   "number": 13
  }
 },
 "text": "Order placed for West Coast Buyers",
 "timestamp": 1455043884079,
 "trace": {
  "calls": [
   {
    "name": "getCWStack",
    "source": "http://localhost:8080/causeway/purchase_example/workers/makeCausewayLogger.js",
    "span": [ [ 152, 32 ] ]
   },
   {
    "name": "logger.logCommentRecord",
    "source": "http://localhost:8080/causeway/purchase_example/workers/makeCausewayLogger.js",
    "span": [ [ 175, 32 ] ]
   },
   {
    "name": "reporter.run",
    "source": "http://localhost:8080/causeway/purchase_example/workers/mainBuyer.js",
    "span": [ [ 90, 12 ] ]
   },
   {
    "name": "?",
    "source": "http://localhost:8080/causeway/purchase_example/workers/makeCausewayLogger.js",
    "span": [ [ 217, 11 ] ]
   },
   {
    "name": "setTimeout handler*postpone",
    "source": "http://localhost:8080/causeway/purchase_example/workers/makeCausewayLogger.js",
    "span": [ [ 12, 7 ] ]
   }
  ]
 }
}]



