

[{
 "class": [
  "org.ref_send.log.Sent",
  "org.ref_send.log.Event"
 ],
 "anchor": {
  "number": 1,
  "turn": {
   "loop": "buyer",
   "number": 0
  }
 },
 "message": "umid:0.5859326645731926:buyer",
 "timestamp": 1455048126400,
 "trace": {
  "calls": [
   {
    "name": "getCWStack",
    "source": "https://rawgit.com/cocoonfx/causeway/master/src/js/com/teleometry/causeway/purchase_example/workers/makeCausewayLogger.js",
    "span": [ [ 152, 41 ] ]
   },
   {
    "name": "logSentRecord",
    "source": "https://rawgit.com/cocoonfx/causeway/master/src/js/com/teleometry/causeway/purchase_example/workers/makeCausewayLogger.js",
    "span": [ [ 159, 40 ] ]
   },
   {
    "name": "postMessage",
    "source": "https://rawgit.com/cocoonfx/causeway/master/src/js/com/teleometry/causeway/purchase_example/workers/makeCausewayLogger.js",
    "span": [ [ 258, 31 ] ]
   },
   {
    "name": "doWebWorkersTest",
    "source": "https://rawgit.com/cocoonfx/causeway/master/src/js/com/teleometry/causeway/purchase_example/workers/mainBuyer.js",
    "span": [ [ 114, 25 ] ]
   },
   {
    "name": "onload",
    "source": "https://rawgit.com/cocoonfx/causeway/master/src/js/com/teleometry/workersExample.html",
    "span": [ [ 8, 17 ] ]
   }
  ]
 }
},
{
 "class": [
  "org.ref_send.log.Sent",
  "org.ref_send.log.Event"
 ],
 "anchor": {
  "number": 2,
  "turn": {
   "loop": "buyer",
   "number": 0
  }
 },
 "message": "umid:0.7679403370711952:buyer",
 "timestamp": 1455048126401,
 "trace": {
  "calls": [
   {
    "name": "getCWStack",
    "source": "https://rawgit.com/cocoonfx/causeway/master/src/js/com/teleometry/causeway/purchase_example/workers/makeCausewayLogger.js",
    "span": [ [ 152, 41 ] ]
   },
   {
    "name": "logSentRecord",
    "source": "https://rawgit.com/cocoonfx/causeway/master/src/js/com/teleometry/causeway/purchase_example/workers/makeCausewayLogger.js",
    "span": [ [ 159, 40 ] ]
   },
   {
    "name": "postMessage",
    "source": "https://rawgit.com/cocoonfx/causeway/master/src/js/com/teleometry/causeway/purchase_example/workers/makeCausewayLogger.js",
    "span": [ [ 258, 31 ] ]
   },
   {
    "name": "doWebWorkersTest",
    "source": "https://rawgit.com/cocoonfx/causeway/master/src/js/com/teleometry/causeway/purchase_example/workers/mainBuyer.js",
    "span": [ [ 115, 26 ] ]
   },
   {
    "name": "onload",
    "source": "https://rawgit.com/cocoonfx/causeway/master/src/js/com/teleometry/workersExample.html",
    "span": [ [ 8, 17 ] ]
   }
  ]
 }
},
{
 "class": [
  "org.ref_send.log.Sent",
  "org.ref_send.log.Event"
 ],
 "anchor": {
  "number": 3,
  "turn": {
   "loop": "buyer",
   "number": 0
  }
 },
 "message": "umid:0.5907082804478705:buyer",
 "timestamp": 1455048126402,
 "trace": {
  "calls": [
   {
    "name": "getCWStack",
    "source": "https://rawgit.com/cocoonfx/causeway/master/src/js/com/teleometry/causeway/purchase_example/workers/makeCausewayLogger.js",
    "span": [ [ 152, 41 ] ]
   },
   {
    "name": "logSentRecord",
    "source": "https://rawgit.com/cocoonfx/causeway/master/src/js/com/teleometry/causeway/purchase_example/workers/makeCausewayLogger.js",
    "span": [ [ 159, 40 ] ]
   },
   {
    "name": "postMessage",
    "source": "https://rawgit.com/cocoonfx/causeway/master/src/js/com/teleometry/causeway/purchase_example/workers/makeCausewayLogger.js",
    "span": [ [ 258, 31 ] ]
   },
   {
    "name": "doWebWorkersTest",
    "source": "https://rawgit.com/cocoonfx/causeway/master/src/js/com/teleometry/causeway/purchase_example/workers/mainBuyer.js",
    "span": [ [ 116, 25 ] ]
   },
   {
    "name": "onload",
    "source": "https://rawgit.com/cocoonfx/causeway/master/src/js/com/teleometry/workersExample.html",
    "span": [ [ 8, 17 ] ]
   }
  ]
 }
},
{
 "class": [
  "org.ref_send.log.Fulfilled",
  "org.ref_send.log.Resolved",
  "org.ref_send.log.Event"
 ],
 "anchor": {
  "number": 4,
  "turn": {
   "loop": "buyer",
   "number": 0
  }
 },
 "condition": "ucid:0.10135099035687745:buyer",
 "timestamp": 1455048126402,
 "trace": {
  "calls": [
   {
    "name": "getCWStack",
    "source": "https://rawgit.com/cocoonfx/causeway/master/src/js/com/teleometry/causeway/purchase_example/workers/makeCausewayLogger.js",
    "span": [ [ 152, 41 ] ]
   },
   {
    "name": "logFulfilledRecord",
    "source": "https://rawgit.com/cocoonfx/causeway/master/src/js/com/teleometry/causeway/purchase_example/workers/makeCausewayLogger.js",
    "span": [ [ 195, 49 ] ]
   },
   {
    "name": "addEventListener",
    "source": "https://rawgit.com/cocoonfx/causeway/master/src/js/com/teleometry/causeway/purchase_example/workers/makeCausewayLogger.js",
    "span": [ [ 288, 38 ] ]
   },
   {
    "name": "doWebWorkersTest",
    "source": "https://rawgit.com/cocoonfx/causeway/master/src/js/com/teleometry/causeway/purchase_example/workers/mainBuyer.js",
    "span": [ [ 118, 30 ] ]
   },
   {
    "name": "onload",
    "source": "https://rawgit.com/cocoonfx/causeway/master/src/js/com/teleometry/workersExample.html",
    "span": [ [ 8, 17 ] ]
   }
  ]
 }
},
{
 "class": [
  "org.ref_send.log.Fulfilled",
  "org.ref_send.log.Resolved",
  "org.ref_send.log.Event"
 ],
 "anchor": {
  "number": 5,
  "turn": {
   "loop": "buyer",
   "number": 0
  }
 },
 "condition": "ucid:0.6833311105147004:buyer",
 "timestamp": 1455048126403,
 "trace": {
  "calls": [
   {
    "name": "getCWStack",
    "source": "https://rawgit.com/cocoonfx/causeway/master/src/js/com/teleometry/causeway/purchase_example/workers/makeCausewayLogger.js",
    "span": [ [ 152, 41 ] ]
   },
   {
    "name": "logFulfilledRecord",
    "source": "https://rawgit.com/cocoonfx/causeway/master/src/js/com/teleometry/causeway/purchase_example/workers/makeCausewayLogger.js",
    "span": [ [ 195, 49 ] ]
   },
   {
    "name": "addEventListener",
    "source": "https://rawgit.com/cocoonfx/causeway/master/src/js/com/teleometry/causeway/purchase_example/workers/makeCausewayLogger.js",
    "span": [ [ 288, 38 ] ]
   },
   {
    "name": "doWebWorkersTest",
    "source": "https://rawgit.com/cocoonfx/causeway/master/src/js/com/teleometry/causeway/purchase_example/workers/mainBuyer.js",
    "span": [ [ 142, 31 ] ]
   },
   {
    "name": "onload",
    "source": "https://rawgit.com/cocoonfx/causeway/master/src/js/com/teleometry/workersExample.html",
    "span": [ [ 8, 17 ] ]
   }
  ]
 }
},
{
 "class": [
  "org.ref_send.log.Fulfilled",
  "org.ref_send.log.Resolved",
  "org.ref_send.log.Event"
 ],
 "anchor": {
  "number": 1,
  "turn": {
   "loop": "product",
   "number": 0
  }
 },
 "condition": "ucid:0.17313490458764136:product",
 "timestamp": 1455048126410,
 "trace": {
  "calls": [
   {
    "name": "getCWStack",
    "source": "https://rawgit.com/cocoonfx/causeway/master/src/js/com/teleometry/causeway/purchase_example/workers/makeCausewayLogger.js",
    "span": [ [ 152, 41 ] ]
   },
   {
    "name": "logFulfilledRecord",
    "source": "https://rawgit.com/cocoonfx/causeway/master/src/js/com/teleometry/causeway/purchase_example/workers/makeCausewayLogger.js",
    "span": [ [ 195, 49 ] ]
   },
   {
    "name": "addEventListener",
    "source": "https://rawgit.com/cocoonfx/causeway/master/src/js/com/teleometry/causeway/purchase_example/workers/makeCausewayLogger.js",
    "span": [ [ 288, 38 ] ]
   },
   {
    "name": "?",
    "source": "https://rawgit.com/cocoonfx/causeway/master/src/js/com/teleometry/causeway/purchase_example/workers/wwProduct.js",
    "span": [ [ 25, 24 ] ]
   },
   {
    "name": "global code",
    "source": "https://rawgit.com/cocoonfx/causeway/master/src/js/com/teleometry/causeway/purchase_example/workers/wwProduct.js",
    "span": [ [ 42, 3 ] ]
   }
  ]
 }
},
{
 "class": [
  "org.ref_send.log.Fulfilled",
  "org.ref_send.log.Resolved",
  "org.ref_send.log.Event"
 ],
 "anchor": {
  "number": 1,
  "turn": {
   "loop": "accounts",
   "number": 0
  }
 },
 "condition": "ucid:0.21763319266028702:accounts",
 "timestamp": 1455048126410,
 "trace": {
  "calls": [
   {
    "name": "getCWStack",
    "source": "https://rawgit.com/cocoonfx/causeway/master/src/js/com/teleometry/causeway/purchase_example/workers/makeCausewayLogger.js",
    "span": [ [ 152, 41 ] ]
   },
   {
    "name": "logFulfilledRecord",
    "source": "https://rawgit.com/cocoonfx/causeway/master/src/js/com/teleometry/causeway/purchase_example/workers/makeCausewayLogger.js",
    "span": [ [ 195, 49 ] ]
   },
   {
    "name": "addEventListener",
    "source": "https://rawgit.com/cocoonfx/causeway/master/src/js/com/teleometry/causeway/purchase_example/workers/makeCausewayLogger.js",
    "span": [ [ 288, 38 ] ]
   },
   {
    "name": "?",
    "source": "https://rawgit.com/cocoonfx/causeway/master/src/js/com/teleometry/causeway/purchase_example/workers/wwAccounts.js",
    "span": [ [ 17, 24 ] ]
   },
   {
    "name": "global code",
    "source": "https://rawgit.com/cocoonfx/causeway/master/src/js/com/teleometry/causeway/purchase_example/workers/wwAccounts.js",
    "span": [ [ 28, 3 ] ]
   }
  ]
 }
},
{
 "class": [
  "org.ref_send.log.Got",
  "org.ref_send.log.Event"
 ],
 "anchor": {
  "number": 0,
  "turn": {
   "loop": "accounts",
   "number": 1
  }
 },
 "message": "umid:0.7679403370711952:buyer",
 "timestamp": 1455048126411,
 "trace": {
  "calls": [
   {
    "name": "getCWStack",
    "source": "https://rawgit.com/cocoonfx/causeway/master/src/js/com/teleometry/causeway/purchase_example/workers/makeCausewayLogger.js",
    "span": [ [ 152, 41 ] ]
   },
   {
    "name": "logGotRecord",
    "source": "https://rawgit.com/cocoonfx/causeway/master/src/js/com/teleometry/causeway/purchase_example/workers/makeCausewayLogger.js",
    "span": [ [ 170, 39 ] ]
   },
   {
    "name": "newCallback",
    "source": "https://rawgit.com/cocoonfx/causeway/master/src/js/com/teleometry/causeway/purchase_example/workers/makeCausewayLogger.js",
    "span": [ [ 277, 36 ] ]
   }
  ]
 }
},
{
 "class": [
  "org.ref_send.log.Got",
  "org.ref_send.log.Event"
 ],
 "anchor": {
  "number": 0,
  "turn": {
   "loop": "product",
   "number": 1
  }
 },
 "message": "umid:0.5859326645731926:buyer",
 "timestamp": 1455048126411,
 "trace": {
  "calls": [
   {
    "name": "getCWStack",
    "source": "https://rawgit.com/cocoonfx/causeway/master/src/js/com/teleometry/causeway/purchase_example/workers/makeCausewayLogger.js",
    "span": [ [ 152, 41 ] ]
   },
   {
    "name": "logGotRecord",
    "source": "https://rawgit.com/cocoonfx/causeway/master/src/js/com/teleometry/causeway/purchase_example/workers/makeCausewayLogger.js",
    "span": [ [ 170, 39 ] ]
   },
   {
    "name": "newCallback",
    "source": "https://rawgit.com/cocoonfx/causeway/master/src/js/com/teleometry/causeway/purchase_example/workers/makeCausewayLogger.js",
    "span": [ [ 277, 36 ] ]
   }
  ]
 }
},
{
 "class": [
  "org.ref_send.log.SentIf",
  "org.ref_send.log.Sent",
  "org.ref_send.log.Event"
 ],
 "anchor": {
  "number": 1,
  "turn": {
   "loop": "accounts",
   "number": 1
  }
 },
 "condition": "ucid:0.21763319266028702:accounts",
 "message": "umid:0.45691958512179554:accounts",
 "timestamp": 1455048126411,
 "trace": {
  "calls": [
   {
    "name": "getCWStack",
    "source": "https://rawgit.com/cocoonfx/causeway/master/src/js/com/teleometry/causeway/purchase_example/workers/makeCausewayLogger.js",
    "span": [ [ 152, 41 ] ]
   },
   {
    "name": "logSentIfRecord",
    "source": "https://rawgit.com/cocoonfx/causeway/master/src/js/com/teleometry/causeway/purchase_example/workers/makeCausewayLogger.js",
    "span": [ [ 180, 53 ] ]
   },
   {
    "name": "newCallback",
    "source": "https://rawgit.com/cocoonfx/causeway/master/src/js/com/teleometry/causeway/purchase_example/workers/makeCausewayLogger.js",
    "span": [ [ 281, 37 ] ]
   }
  ]
 }
},
{
 "class": [
  "org.ref_send.log.SentIf",
  "org.ref_send.log.Sent",
  "org.ref_send.log.Event"
 ],
 "anchor": {
  "number": 1,
  "turn": {
   "loop": "product",
   "number": 1
  }
 },
 "condition": "ucid:0.17313490458764136:product",
 "message": "umid:0.038090517511591315:product",
 "timestamp": 1455048126411,
 "trace": {
  "calls": [
   {
    "name": "getCWStack",
    "source": "https://rawgit.com/cocoonfx/causeway/master/src/js/com/teleometry/causeway/purchase_example/workers/makeCausewayLogger.js",
    "span": [ [ 152, 41 ] ]
   },
   {
    "name": "logSentIfRecord",
    "source": "https://rawgit.com/cocoonfx/causeway/master/src/js/com/teleometry/causeway/purchase_example/workers/makeCausewayLogger.js",
    "span": [ [ 180, 53 ] ]
   },
   {
    "name": "newCallback",
    "source": "https://rawgit.com/cocoonfx/causeway/master/src/js/com/teleometry/causeway/purchase_example/workers/makeCausewayLogger.js",
    "span": [ [ 281, 37 ] ]
   }
  ]
 }
},
{
 "class": [
  "org.ref_send.log.Got",
  "org.ref_send.log.Event"
 ],
 "anchor": {
  "number": 0,
  "turn": {
   "loop": "accounts",
   "number": 2
  }
 },
 "message": "umid:0.45691958512179554:accounts",
 "timestamp": 1455048126411,
 "trace": {
  "calls": [
   {
    "name": "getCWStack",
    "source": "https://rawgit.com/cocoonfx/causeway/master/src/js/com/teleometry/causeway/purchase_example/workers/makeCausewayLogger.js",
    "span": [ [ 152, 41 ] ]
   },
   {
    "name": "logGotRecord",
    "source": "https://rawgit.com/cocoonfx/causeway/master/src/js/com/teleometry/causeway/purchase_example/workers/makeCausewayLogger.js",
    "span": [ [ 170, 39 ] ]
   },
   {
    "name": "newCallback",
    "source": "https://rawgit.com/cocoonfx/causeway/master/src/js/com/teleometry/causeway/purchase_example/workers/makeCausewayLogger.js",
    "span": [ [ 282, 34 ] ]
   }
  ]
 }
},
{
 "class": [
  "org.ref_send.log.Got",
  "org.ref_send.log.Event"
 ],
 "anchor": {
  "number": 0,
  "turn": {
   "loop": "product",
   "number": 2
  }
 },
 "message": "umid:0.038090517511591315:product",
 "timestamp": 1455048126412,
 "trace": {
  "calls": [
   {
    "name": "getCWStack",
    "source": "https://rawgit.com/cocoonfx/causeway/master/src/js/com/teleometry/causeway/purchase_example/workers/makeCausewayLogger.js",
    "span": [ [ 152, 41 ] ]
   },
   {
    "name": "logGotRecord",
    "source": "https://rawgit.com/cocoonfx/causeway/master/src/js/com/teleometry/causeway/purchase_example/workers/makeCausewayLogger.js",
    "span": [ [ 170, 39 ] ]
   },
   {
    "name": "newCallback",
    "source": "https://rawgit.com/cocoonfx/causeway/master/src/js/com/teleometry/causeway/purchase_example/workers/makeCausewayLogger.js",
    "span": [ [ 282, 34 ] ]
   }
  ]
 }
},
{
 "class": [
  "org.ref_send.log.Sent",
  "org.ref_send.log.Event"
 ],
 "anchor": {
  "number": 1,
  "turn": {
   "loop": "product",
   "number": 2
  }
 },
 "message": "umid:0.8072275584563613:product",
 "timestamp": 1455048126412,
 "trace": {
  "calls": [
   {
    "name": "getCWStack",
    "source": "https://rawgit.com/cocoonfx/causeway/master/src/js/com/teleometry/causeway/purchase_example/workers/makeCausewayLogger.js",
    "span": [ [ 152, 41 ] ]
   },
   {
    "name": "logSentRecord",
    "source": "https://rawgit.com/cocoonfx/causeway/master/src/js/com/teleometry/causeway/purchase_example/workers/makeCausewayLogger.js",
    "span": [ [ 159, 40 ] ]
   },
   {
    "name": "postMessage",
    "source": "https://rawgit.com/cocoonfx/causeway/master/src/js/com/teleometry/causeway/purchase_example/workers/makeCausewayLogger.js",
    "span": [ [ 258, 31 ] ]
   },
   {
    "name": "isAvailable",
    "source": "https://rawgit.com/cocoonfx/causeway/master/src/js/com/teleometry/causeway/purchase_example/workers/wwProduct.js",
    "span": [ [ 14, 21 ] ]
   },
   {
    "name": "productRequest",
    "source": "https://rawgit.com/cocoonfx/causeway/master/src/js/com/teleometry/causeway/purchase_example/workers/wwProduct.js",
    "span": [ [ 30, 18 ] ]
   },
   {
    "name": "newCallback",
    "source": "https://rawgit.com/cocoonfx/causeway/master/src/js/com/teleometry/causeway/purchase_example/workers/makeCausewayLogger.js",
    "span": [ [ 284, 38 ] ]
   }
  ]
 }
},
{
 "class": [
  "org.ref_send.log.Got",
  "org.ref_send.log.Event"
 ],
 "anchor": {
  "number": 0,
  "turn": {
   "loop": "buyer",
   "number": 1
  }
 },
 "message": "umid:0.8072275584563613:product",
 "timestamp": 1455048126412,
 "trace": {
  "calls": [
   {
    "name": "getCWStack",
    "source": "https://rawgit.com/cocoonfx/causeway/master/src/js/com/teleometry/causeway/purchase_example/workers/makeCausewayLogger.js",
    "span": [ [ 152, 41 ] ]
   },
   {
    "name": "logGotRecord",
    "source": "https://rawgit.com/cocoonfx/causeway/master/src/js/com/teleometry/causeway/purchase_example/workers/makeCausewayLogger.js",
    "span": [ [ 170, 39 ] ]
   },
   {
    "name": "newCallback",
    "source": "https://rawgit.com/cocoonfx/causeway/master/src/js/com/teleometry/causeway/purchase_example/workers/makeCausewayLogger.js",
    "span": [ [ 277, 36 ] ]
   }
  ]
 }
},
{
 "class": [
  "org.ref_send.log.SentIf",
  "org.ref_send.log.Sent",
  "org.ref_send.log.Event"
 ],
 "anchor": {
  "number": 1,
  "turn": {
   "loop": "buyer",
   "number": 1
  }
 },
 "condition": "ucid:0.10135099035687745:buyer",
 "message": "umid:0.015825764276087284:buyer",
 "timestamp": 1455048126413,
 "trace": {
  "calls": [
   {
    "name": "getCWStack",
    "source": "https://rawgit.com/cocoonfx/causeway/master/src/js/com/teleometry/causeway/purchase_example/workers/makeCausewayLogger.js",
    "span": [ [ 152, 41 ] ]
   },
   {
    "name": "logSentIfRecord",
    "source": "https://rawgit.com/cocoonfx/causeway/master/src/js/com/teleometry/causeway/purchase_example/workers/makeCausewayLogger.js",
    "span": [ [ 180, 53 ] ]
   },
   {
    "name": "newCallback",
    "source": "https://rawgit.com/cocoonfx/causeway/master/src/js/com/teleometry/causeway/purchase_example/workers/makeCausewayLogger.js",
    "span": [ [ 281, 37 ] ]
   }
  ]
 }
},
{
 "class": [
  "org.ref_send.log.Got",
  "org.ref_send.log.Event"
 ],
 "anchor": {
  "number": 0,
  "turn": {
   "loop": "buyer",
   "number": 2
  }
 },
 "message": "umid:0.015825764276087284:buyer",
 "timestamp": 1455048126413,
 "trace": {
  "calls": [
   {
    "name": "getCWStack",
    "source": "https://rawgit.com/cocoonfx/causeway/master/src/js/com/teleometry/causeway/purchase_example/workers/makeCausewayLogger.js",
    "span": [ [ 152, 41 ] ]
   },
   {
    "name": "logGotRecord",
    "source": "https://rawgit.com/cocoonfx/causeway/master/src/js/com/teleometry/causeway/purchase_example/workers/makeCausewayLogger.js",
    "span": [ [ 170, 39 ] ]
   },
   {
    "name": "newCallback",
    "source": "https://rawgit.com/cocoonfx/causeway/master/src/js/com/teleometry/causeway/purchase_example/workers/makeCausewayLogger.js",
    "span": [ [ 282, 34 ] ]
   }
  ]
 }
},
{
 "class": [
  "org.ref_send.log.Sent",
  "org.ref_send.log.Event"
 ],
 "anchor": {
  "number": 1,
  "turn": {
   "loop": "buyer",
   "number": 2
  }
 },
 "message": "umid:0.40127024962566793:buyer",
 "timestamp": 1455048126413,
 "trace": {
  "calls": [
   {
    "name": "getCWStack",
    "source": "https://rawgit.com/cocoonfx/causeway/master/src/js/com/teleometry/causeway/purchase_example/workers/makeCausewayLogger.js",
    "span": [ [ 152, 41 ] ]
   },
   {
    "name": "logSentRecord",
    "source": "https://rawgit.com/cocoonfx/causeway/master/src/js/com/teleometry/causeway/purchase_example/workers/makeCausewayLogger.js",
    "span": [ [ 159, 40 ] ]
   },
   {
    "name": "send",
    "source": "https://rawgit.com/cocoonfx/causeway/master/src/js/com/teleometry/causeway/purchase_example/workers/makeCausewayLogger.js",
    "span": [ [ 214, 29 ] ]
   },
   {
    "name": "productAnswer",
    "source": "https://rawgit.com/cocoonfx/causeway/master/src/js/com/teleometry/causeway/purchase_example/workers/mainBuyer.js",
    "span": [ [ 124, 16 ] ]
   },
   {
    "name": "newCallback",
    "source": "https://rawgit.com/cocoonfx/causeway/master/src/js/com/teleometry/causeway/purchase_example/workers/makeCausewayLogger.js",
    "span": [ [ 284, 38 ] ]
   }
  ]
 }
},
{
 "class": [
  "org.ref_send.log.Sent",
  "org.ref_send.log.Event"
 ],
 "anchor": {
  "number": 1,
  "turn": {
   "loop": "accounts",
   "number": 2
  }
 },
 "message": "umid:0.7868591789156199:accounts",
 "timestamp": 1455048126412,
 "trace": {
  "calls": [
   {
    "name": "getCWStack",
    "source": "https://rawgit.com/cocoonfx/causeway/master/src/js/com/teleometry/causeway/purchase_example/workers/makeCausewayLogger.js",
    "span": [ [ 152, 41 ] ]
   },
   {
    "name": "logSentRecord",
    "source": "https://rawgit.com/cocoonfx/causeway/master/src/js/com/teleometry/causeway/purchase_example/workers/makeCausewayLogger.js",
    "span": [ [ 159, 40 ] ]
   },
   {
    "name": "postMessage",
    "source": "https://rawgit.com/cocoonfx/causeway/master/src/js/com/teleometry/causeway/purchase_example/workers/makeCausewayLogger.js",
    "span": [ [ 258, 31 ] ]
   },
   {
    "name": "doCreditCheck",
    "source": "https://rawgit.com/cocoonfx/causeway/master/src/js/com/teleometry/causeway/purchase_example/workers/wwAccounts.js",
    "span": [ [ 14, 21 ] ]
   },
   {
    "name": "accountsRequest",
    "source": "https://rawgit.com/cocoonfx/causeway/master/src/js/com/teleometry/causeway/purchase_example/workers/wwAccounts.js",
    "span": [ [ 22, 20 ] ]
   },
   {
    "name": "newCallback",
    "source": "https://rawgit.com/cocoonfx/causeway/master/src/js/com/teleometry/causeway/purchase_example/workers/makeCausewayLogger.js",
    "span": [ [ 284, 38 ] ]
   }
  ]
 }
},
{
 "class": [
  "org.ref_send.log.Got",
  "org.ref_send.log.Event"
 ],
 "anchor": {
  "number": 0,
  "turn": {
   "loop": "buyer",
   "number": 3
  }
 },
 "message": "umid:0.7868591789156199:accounts",
 "timestamp": 1455048126413,
 "trace": {
  "calls": [
   {
    "name": "getCWStack",
    "source": "https://rawgit.com/cocoonfx/causeway/master/src/js/com/teleometry/causeway/purchase_example/workers/makeCausewayLogger.js",
    "span": [ [ 152, 41 ] ]
   },
   {
    "name": "logGotRecord",
    "source": "https://rawgit.com/cocoonfx/causeway/master/src/js/com/teleometry/causeway/purchase_example/workers/makeCausewayLogger.js",
    "span": [ [ 170, 39 ] ]
   },
   {
    "name": "newCallback",
    "source": "https://rawgit.com/cocoonfx/causeway/master/src/js/com/teleometry/causeway/purchase_example/workers/makeCausewayLogger.js",
    "span": [ [ 277, 36 ] ]
   }
  ]
 }
},
{
 "class": [
  "org.ref_send.log.SentIf",
  "org.ref_send.log.Sent",
  "org.ref_send.log.Event"
 ],
 "anchor": {
  "number": 1,
  "turn": {
   "loop": "buyer",
   "number": 3
  }
 },
 "condition": "ucid:0.6833311105147004:buyer",
 "message": "umid:0.29233825067058206:buyer",
 "timestamp": 1455048126414,
 "trace": {
  "calls": [
   {
    "name": "getCWStack",
    "source": "https://rawgit.com/cocoonfx/causeway/master/src/js/com/teleometry/causeway/purchase_example/workers/makeCausewayLogger.js",
    "span": [ [ 152, 41 ] ]
   },
   {
    "name": "logSentIfRecord",
    "source": "https://rawgit.com/cocoonfx/causeway/master/src/js/com/teleometry/causeway/purchase_example/workers/makeCausewayLogger.js",
    "span": [ [ 180, 53 ] ]
   },
   {
    "name": "newCallback",
    "source": "https://rawgit.com/cocoonfx/causeway/master/src/js/com/teleometry/causeway/purchase_example/workers/makeCausewayLogger.js",
    "span": [ [ 281, 37 ] ]
   }
  ]
 }
},
{
 "class": [
  "org.ref_send.log.Got",
  "org.ref_send.log.Event"
 ],
 "anchor": {
  "number": 0,
  "turn": {
   "loop": "buyer",
   "number": 4
  }
 },
 "message": "umid:0.29233825067058206:buyer",
 "timestamp": 1455048126414,
 "trace": {
  "calls": [
   {
    "name": "getCWStack",
    "source": "https://rawgit.com/cocoonfx/causeway/master/src/js/com/teleometry/causeway/purchase_example/workers/makeCausewayLogger.js",
    "span": [ [ 152, 41 ] ]
   },
   {
    "name": "logGotRecord",
    "source": "https://rawgit.com/cocoonfx/causeway/master/src/js/com/teleometry/causeway/purchase_example/workers/makeCausewayLogger.js",
    "span": [ [ 170, 39 ] ]
   },
   {
    "name": "newCallback",
    "source": "https://rawgit.com/cocoonfx/causeway/master/src/js/com/teleometry/causeway/purchase_example/workers/makeCausewayLogger.js",
    "span": [ [ 282, 34 ] ]
   }
  ]
 }
},
{
 "class": [
  "org.ref_send.log.Sent",
  "org.ref_send.log.Event"
 ],
 "anchor": {
  "number": 1,
  "turn": {
   "loop": "buyer",
   "number": 4
  }
 },
 "message": "umid:0.6171913186553866:buyer",
 "timestamp": 1455048126414,
 "trace": {
  "calls": [
   {
    "name": "getCWStack",
    "source": "https://rawgit.com/cocoonfx/causeway/master/src/js/com/teleometry/causeway/purchase_example/workers/makeCausewayLogger.js",
    "span": [ [ 152, 41 ] ]
   },
   {
    "name": "logSentRecord",
    "source": "https://rawgit.com/cocoonfx/causeway/master/src/js/com/teleometry/causeway/purchase_example/workers/makeCausewayLogger.js",
    "span": [ [ 159, 40 ] ]
   },
   {
    "name": "send",
    "source": "https://rawgit.com/cocoonfx/causeway/master/src/js/com/teleometry/causeway/purchase_example/workers/makeCausewayLogger.js",
    "span": [ [ 214, 29 ] ]
   },
   {
    "name": "accountsAnswer",
    "source": "https://rawgit.com/cocoonfx/causeway/master/src/js/com/teleometry/causeway/purchase_example/workers/mainBuyer.js",
    "span": [ [ 147, 16 ] ]
   },
   {
    "name": "newCallback",
    "source": "https://rawgit.com/cocoonfx/causeway/master/src/js/com/teleometry/causeway/purchase_example/workers/makeCausewayLogger.js",
    "span": [ [ 284, 38 ] ]
   }
  ]
 }
},
{
 "class": [
  "org.ref_send.log.Got",
  "org.ref_send.log.Event"
 ],
 "anchor": {
  "number": 0,
  "turn": {
   "loop": "product",
   "number": 3
  }
 },
 "message": "umid:0.5907082804478705:buyer",
 "timestamp": 1455048126412,
 "trace": {
  "calls": [
   {
    "name": "getCWStack",
    "source": "https://rawgit.com/cocoonfx/causeway/master/src/js/com/teleometry/causeway/purchase_example/workers/makeCausewayLogger.js",
    "span": [ [ 152, 41 ] ]
   },
   {
    "name": "logGotRecord",
    "source": "https://rawgit.com/cocoonfx/causeway/master/src/js/com/teleometry/causeway/purchase_example/workers/makeCausewayLogger.js",
    "span": [ [ 170, 39 ] ]
   },
   {
    "name": "newCallback",
    "source": "https://rawgit.com/cocoonfx/causeway/master/src/js/com/teleometry/causeway/purchase_example/workers/makeCausewayLogger.js",
    "span": [ [ 277, 36 ] ]
   }
  ]
 }
},
{
 "class": [
  "org.ref_send.log.SentIf",
  "org.ref_send.log.Sent",
  "org.ref_send.log.Event"
 ],
 "anchor": {
  "number": 1,
  "turn": {
   "loop": "product",
   "number": 3
  }
 },
 "condition": "ucid:0.17313490458764136:product",
 "message": "umid:0.7795822094194591:product",
 "timestamp": 1455048126412,
 "trace": {
  "calls": [
   {
    "name": "getCWStack",
    "source": "https://rawgit.com/cocoonfx/causeway/master/src/js/com/teleometry/causeway/purchase_example/workers/makeCausewayLogger.js",
    "span": [ [ 152, 41 ] ]
   },
   {
    "name": "logSentIfRecord",
    "source": "https://rawgit.com/cocoonfx/causeway/master/src/js/com/teleometry/causeway/purchase_example/workers/makeCausewayLogger.js",
    "span": [ [ 180, 53 ] ]
   },
   {
    "name": "newCallback",
    "source": "https://rawgit.com/cocoonfx/causeway/master/src/js/com/teleometry/causeway/purchase_example/workers/makeCausewayLogger.js",
    "span": [ [ 281, 37 ] ]
   }
  ]
 }
},
{
 "class": [
  "org.ref_send.log.Got",
  "org.ref_send.log.Event"
 ],
 "anchor": {
  "number": 0,
  "turn": {
   "loop": "product",
   "number": 4
  }
 },
 "message": "umid:0.7795822094194591:product",
 "timestamp": 1455048126412,
 "trace": {
  "calls": [
   {
    "name": "getCWStack",
    "source": "https://rawgit.com/cocoonfx/causeway/master/src/js/com/teleometry/causeway/purchase_example/workers/makeCausewayLogger.js",
    "span": [ [ 152, 41 ] ]
   },
   {
    "name": "logGotRecord",
    "source": "https://rawgit.com/cocoonfx/causeway/master/src/js/com/teleometry/causeway/purchase_example/workers/makeCausewayLogger.js",
    "span": [ [ 170, 39 ] ]
   },
   {
    "name": "newCallback",
    "source": "https://rawgit.com/cocoonfx/causeway/master/src/js/com/teleometry/causeway/purchase_example/workers/makeCausewayLogger.js",
    "span": [ [ 282, 34 ] ]
   }
  ]
 }
},
{
 "class": [
  "org.ref_send.log.Sent",
  "org.ref_send.log.Event"
 ],
 "anchor": {
  "number": 1,
  "turn": {
   "loop": "product",
   "number": 4
  }
 },
 "message": "umid:0.7935695145279169:product",
 "timestamp": 1455048126413,
 "trace": {
  "calls": [
   {
    "name": "getCWStack",
    "source": "https://rawgit.com/cocoonfx/causeway/master/src/js/com/teleometry/causeway/purchase_example/workers/makeCausewayLogger.js",
    "span": [ [ 152, 41 ] ]
   },
   {
    "name": "logSentRecord",
    "source": "https://rawgit.com/cocoonfx/causeway/master/src/js/com/teleometry/causeway/purchase_example/workers/makeCausewayLogger.js",
    "span": [ [ 159, 40 ] ]
   },
   {
    "name": "postMessage",
    "source": "https://rawgit.com/cocoonfx/causeway/master/src/js/com/teleometry/causeway/purchase_example/workers/makeCausewayLogger.js",
    "span": [ [ 258, 31 ] ]
   },
   {
    "name": "canDeliver",
    "source": "https://rawgit.com/cocoonfx/causeway/master/src/js/com/teleometry/causeway/purchase_example/workers/wwProduct.js",
    "span": [ [ 18, 21 ] ]
   },
   {
    "name": "productRequest",
    "source": "https://rawgit.com/cocoonfx/causeway/master/src/js/com/teleometry/causeway/purchase_example/workers/wwProduct.js",
    "span": [ [ 33, 17 ] ]
   },
   {
    "name": "newCallback",
    "source": "https://rawgit.com/cocoonfx/causeway/master/src/js/com/teleometry/causeway/purchase_example/workers/makeCausewayLogger.js",
    "span": [ [ 284, 38 ] ]
   }
  ]
 }
},
{
 "class": [
  "org.ref_send.log.Got",
  "org.ref_send.log.Event"
 ],
 "anchor": {
  "number": 0,
  "turn": {
   "loop": "buyer",
   "number": 5
  }
 },
 "message": "umid:0.7935695145279169:product",
 "timestamp": 1455048126414,
 "trace": {
  "calls": [
   {
    "name": "getCWStack",
    "source": "https://rawgit.com/cocoonfx/causeway/master/src/js/com/teleometry/causeway/purchase_example/workers/makeCausewayLogger.js",
    "span": [ [ 152, 41 ] ]
   },
   {
    "name": "logGotRecord",
    "source": "https://rawgit.com/cocoonfx/causeway/master/src/js/com/teleometry/causeway/purchase_example/workers/makeCausewayLogger.js",
    "span": [ [ 170, 39 ] ]
   },
   {
    "name": "newCallback",
    "source": "https://rawgit.com/cocoonfx/causeway/master/src/js/com/teleometry/causeway/purchase_example/workers/makeCausewayLogger.js",
    "span": [ [ 277, 36 ] ]
   }
  ]
 }
},
{
 "class": [
  "org.ref_send.log.SentIf",
  "org.ref_send.log.Sent",
  "org.ref_send.log.Event"
 ],
 "anchor": {
  "number": 1,
  "turn": {
   "loop": "buyer",
   "number": 5
  }
 },
 "condition": "ucid:0.10135099035687745:buyer",
 "message": "umid:0.805051046423614:buyer",
 "timestamp": 1455048126414,
 "trace": {
  "calls": [
   {
    "name": "getCWStack",
    "source": "https://rawgit.com/cocoonfx/causeway/master/src/js/com/teleometry/causeway/purchase_example/workers/makeCausewayLogger.js",
    "span": [ [ 152, 41 ] ]
   },
   {
    "name": "logSentIfRecord",
    "source": "https://rawgit.com/cocoonfx/causeway/master/src/js/com/teleometry/causeway/purchase_example/workers/makeCausewayLogger.js",
    "span": [ [ 180, 53 ] ]
   },
   {
    "name": "newCallback",
    "source": "https://rawgit.com/cocoonfx/causeway/master/src/js/com/teleometry/causeway/purchase_example/workers/makeCausewayLogger.js",
    "span": [ [ 281, 37 ] ]
   }
  ]
 }
},
{
 "class": [
  "org.ref_send.log.Got",
  "org.ref_send.log.Event"
 ],
 "anchor": {
  "number": 0,
  "turn": {
   "loop": "buyer",
   "number": 6
  }
 },
 "message": "umid:0.805051046423614:buyer",
 "timestamp": 1455048126414,
 "trace": {
  "calls": [
   {
    "name": "getCWStack",
    "source": "https://rawgit.com/cocoonfx/causeway/master/src/js/com/teleometry/causeway/purchase_example/workers/makeCausewayLogger.js",
    "span": [ [ 152, 41 ] ]
   },
   {
    "name": "logGotRecord",
    "source": "https://rawgit.com/cocoonfx/causeway/master/src/js/com/teleometry/causeway/purchase_example/workers/makeCausewayLogger.js",
    "span": [ [ 170, 39 ] ]
   },
   {
    "name": "newCallback",
    "source": "https://rawgit.com/cocoonfx/causeway/master/src/js/com/teleometry/causeway/purchase_example/workers/makeCausewayLogger.js",
    "span": [ [ 282, 34 ] ]
   }
  ]
 }
},
{
 "class": [
  "org.ref_send.log.Sent",
  "org.ref_send.log.Event"
 ],
 "anchor": {
  "number": 1,
  "turn": {
   "loop": "buyer",
   "number": 6
  }
 },
 "message": "umid:0.18522397777996957:buyer",
 "timestamp": 1455048126414,
 "trace": {
  "calls": [
   {
    "name": "getCWStack",
    "source": "https://rawgit.com/cocoonfx/causeway/master/src/js/com/teleometry/causeway/purchase_example/workers/makeCausewayLogger.js",
    "span": [ [ 152, 41 ] ]
   },
   {
    "name": "logSentRecord",
    "source": "https://rawgit.com/cocoonfx/causeway/master/src/js/com/teleometry/causeway/purchase_example/workers/makeCausewayLogger.js",
    "span": [ [ 159, 40 ] ]
   },
   {
    "name": "send",
    "source": "https://rawgit.com/cocoonfx/causeway/master/src/js/com/teleometry/causeway/purchase_example/workers/makeCausewayLogger.js",
    "span": [ [ 214, 29 ] ]
   },
   {
    "name": "productAnswer",
    "source": "https://rawgit.com/cocoonfx/causeway/master/src/js/com/teleometry/causeway/purchase_example/workers/mainBuyer.js",
    "span": [ [ 124, 16 ] ]
   },
   {
    "name": "newCallback",
    "source": "https://rawgit.com/cocoonfx/causeway/master/src/js/com/teleometry/causeway/purchase_example/workers/makeCausewayLogger.js",
    "span": [ [ 284, 38 ] ]
   }
  ]
 }
},
{
 "class": [
  "org.ref_send.log.Got",
  "org.ref_send.log.Event"
 ],
 "anchor": {
  "number": 0,
  "turn": {
   "loop": "buyer",
   "number": 7
  }
 },
 "message": "umid:0.40127024962566793:buyer",
 "timestamp": 1455048127265,
 "trace": {
  "calls": [
   {
    "name": "getCWStack",
    "source": "https://rawgit.com/cocoonfx/causeway/master/src/js/com/teleometry/causeway/purchase_example/workers/makeCausewayLogger.js",
    "span": [ [ 152, 41 ] ]
   },
   {
    "name": "logGotRecord",
    "source": "https://rawgit.com/cocoonfx/causeway/master/src/js/com/teleometry/causeway/purchase_example/workers/makeCausewayLogger.js",
    "span": [ [ 170, 39 ] ]
   },
   {
    "name": "?",
    "source": "https://rawgit.com/cocoonfx/causeway/master/src/js/com/teleometry/causeway/purchase_example/workers/makeCausewayLogger.js",
    "span": [ [ 216, 30 ] ]
   }
  ]
 }
},
{
 "class": [
  "org.ref_send.log.Got",
  "org.ref_send.log.Event"
 ],
 "anchor": {
  "number": 0,
  "turn": {
   "loop": "buyer",
   "number": 8
  }
 },
 "message": "umid:0.6171913186553866:buyer",
 "timestamp": 1455048127265,
 "trace": {
  "calls": [
   {
    "name": "getCWStack",
    "source": "https://rawgit.com/cocoonfx/causeway/master/src/js/com/teleometry/causeway/purchase_example/workers/makeCausewayLogger.js",
    "span": [ [ 152, 41 ] ]
   },
   {
    "name": "logGotRecord",
    "source": "https://rawgit.com/cocoonfx/causeway/master/src/js/com/teleometry/causeway/purchase_example/workers/makeCausewayLogger.js",
    "span": [ [ 170, 39 ] ]
   },
   {
    "name": "?",
    "source": "https://rawgit.com/cocoonfx/causeway/master/src/js/com/teleometry/causeway/purchase_example/workers/makeCausewayLogger.js",
    "span": [ [ 216, 30 ] ]
   }
  ]
 }
},
{
 "class": [
  "org.ref_send.log.Got",
  "org.ref_send.log.Event"
 ],
 "anchor": {
  "number": 0,
  "turn": {
   "loop": "buyer",
   "number": 9
  }
 },
 "message": "umid:0.18522397777996957:buyer",
 "timestamp": 1455048127265,
 "trace": {
  "calls": [
   {
    "name": "getCWStack",
    "source": "https://rawgit.com/cocoonfx/causeway/master/src/js/com/teleometry/causeway/purchase_example/workers/makeCausewayLogger.js",
    "span": [ [ 152, 41 ] ]
   },
   {
    "name": "logGotRecord",
    "source": "https://rawgit.com/cocoonfx/causeway/master/src/js/com/teleometry/causeway/purchase_example/workers/makeCausewayLogger.js",
    "span": [ [ 170, 39 ] ]
   },
   {
    "name": "?",
    "source": "https://rawgit.com/cocoonfx/causeway/master/src/js/com/teleometry/causeway/purchase_example/workers/makeCausewayLogger.js",
    "span": [ [ 216, 30 ] ]
   }
  ]
 }
},
{
 "class": [
  "org.ref_send.log.Sent",
  "org.ref_send.log.Event"
 ],
 "anchor": {
  "number": 1,
  "turn": {
   "loop": "buyer",
   "number": 9
  }
 },
 "message": "umid:0.3836678678635508:buyer",
 "timestamp": 1455048127266,
 "trace": {
  "calls": [
   {
    "name": "getCWStack",
    "source": "https://rawgit.com/cocoonfx/causeway/master/src/js/com/teleometry/causeway/purchase_example/workers/makeCausewayLogger.js",
    "span": [ [ 152, 41 ] ]
   },
   {
    "name": "logSentRecord",
    "source": "https://rawgit.com/cocoonfx/causeway/master/src/js/com/teleometry/causeway/purchase_example/workers/makeCausewayLogger.js",
    "span": [ [ 159, 40 ] ]
   },
   {
    "name": "send",
    "source": "https://rawgit.com/cocoonfx/causeway/master/src/js/com/teleometry/causeway/purchase_example/workers/makeCausewayLogger.js",
    "span": [ [ 214, 29 ] ]
   },
   {
    "name": "run",
    "source": "https://rawgit.com/cocoonfx/causeway/master/src/js/com/teleometry/causeway/purchase_example/workers/asyncAnd.js",
    "span": [ [ 28, 18 ] ]
   },
   {
    "name": "?",
    "source": "https://rawgit.com/cocoonfx/causeway/master/src/js/com/teleometry/causeway/purchase_example/workers/makeCausewayLogger.js",
    "span": [ [ 217, 27 ] ]
   }
  ]
 }
},
{
 "class": [
  "org.ref_send.log.Got",
  "org.ref_send.log.Event"
 ],
 "anchor": {
  "number": 0,
  "turn": {
   "loop": "buyer",
   "number": 10
  }
 },
 "message": "umid:0.3836678678635508:buyer",
 "timestamp": 1455048128266,
 "trace": {
  "calls": [
   {
    "name": "getCWStack",
    "source": "https://rawgit.com/cocoonfx/causeway/master/src/js/com/teleometry/causeway/purchase_example/workers/makeCausewayLogger.js",
    "span": [ [ 152, 41 ] ]
   },
   {
    "name": "logGotRecord",
    "source": "https://rawgit.com/cocoonfx/causeway/master/src/js/com/teleometry/causeway/purchase_example/workers/makeCausewayLogger.js",
    "span": [ [ 170, 39 ] ]
   },
   {
    "name": "?",
    "source": "https://rawgit.com/cocoonfx/causeway/master/src/js/com/teleometry/causeway/purchase_example/workers/makeCausewayLogger.js",
    "span": [ [ 216, 30 ] ]
   }
  ]
 }
},
{
 "class": [
  "org.ref_send.log.Comment",
  "org.ref_send.log.Event"
 ],
 "anchor": {
  "number": 1,
  "turn": {
   "loop": "buyer",
   "number": 10
  }
 },
 "text": "All queries answered true",
 "timestamp": 1455048128266,
 "trace": {
  "calls": [
   {
    "name": "getCWStack",
    "source": "https://rawgit.com/cocoonfx/causeway/master/src/js/com/teleometry/causeway/purchase_example/workers/makeCausewayLogger.js",
    "span": [ [ 152, 41 ] ]
   },
   {
    "name": "logCommentRecord",
    "source": "https://rawgit.com/cocoonfx/causeway/master/src/js/com/teleometry/causeway/purchase_example/workers/makeCausewayLogger.js",
    "span": [ [ 175, 42 ] ]
   },
   {
    "name": "run",
    "source": "https://rawgit.com/cocoonfx/causeway/master/src/js/com/teleometry/causeway/purchase_example/workers/mainBuyer.js",
    "span": [ [ 101, 37 ] ]
   },
   {
    "name": "?",
    "source": "https://rawgit.com/cocoonfx/causeway/master/src/js/com/teleometry/causeway/purchase_example/workers/makeCausewayLogger.js",
    "span": [ [ 217, 27 ] ]
   }
  ]
 }
},
{
 "class": [
  "org.ref_send.log.Sent",
  "org.ref_send.log.Event"
 ],
 "anchor": {
  "number": 2,
  "turn": {
   "loop": "buyer",
   "number": 10
  }
 },
 "message": "umid:0.9861192815005779:buyer",
 "timestamp": 1455048128266,
 "trace": {
  "calls": [
   {
    "name": "getCWStack",
    "source": "https://rawgit.com/cocoonfx/causeway/master/src/js/com/teleometry/causeway/purchase_example/workers/makeCausewayLogger.js",
    "span": [ [ 152, 41 ] ]
   },
   {
    "name": "logSentRecord",
    "source": "https://rawgit.com/cocoonfx/causeway/master/src/js/com/teleometry/causeway/purchase_example/workers/makeCausewayLogger.js",
    "span": [ [ 159, 40 ] ]
   },
   {
    "name": "postMessage",
    "source": "https://rawgit.com/cocoonfx/causeway/master/src/js/com/teleometry/causeway/purchase_example/workers/makeCausewayLogger.js",
    "span": [ [ 258, 31 ] ]
   },
   {
    "name": "run",
    "source": "https://rawgit.com/cocoonfx/causeway/master/src/js/com/teleometry/causeway/purchase_example/workers/mainBuyer.js",
    "span": [ [ 102, 31 ] ]
   },
   {
    "name": "?",
    "source": "https://rawgit.com/cocoonfx/causeway/master/src/js/com/teleometry/causeway/purchase_example/workers/makeCausewayLogger.js",
    "span": [ [ 217, 27 ] ]
   }
  ]
 }
},
{
 "class": [
  "org.ref_send.log.Got",
  "org.ref_send.log.Event"
 ],
 "anchor": {
  "number": 0,
  "turn": {
   "loop": "product",
   "number": 5
  }
 },
 "message": "umid:0.9861192815005779:buyer",
 "timestamp": 1455048128267,
 "trace": {
  "calls": [
   {
    "name": "getCWStack",
    "source": "https://rawgit.com/cocoonfx/causeway/master/src/js/com/teleometry/causeway/purchase_example/workers/makeCausewayLogger.js",
    "span": [ [ 152, 41 ] ]
   },
   {
    "name": "logGotRecord",
    "source": "https://rawgit.com/cocoonfx/causeway/master/src/js/com/teleometry/causeway/purchase_example/workers/makeCausewayLogger.js",
    "span": [ [ 170, 39 ] ]
   },
   {
    "name": "newCallback",
    "source": "https://rawgit.com/cocoonfx/causeway/master/src/js/com/teleometry/causeway/purchase_example/workers/makeCausewayLogger.js",
    "span": [ [ 277, 36 ] ]
   }
  ]
 }
},
{
 "class": [
  "org.ref_send.log.SentIf",
  "org.ref_send.log.Sent",
  "org.ref_send.log.Event"
 ],
 "anchor": {
  "number": 1,
  "turn": {
   "loop": "product",
   "number": 5
  }
 },
 "condition": "ucid:0.17313490458764136:product",
 "message": "umid:0.25916683045215905:product",
 "timestamp": 1455048128267,
 "trace": {
  "calls": [
   {
    "name": "getCWStack",
    "source": "https://rawgit.com/cocoonfx/causeway/master/src/js/com/teleometry/causeway/purchase_example/workers/makeCausewayLogger.js",
    "span": [ [ 152, 41 ] ]
   },
   {
    "name": "logSentIfRecord",
    "source": "https://rawgit.com/cocoonfx/causeway/master/src/js/com/teleometry/causeway/purchase_example/workers/makeCausewayLogger.js",
    "span": [ [ 180, 53 ] ]
   },
   {
    "name": "newCallback",
    "source": "https://rawgit.com/cocoonfx/causeway/master/src/js/com/teleometry/causeway/purchase_example/workers/makeCausewayLogger.js",
    "span": [ [ 281, 37 ] ]
   }
  ]
 }
},
{
 "class": [
  "org.ref_send.log.Got",
  "org.ref_send.log.Event"
 ],
 "anchor": {
  "number": 0,
  "turn": {
   "loop": "product",
   "number": 6
  }
 },
 "message": "umid:0.25916683045215905:product",
 "timestamp": 1455048128267,
 "trace": {
  "calls": [
   {
    "name": "getCWStack",
    "source": "https://rawgit.com/cocoonfx/causeway/master/src/js/com/teleometry/causeway/purchase_example/workers/makeCausewayLogger.js",
    "span": [ [ 152, 41 ] ]
   },
   {
    "name": "logGotRecord",
    "source": "https://rawgit.com/cocoonfx/causeway/master/src/js/com/teleometry/causeway/purchase_example/workers/makeCausewayLogger.js",
    "span": [ [ 170, 39 ] ]
   },
   {
    "name": "newCallback",
    "source": "https://rawgit.com/cocoonfx/causeway/master/src/js/com/teleometry/causeway/purchase_example/workers/makeCausewayLogger.js",
    "span": [ [ 282, 34 ] ]
   }
  ]
 }
},
{
 "class": [
  "org.ref_send.log.Sent",
  "org.ref_send.log.Event"
 ],
 "anchor": {
  "number": 1,
  "turn": {
   "loop": "product",
   "number": 6
  }
 },
 "message": "umid:0.9040219176094979:product",
 "timestamp": 1455048128267,
 "trace": {
  "calls": [
   {
    "name": "getCWStack",
    "source": "https://rawgit.com/cocoonfx/causeway/master/src/js/com/teleometry/causeway/purchase_example/workers/makeCausewayLogger.js",
    "span": [ [ 152, 41 ] ]
   },
   {
    "name": "logSentRecord",
    "source": "https://rawgit.com/cocoonfx/causeway/master/src/js/com/teleometry/causeway/purchase_example/workers/makeCausewayLogger.js",
    "span": [ [ 159, 40 ] ]
   },
   {
    "name": "postMessage",
    "source": "https://rawgit.com/cocoonfx/causeway/master/src/js/com/teleometry/causeway/purchase_example/workers/makeCausewayLogger.js",
    "span": [ [ 258, 31 ] ]
   },
   {
    "name": "placeOrder",
    "source": "https://rawgit.com/cocoonfx/causeway/master/src/js/com/teleometry/causeway/purchase_example/workers/wwProduct.js",
    "span": [ [ 22, 21 ] ]
   },
   {
    "name": "productRequest",
    "source": "https://rawgit.com/cocoonfx/causeway/master/src/js/com/teleometry/causeway/purchase_example/workers/wwProduct.js",
    "span": [ [ 36, 17 ] ]
   },
   {
    "name": "newCallback",
    "source": "https://rawgit.com/cocoonfx/causeway/master/src/js/com/teleometry/causeway/purchase_example/workers/makeCausewayLogger.js",
    "span": [ [ 284, 38 ] ]
   }
  ]
 }
},
{
 "class": [
  "org.ref_send.log.Got",
  "org.ref_send.log.Event"
 ],
 "anchor": {
  "number": 0,
  "turn": {
   "loop": "buyer",
   "number": 11
  }
 },
 "message": "umid:0.9040219176094979:product",
 "timestamp": 1455048128268,
 "trace": {
  "calls": [
   {
    "name": "getCWStack",
    "source": "https://rawgit.com/cocoonfx/causeway/master/src/js/com/teleometry/causeway/purchase_example/workers/makeCausewayLogger.js",
    "span": [ [ 152, 41 ] ]
   },
   {
    "name": "logGotRecord",
    "source": "https://rawgit.com/cocoonfx/causeway/master/src/js/com/teleometry/causeway/purchase_example/workers/makeCausewayLogger.js",
    "span": [ [ 170, 39 ] ]
   },
   {
    "name": "newCallback",
    "source": "https://rawgit.com/cocoonfx/causeway/master/src/js/com/teleometry/causeway/purchase_example/workers/makeCausewayLogger.js",
    "span": [ [ 277, 36 ] ]
   }
  ]
 }
},
{
 "class": [
  "org.ref_send.log.SentIf",
  "org.ref_send.log.Sent",
  "org.ref_send.log.Event"
 ],
 "anchor": {
  "number": 1,
  "turn": {
   "loop": "buyer",
   "number": 11
  }
 },
 "condition": "ucid:0.10135099035687745:buyer",
 "message": "umid:0.2280918718315661:buyer",
 "timestamp": 1455048128268,
 "trace": {
  "calls": [
   {
    "name": "getCWStack",
    "source": "https://rawgit.com/cocoonfx/causeway/master/src/js/com/teleometry/causeway/purchase_example/workers/makeCausewayLogger.js",
    "span": [ [ 152, 41 ] ]
   },
   {
    "name": "logSentIfRecord",
    "source": "https://rawgit.com/cocoonfx/causeway/master/src/js/com/teleometry/causeway/purchase_example/workers/makeCausewayLogger.js",
    "span": [ [ 180, 53 ] ]
   },
   {
    "name": "newCallback",
    "source": "https://rawgit.com/cocoonfx/causeway/master/src/js/com/teleometry/causeway/purchase_example/workers/makeCausewayLogger.js",
    "span": [ [ 281, 37 ] ]
   }
  ]
 }
},
{
 "class": [
  "org.ref_send.log.Got",
  "org.ref_send.log.Event"
 ],
 "anchor": {
  "number": 0,
  "turn": {
   "loop": "buyer",
   "number": 12
  }
 },
 "message": "umid:0.2280918718315661:buyer",
 "timestamp": 1455048128268,
 "trace": {
  "calls": [
   {
    "name": "getCWStack",
    "source": "https://rawgit.com/cocoonfx/causeway/master/src/js/com/teleometry/causeway/purchase_example/workers/makeCausewayLogger.js",
    "span": [ [ 152, 41 ] ]
   },
   {
    "name": "logGotRecord",
    "source": "https://rawgit.com/cocoonfx/causeway/master/src/js/com/teleometry/causeway/purchase_example/workers/makeCausewayLogger.js",
    "span": [ [ 170, 39 ] ]
   },
   {
    "name": "newCallback",
    "source": "https://rawgit.com/cocoonfx/causeway/master/src/js/com/teleometry/causeway/purchase_example/workers/makeCausewayLogger.js",
    "span": [ [ 282, 34 ] ]
   }
  ]
 }
},
{
 "class": [
  "org.ref_send.log.Sent",
  "org.ref_send.log.Event"
 ],
 "anchor": {
  "number": 1,
  "turn": {
   "loop": "buyer",
   "number": 12
  }
 },
 "message": "umid:0.37185210874304175:buyer",
 "timestamp": 1455048128268,
 "trace": {
  "calls": [
   {
    "name": "getCWStack",
    "source": "https://rawgit.com/cocoonfx/causeway/master/src/js/com/teleometry/causeway/purchase_example/workers/makeCausewayLogger.js",
    "span": [ [ 152, 41 ] ]
   },
   {
    "name": "logSentRecord",
    "source": "https://rawgit.com/cocoonfx/causeway/master/src/js/com/teleometry/causeway/purchase_example/workers/makeCausewayLogger.js",
    "span": [ [ 159, 40 ] ]
   },
   {
    "name": "send",
    "source": "https://rawgit.com/cocoonfx/causeway/master/src/js/com/teleometry/causeway/purchase_example/workers/makeCausewayLogger.js",
    "span": [ [ 214, 29 ] ]
   },
   {
    "name": "productAnswer",
    "source": "https://rawgit.com/cocoonfx/causeway/master/src/js/com/teleometry/causeway/purchase_example/workers/mainBuyer.js",
    "span": [ [ 129, 16 ] ]
   },
   {
    "name": "newCallback",
    "source": "https://rawgit.com/cocoonfx/causeway/master/src/js/com/teleometry/causeway/purchase_example/workers/makeCausewayLogger.js",
    "span": [ [ 284, 38 ] ]
   }
  ]
 }
},
{
 "class": [
  "org.ref_send.log.Got",
  "org.ref_send.log.Event"
 ],
 "anchor": {
  "number": 0,
  "turn": {
   "loop": "buyer",
   "number": 13
  }
 },
 "message": "umid:0.37185210874304175:buyer",
 "timestamp": 1455048129265,
 "trace": {
  "calls": [
   {
    "name": "getCWStack",
    "source": "https://rawgit.com/cocoonfx/causeway/master/src/js/com/teleometry/causeway/purchase_example/workers/makeCausewayLogger.js",
    "span": [ [ 152, 41 ] ]
   },
   {
    "name": "logGotRecord",
    "source": "https://rawgit.com/cocoonfx/causeway/master/src/js/com/teleometry/causeway/purchase_example/workers/makeCausewayLogger.js",
    "span": [ [ 170, 39 ] ]
   },
   {
    "name": "?",
    "source": "https://rawgit.com/cocoonfx/causeway/master/src/js/com/teleometry/causeway/purchase_example/workers/makeCausewayLogger.js",
    "span": [ [ 216, 30 ] ]
   }
  ]
 }
},
{
 "class": [
  "org.ref_send.log.Comment",
  "org.ref_send.log.Event"
 ],
 "anchor": {
  "number": 1,
  "turn": {
   "loop": "buyer",
   "number": 13
  }
 },
 "text": "Order placed for West Coast Buyers",
 "timestamp": 1455048129265,
 "trace": {
  "calls": [
   {
    "name": "getCWStack",
    "source": "https://rawgit.com/cocoonfx/causeway/master/src/js/com/teleometry/causeway/purchase_example/workers/makeCausewayLogger.js",
    "span": [ [ 152, 41 ] ]
   },
   {
    "name": "logCommentRecord",
    "source": "https://rawgit.com/cocoonfx/causeway/master/src/js/com/teleometry/causeway/purchase_example/workers/makeCausewayLogger.js",
    "span": [ [ 175, 42 ] ]
   },
   {
    "name": "run",
    "source": "https://rawgit.com/cocoonfx/causeway/master/src/js/com/teleometry/causeway/purchase_example/workers/mainBuyer.js",
    "span": [ [ 90, 37 ] ]
   },
   {
    "name": "?",
    "source": "https://rawgit.com/cocoonfx/causeway/master/src/js/com/teleometry/causeway/purchase_example/workers/makeCausewayLogger.js",
    "span": [ [ 217, 27 ] ]
   }
  ]
 }
}]

