
[{
 "class": [
  "org.ref_send.log.Sent",
  "org.ref_send.log.Event"
 ],
 "anchor": {
  "number": 1,
  "turn": {
   "loop": "buyer",
   "number": 0
  }
 },
 "message": "umid:0.49431783938780427:buyer",
 "timestamp": 1454211857674,
 "trace": {
  "calls": [
   {
    "name": "getCWStack",
    "source": "https://rawgit.com/cocoonfx/causeway/master/src/js/com/teleometry/causeway/purchase_example/workers/makeCausewayLogger.js",
    "span": [ [ 152, 41 ] ]
   },
   {
    "name": "logSentRecord",
    "source": "https://rawgit.com/cocoonfx/causeway/master/src/js/com/teleometry/causeway/purchase_example/workers/makeCausewayLogger.js",
    "span": [ [ 159, 40 ] ]
   },
   {
    "name": "postMessage",
    "source": "https://rawgit.com/cocoonfx/causeway/master/src/js/com/teleometry/causeway/purchase_example/workers/makeCausewayLogger.js",
    "span": [ [ 258, 31 ] ]
   },
   {
    "name": "doWebWorkersTest",
    "source": "https://rawgit.com/cocoonfx/causeway/master/src/js/com/teleometry/causeway/purchase_example/workers/mainBuyer.js",
    "span": [ [ 116, 25 ] ]
   },
   {
    "name": "onload",
    "source": "https://rawgit.com/cocoonfx/causeway/master/src/js/com/teleometry/workersExample.html",
    "span": [ [ 8, 17 ] ]
   }
  ]
 }
},
{
 "class": [
  "org.ref_send.log.Sent",
  "org.ref_send.log.Event"
 ],
 "anchor": {
  "number": 2,
  "turn": {
   "loop": "buyer",
   "number": 0
  }
 },
 "message": "umid:0.5799335981719196:buyer",
 "timestamp": 1454211857674,
 "trace": {
  "calls": [
   {
    "name": "getCWStack",
    "source": "https://rawgit.com/cocoonfx/causeway/master/src/js/com/teleometry/causeway/purchase_example/workers/makeCausewayLogger.js",
    "span": [ [ 152, 41 ] ]
   },
   {
    "name": "logSentRecord",
    "source": "https://rawgit.com/cocoonfx/causeway/master/src/js/com/teleometry/causeway/purchase_example/workers/makeCausewayLogger.js",
    "span": [ [ 159, 40 ] ]
   },
   {
    "name": "postMessage",
    "source": "https://rawgit.com/cocoonfx/causeway/master/src/js/com/teleometry/causeway/purchase_example/workers/makeCausewayLogger.js",
    "span": [ [ 258, 31 ] ]
   },
   {
    "name": "doWebWorkersTest",
    "source": "https://rawgit.com/cocoonfx/causeway/master/src/js/com/teleometry/causeway/purchase_example/workers/mainBuyer.js",
    "span": [ [ 118, 26 ] ]
   },
   {
    "name": "onload",
    "source": "https://rawgit.com/cocoonfx/causeway/master/src/js/com/teleometry/workersExample.html",
    "span": [ [ 8, 17 ] ]
   }
  ]
 }
},
{
 "class": [
  "org.ref_send.log.Sent",
  "org.ref_send.log.Event"
 ],
 "anchor": {
  "number": 3,
  "turn": {
   "loop": "buyer",
   "number": 0
  }
 },
 "message": "umid:0.07423617853783071:buyer",
 "timestamp": 1454211857675,
 "trace": {
  "calls": [
   {
    "name": "getCWStack",
    "source": "https://rawgit.com/cocoonfx/causeway/master/src/js/com/teleometry/causeway/purchase_example/workers/makeCausewayLogger.js",
    "span": [ [ 152, 41 ] ]
   },
   {
    "name": "logSentRecord",
    "source": "https://rawgit.com/cocoonfx/causeway/master/src/js/com/teleometry/causeway/purchase_example/workers/makeCausewayLogger.js",
    "span": [ [ 159, 40 ] ]
   },
   {
    "name": "postMessage",
    "source": "https://rawgit.com/cocoonfx/causeway/master/src/js/com/teleometry/causeway/purchase_example/workers/makeCausewayLogger.js",
    "span": [ [ 258, 31 ] ]
   },
   {
    "name": "doWebWorkersTest",
    "source": "https://rawgit.com/cocoonfx/causeway/master/src/js/com/teleometry/causeway/purchase_example/workers/mainBuyer.js",
    "span": [ [ 120, 25 ] ]
   },
   {
    "name": "onload",
    "source": "https://rawgit.com/cocoonfx/causeway/master/src/js/com/teleometry/workersExample.html",
    "span": [ [ 8, 17 ] ]
   }
  ]
 }
},
{
 "class": [
  "org.ref_send.log.Fulfilled",
  "org.ref_send.log.Resolved",
  "org.ref_send.log.Event"
 ],
 "anchor": {
  "number": 4,
  "turn": {
   "loop": "buyer",
   "number": 0
  }
 },
 "condition": "ucid:0.7623715011868626:buyer",
 "timestamp": 1454211857675,
 "trace": {
  "calls": [
   {
    "name": "getCWStack",
    "source": "https://rawgit.com/cocoonfx/causeway/master/src/js/com/teleometry/causeway/purchase_example/workers/makeCausewayLogger.js",
    "span": [ [ 152, 41 ] ]
   },
   {
    "name": "logFulfilledRecord",
    "source": "https://rawgit.com/cocoonfx/causeway/master/src/js/com/teleometry/causeway/purchase_example/workers/makeCausewayLogger.js",
    "span": [ [ 195, 49 ] ]
   },
   {
    "name": "addEventListener",
    "source": "https://rawgit.com/cocoonfx/causeway/master/src/js/com/teleometry/causeway/purchase_example/workers/makeCausewayLogger.js",
    "span": [ [ 288, 38 ] ]
   },
   {
    "name": "doWebWorkersTest",
    "source": "https://rawgit.com/cocoonfx/causeway/master/src/js/com/teleometry/causeway/purchase_example/workers/mainBuyer.js",
    "span": [ [ 123, 30 ] ]
   },
   {
    "name": "onload",
    "source": "https://rawgit.com/cocoonfx/causeway/master/src/js/com/teleometry/workersExample.html",
    "span": [ [ 8, 17 ] ]
   }
  ]
 }
},
{
 "class": [
  "org.ref_send.log.Fulfilled",
  "org.ref_send.log.Resolved",
  "org.ref_send.log.Event"
 ],
 "anchor": {
  "number": 5,
  "turn": {
   "loop": "buyer",
   "number": 0
  }
 },
 "condition": "ucid:0.16125862929038703:buyer",
 "timestamp": 1454211857675,
 "trace": {
  "calls": [
   {
    "name": "getCWStack",
    "source": "https://rawgit.com/cocoonfx/causeway/master/src/js/com/teleometry/causeway/purchase_example/workers/makeCausewayLogger.js",
    "span": [ [ 152, 41 ] ]
   },
   {
    "name": "logFulfilledRecord",
    "source": "https://rawgit.com/cocoonfx/causeway/master/src/js/com/teleometry/causeway/purchase_example/workers/makeCausewayLogger.js",
    "span": [ [ 195, 49 ] ]
   },
   {
    "name": "addEventListener",
    "source": "https://rawgit.com/cocoonfx/causeway/master/src/js/com/teleometry/causeway/purchase_example/workers/makeCausewayLogger.js",
    "span": [ [ 288, 38 ] ]
   },
   {
    "name": "doWebWorkersTest",
    "source": "https://rawgit.com/cocoonfx/causeway/master/src/js/com/teleometry/causeway/purchase_example/workers/mainBuyer.js",
    "span": [ [ 147, 31 ] ]
   },
   {
    "name": "onload",
    "source": "https://rawgit.com/cocoonfx/causeway/master/src/js/com/teleometry/workersExample.html",
    "span": [ [ 8, 17 ] ]
   }
  ]
 }
},
{
 "class": [
  "org.ref_send.log.Fulfilled",
  "org.ref_send.log.Resolved",
  "org.ref_send.log.Event"
 ],
 "anchor": {
  "number": 1,
  "turn": {
   "loop": "accounts",
   "number": 0
  }
 },
 "condition": "ucid:0.909135467140004:accounts",
 "timestamp": 1454211857682,
 "trace": {
  "calls": [
   {
    "name": "getCWStack",
    "source": "https://rawgit.com/cocoonfx/causeway/master/src/js/com/teleometry/causeway/purchase_example/workers/makeCausewayLogger.js",
    "span": [ [ 152, 41 ] ]
   },
   {
    "name": "logFulfilledRecord",
    "source": "https://rawgit.com/cocoonfx/causeway/master/src/js/com/teleometry/causeway/purchase_example/workers/makeCausewayLogger.js",
    "span": [ [ 195, 49 ] ]
   },
   {
    "name": "addEventListener",
    "source": "https://rawgit.com/cocoonfx/causeway/master/src/js/com/teleometry/causeway/purchase_example/workers/makeCausewayLogger.js",
    "span": [ [ 288, 38 ] ]
   },
   {
    "name": "?",
    "source": "https://rawgit.com/cocoonfx/causeway/master/src/js/com/teleometry/causeway/purchase_example/workers/wwAccounts.js",
    "span": [ [ 18, 24 ] ]
   },
   {
    "name": "global code",
    "source": "https://rawgit.com/cocoonfx/causeway/master/src/js/com/teleometry/causeway/purchase_example/workers/wwAccounts.js",
    "span": [ [ 30, 3 ] ]
   }
  ]
 }
},
{
 "class": [
  "org.ref_send.log.Fulfilled",
  "org.ref_send.log.Resolved",
  "org.ref_send.log.Event"
 ],
 "anchor": {
  "number": 1,
  "turn": {
   "loop": "product",
   "number": 0
  }
 },
 "condition": "ucid:0.5438107594382018:product",
 "timestamp": 1454211857682,
 "trace": {
  "calls": [
   {
    "name": "getCWStack",
    "source": "https://rawgit.com/cocoonfx/causeway/master/src/js/com/teleometry/causeway/purchase_example/workers/makeCausewayLogger.js",
    "span": [ [ 152, 41 ] ]
   },
   {
    "name": "logFulfilledRecord",
    "source": "https://rawgit.com/cocoonfx/causeway/master/src/js/com/teleometry/causeway/purchase_example/workers/makeCausewayLogger.js",
    "span": [ [ 195, 49 ] ]
   },
   {
    "name": "addEventListener",
    "source": "https://rawgit.com/cocoonfx/causeway/master/src/js/com/teleometry/causeway/purchase_example/workers/makeCausewayLogger.js",
    "span": [ [ 288, 38 ] ]
   },
   {
    "name": "?",
    "source": "https://rawgit.com/cocoonfx/causeway/master/src/js/com/teleometry/causeway/purchase_example/workers/wwProduct.js",
    "span": [ [ 26, 24 ] ]
   },
   {
    "name": "global code",
    "source": "https://rawgit.com/cocoonfx/causeway/master/src/js/com/teleometry/causeway/purchase_example/workers/wwProduct.js",
    "span": [ [ 46, 3 ] ]
   }
  ]
 }
},
{
 "class": [
  "org.ref_send.log.Got",
  "org.ref_send.log.Event"
 ],
 "anchor": {
  "number": 0,
  "turn": {
   "loop": "accounts",
   "number": 1
  }
 },
 "message": "umid:0.5799335981719196:buyer",
 "timestamp": 1454211857683,
 "trace": {
  "calls": [
   {
    "name": "getCWStack",
    "source": "https://rawgit.com/cocoonfx/causeway/master/src/js/com/teleometry/causeway/purchase_example/workers/makeCausewayLogger.js",
    "span": [ [ 152, 41 ] ]
   },
   {
    "name": "logGotRecord",
    "source": "https://rawgit.com/cocoonfx/causeway/master/src/js/com/teleometry/causeway/purchase_example/workers/makeCausewayLogger.js",
    "span": [ [ 170, 39 ] ]
   },
   {
    "name": "newCallback",
    "source": "https://rawgit.com/cocoonfx/causeway/master/src/js/com/teleometry/causeway/purchase_example/workers/makeCausewayLogger.js",
    "span": [ [ 277, 36 ] ]
   }
  ]
 }
},
{
 "class": [
  "org.ref_send.log.Got",
  "org.ref_send.log.Event"
 ],
 "anchor": {
  "number": 0,
  "turn": {
   "loop": "product",
   "number": 1
  }
 },
 "message": "umid:0.49431783938780427:buyer",
 "timestamp": 1454211857683,
 "trace": {
  "calls": [
   {
    "name": "getCWStack",
    "source": "https://rawgit.com/cocoonfx/causeway/master/src/js/com/teleometry/causeway/purchase_example/workers/makeCausewayLogger.js",
    "span": [ [ 152, 41 ] ]
   },
   {
    "name": "logGotRecord",
    "source": "https://rawgit.com/cocoonfx/causeway/master/src/js/com/teleometry/causeway/purchase_example/workers/makeCausewayLogger.js",
    "span": [ [ 170, 39 ] ]
   },
   {
    "name": "newCallback",
    "source": "https://rawgit.com/cocoonfx/causeway/master/src/js/com/teleometry/causeway/purchase_example/workers/makeCausewayLogger.js",
    "span": [ [ 277, 36 ] ]
   }
  ]
 }
},
{
 "class": [
  "org.ref_send.log.SentIf",
  "org.ref_send.log.Sent",
  "org.ref_send.log.Event"
 ],
 "anchor": {
  "number": 1,
  "turn": {
   "loop": "accounts",
   "number": 1
  }
 },
 "condition": "ucid:0.909135467140004:accounts",
 "message": "umid:0.15832043532282114:accounts",
 "timestamp": 1454211857683,
 "trace": {
  "calls": [
   {
    "name": "getCWStack",
    "source": "https://rawgit.com/cocoonfx/causeway/master/src/js/com/teleometry/causeway/purchase_example/workers/makeCausewayLogger.js",
    "span": [ [ 152, 41 ] ]
   },
   {
    "name": "logSentIfRecord",
    "source": "https://rawgit.com/cocoonfx/causeway/master/src/js/com/teleometry/causeway/purchase_example/workers/makeCausewayLogger.js",
    "span": [ [ 180, 53 ] ]
   },
   {
    "name": "newCallback",
    "source": "https://rawgit.com/cocoonfx/causeway/master/src/js/com/teleometry/causeway/purchase_example/workers/makeCausewayLogger.js",
    "span": [ [ 281, 37 ] ]
   }
  ]
 }
},
{
 "class": [
  "org.ref_send.log.SentIf",
  "org.ref_send.log.Sent",
  "org.ref_send.log.Event"
 ],
 "anchor": {
  "number": 1,
  "turn": {
   "loop": "product",
   "number": 1
  }
 },
 "condition": "ucid:0.5438107594382018:product",
 "message": "umid:0.2596153363119811:product",
 "timestamp": 1454211857683,
 "trace": {
  "calls": [
   {
    "name": "getCWStack",
    "source": "https://rawgit.com/cocoonfx/causeway/master/src/js/com/teleometry/causeway/purchase_example/workers/makeCausewayLogger.js",
    "span": [ [ 152, 41 ] ]
   },
   {
    "name": "logSentIfRecord",
    "source": "https://rawgit.com/cocoonfx/causeway/master/src/js/com/teleometry/causeway/purchase_example/workers/makeCausewayLogger.js",
    "span": [ [ 180, 53 ] ]
   },
   {
    "name": "newCallback",
    "source": "https://rawgit.com/cocoonfx/causeway/master/src/js/com/teleometry/causeway/purchase_example/workers/makeCausewayLogger.js",
    "span": [ [ 281, 37 ] ]
   }
  ]
 }
},
{
 "class": [
  "org.ref_send.log.Got",
  "org.ref_send.log.Event"
 ],
 "anchor": {
  "number": 0,
  "turn": {
   "loop": "accounts",
   "number": 2
  }
 },
 "message": "umid:0.15832043532282114:accounts",
 "timestamp": 1454211857683,
 "trace": {
  "calls": [
   {
    "name": "getCWStack",
    "source": "https://rawgit.com/cocoonfx/causeway/master/src/js/com/teleometry/causeway/purchase_example/workers/makeCausewayLogger.js",
    "span": [ [ 152, 41 ] ]
   },
   {
    "name": "logGotRecord",
    "source": "https://rawgit.com/cocoonfx/causeway/master/src/js/com/teleometry/causeway/purchase_example/workers/makeCausewayLogger.js",
    "span": [ [ 170, 39 ] ]
   },
   {
    "name": "newCallback",
    "source": "https://rawgit.com/cocoonfx/causeway/master/src/js/com/teleometry/causeway/purchase_example/workers/makeCausewayLogger.js",
    "span": [ [ 282, 34 ] ]
   }
  ]
 }
},
{
 "class": [
  "org.ref_send.log.Got",
  "org.ref_send.log.Event"
 ],
 "anchor": {
  "number": 0,
  "turn": {
   "loop": "product",
   "number": 2
  }
 },
 "message": "umid:0.2596153363119811:product",
 "timestamp": 1454211857683,
 "trace": {
  "calls": [
   {
    "name": "getCWStack",
    "source": "https://rawgit.com/cocoonfx/causeway/master/src/js/com/teleometry/causeway/purchase_example/workers/makeCausewayLogger.js",
    "span": [ [ 152, 41 ] ]
   },
   {
    "name": "logGotRecord",
    "source": "https://rawgit.com/cocoonfx/causeway/master/src/js/com/teleometry/causeway/purchase_example/workers/makeCausewayLogger.js",
    "span": [ [ 170, 39 ] ]
   },
   {
    "name": "newCallback",
    "source": "https://rawgit.com/cocoonfx/causeway/master/src/js/com/teleometry/causeway/purchase_example/workers/makeCausewayLogger.js",
    "span": [ [ 282, 34 ] ]
   }
  ]
 }
},
{
 "class": [
  "org.ref_send.log.Sent",
  "org.ref_send.log.Event"
 ],
 "anchor": {
  "number": 1,
  "turn": {
   "loop": "accounts",
   "number": 2
  }
 },
 "message": "umid:0.9027042430825531:accounts",
 "timestamp": 1454211857684,
 "trace": {
  "calls": [
   {
    "name": "getCWStack",
    "source": "https://rawgit.com/cocoonfx/causeway/master/src/js/com/teleometry/causeway/purchase_example/workers/makeCausewayLogger.js",
    "span": [ [ 152, 41 ] ]
   },
   {
    "name": "logSentRecord",
    "source": "https://rawgit.com/cocoonfx/causeway/master/src/js/com/teleometry/causeway/purchase_example/workers/makeCausewayLogger.js",
    "span": [ [ 159, 40 ] ]
   },
   {
    "name": "postMessage",
    "source": "https://rawgit.com/cocoonfx/causeway/master/src/js/com/teleometry/causeway/purchase_example/workers/makeCausewayLogger.js",
    "span": [ [ 258, 31 ] ]
   },
   {
    "name": "?",
    "source": "https://rawgit.com/cocoonfx/causeway/master/src/js/com/teleometry/causeway/purchase_example/workers/wwAccounts.js",
    "span": [ [ 23, 23 ] ]
   },
   {
    "name": "newCallback",
    "source": "https://rawgit.com/cocoonfx/causeway/master/src/js/com/teleometry/causeway/purchase_example/workers/makeCausewayLogger.js",
    "span": [ [ 284, 38 ] ]
   }
  ]
 }
},
{
 "class": [
  "org.ref_send.log.Got",
  "org.ref_send.log.Event"
 ],
 "anchor": {
  "number": 0,
  "turn": {
   "loop": "buyer",
   "number": 1
  }
 },
 "message": "umid:0.9027042430825531:accounts",
 "timestamp": 1454211857684,
 "trace": {
  "calls": [
   {
    "name": "getCWStack",
    "source": "https://rawgit.com/cocoonfx/causeway/master/src/js/com/teleometry/causeway/purchase_example/workers/makeCausewayLogger.js",
    "span": [ [ 152, 41 ] ]
   },
   {
    "name": "logGotRecord",
    "source": "https://rawgit.com/cocoonfx/causeway/master/src/js/com/teleometry/causeway/purchase_example/workers/makeCausewayLogger.js",
    "span": [ [ 170, 39 ] ]
   },
   {
    "name": "newCallback",
    "source": "https://rawgit.com/cocoonfx/causeway/master/src/js/com/teleometry/causeway/purchase_example/workers/makeCausewayLogger.js",
    "span": [ [ 277, 36 ] ]
   }
  ]
 }
},
{
 "class": [
  "org.ref_send.log.SentIf",
  "org.ref_send.log.Sent",
  "org.ref_send.log.Event"
 ],
 "anchor": {
  "number": 1,
  "turn": {
   "loop": "buyer",
   "number": 1
  }
 },
 "condition": "ucid:0.16125862929038703:buyer",
 "message": "umid:0.789335479028523:buyer",
 "timestamp": 1454211857684,
 "trace": {
  "calls": [
   {
    "name": "getCWStack",
    "source": "https://rawgit.com/cocoonfx/causeway/master/src/js/com/teleometry/causeway/purchase_example/workers/makeCausewayLogger.js",
    "span": [ [ 152, 41 ] ]
   },
   {
    "name": "logSentIfRecord",
    "source": "https://rawgit.com/cocoonfx/causeway/master/src/js/com/teleometry/causeway/purchase_example/workers/makeCausewayLogger.js",
    "span": [ [ 180, 53 ] ]
   },
   {
    "name": "newCallback",
    "source": "https://rawgit.com/cocoonfx/causeway/master/src/js/com/teleometry/causeway/purchase_example/workers/makeCausewayLogger.js",
    "span": [ [ 281, 37 ] ]
   }
  ]
 }
},
{
 "class": [
  "org.ref_send.log.Got",
  "org.ref_send.log.Event"
 ],
 "anchor": {
  "number": 0,
  "turn": {
   "loop": "buyer",
   "number": 2
  }
 },
 "message": "umid:0.789335479028523:buyer",
 "timestamp": 1454211857684,
 "trace": {
  "calls": [
   {
    "name": "getCWStack",
    "source": "https://rawgit.com/cocoonfx/causeway/master/src/js/com/teleometry/causeway/purchase_example/workers/makeCausewayLogger.js",
    "span": [ [ 152, 41 ] ]
   },
   {
    "name": "logGotRecord",
    "source": "https://rawgit.com/cocoonfx/causeway/master/src/js/com/teleometry/causeway/purchase_example/workers/makeCausewayLogger.js",
    "span": [ [ 170, 39 ] ]
   },
   {
    "name": "newCallback",
    "source": "https://rawgit.com/cocoonfx/causeway/master/src/js/com/teleometry/causeway/purchase_example/workers/makeCausewayLogger.js",
    "span": [ [ 282, 34 ] ]
   }
  ]
 }
},
{
 "class": [
  "org.ref_send.log.Sent",
  "org.ref_send.log.Event"
 ],
 "anchor": {
  "number": 1,
  "turn": {
   "loop": "buyer",
   "number": 2
  }
 },
 "message": "umid:0.22310498007573187:buyer",
 "timestamp": 1454211857684,
 "trace": {
  "calls": [
   {
    "name": "getCWStack",
    "source": "https://rawgit.com/cocoonfx/causeway/master/src/js/com/teleometry/causeway/purchase_example/workers/makeCausewayLogger.js",
    "span": [ [ 152, 41 ] ]
   },
   {
    "name": "logSentRecord",
    "source": "https://rawgit.com/cocoonfx/causeway/master/src/js/com/teleometry/causeway/purchase_example/workers/makeCausewayLogger.js",
    "span": [ [ 159, 40 ] ]
   },
   {
    "name": "send",
    "source": "https://rawgit.com/cocoonfx/causeway/master/src/js/com/teleometry/causeway/purchase_example/workers/makeCausewayLogger.js",
    "span": [ [ 214, 29 ] ]
   },
   {
    "name": "?",
    "source": "https://rawgit.com/cocoonfx/causeway/master/src/js/com/teleometry/causeway/purchase_example/workers/mainBuyer.js",
    "span": [ [ 152, 16 ] ]
   },
   {
    "name": "newCallback",
    "source": "https://rawgit.com/cocoonfx/causeway/master/src/js/com/teleometry/causeway/purchase_example/workers/makeCausewayLogger.js",
    "span": [ [ 284, 38 ] ]
   }
  ]
 }
},
{
 "class": [
  "org.ref_send.log.Sent",
  "org.ref_send.log.Event"
 ],
 "anchor": {
  "number": 1,
  "turn": {
   "loop": "product",
   "number": 2
  }
 },
 "message": "umid:0.4879763361532241:product",
 "timestamp": 1454211857684,
 "trace": {
  "calls": [
   {
    "name": "getCWStack",
    "source": "https://rawgit.com/cocoonfx/causeway/master/src/js/com/teleometry/causeway/purchase_example/workers/makeCausewayLogger.js",
    "span": [ [ 152, 41 ] ]
   },
   {
    "name": "logSentRecord",
    "source": "https://rawgit.com/cocoonfx/causeway/master/src/js/com/teleometry/causeway/purchase_example/workers/makeCausewayLogger.js",
    "span": [ [ 159, 40 ] ]
   },
   {
    "name": "postMessage",
    "source": "https://rawgit.com/cocoonfx/causeway/master/src/js/com/teleometry/causeway/purchase_example/workers/makeCausewayLogger.js",
    "span": [ [ 258, 31 ] ]
   },
   {
    "name": "?",
    "source": "https://rawgit.com/cocoonfx/causeway/master/src/js/com/teleometry/causeway/purchase_example/workers/wwProduct.js",
    "span": [ [ 31, 23 ] ]
   },
   {
    "name": "newCallback",
    "source": "https://rawgit.com/cocoonfx/causeway/master/src/js/com/teleometry/causeway/purchase_example/workers/makeCausewayLogger.js",
    "span": [ [ 284, 38 ] ]
   }
  ]
 }
},
{
 "class": [
  "org.ref_send.log.Got",
  "org.ref_send.log.Event"
 ],
 "anchor": {
  "number": 0,
  "turn": {
   "loop": "buyer",
   "number": 3
  }
 },
 "message": "umid:0.4879763361532241:product",
 "timestamp": 1454211857684,
 "trace": {
  "calls": [
   {
    "name": "getCWStack",
    "source": "https://rawgit.com/cocoonfx/causeway/master/src/js/com/teleometry/causeway/purchase_example/workers/makeCausewayLogger.js",
    "span": [ [ 152, 41 ] ]
   },
   {
    "name": "logGotRecord",
    "source": "https://rawgit.com/cocoonfx/causeway/master/src/js/com/teleometry/causeway/purchase_example/workers/makeCausewayLogger.js",
    "span": [ [ 170, 39 ] ]
   },
   {
    "name": "newCallback",
    "source": "https://rawgit.com/cocoonfx/causeway/master/src/js/com/teleometry/causeway/purchase_example/workers/makeCausewayLogger.js",
    "span": [ [ 277, 36 ] ]
   }
  ]
 }
},
{
 "class": [
  "org.ref_send.log.SentIf",
  "org.ref_send.log.Sent",
  "org.ref_send.log.Event"
 ],
 "anchor": {
  "number": 1,
  "turn": {
   "loop": "buyer",
   "number": 3
  }
 },
 "condition": "ucid:0.7623715011868626:buyer",
 "message": "umid:0.9642219501547515:buyer",
 "timestamp": 1454211857685,
 "trace": {
  "calls": [
   {
    "name": "getCWStack",
    "source": "https://rawgit.com/cocoonfx/causeway/master/src/js/com/teleometry/causeway/purchase_example/workers/makeCausewayLogger.js",
    "span": [ [ 152, 41 ] ]
   },
   {
    "name": "logSentIfRecord",
    "source": "https://rawgit.com/cocoonfx/causeway/master/src/js/com/teleometry/causeway/purchase_example/workers/makeCausewayLogger.js",
    "span": [ [ 180, 53 ] ]
   },
   {
    "name": "newCallback",
    "source": "https://rawgit.com/cocoonfx/causeway/master/src/js/com/teleometry/causeway/purchase_example/workers/makeCausewayLogger.js",
    "span": [ [ 281, 37 ] ]
   }
  ]
 }
},
{
 "class": [
  "org.ref_send.log.Got",
  "org.ref_send.log.Event"
 ],
 "anchor": {
  "number": 0,
  "turn": {
   "loop": "buyer",
   "number": 4
  }
 },
 "message": "umid:0.9642219501547515:buyer",
 "timestamp": 1454211857685,
 "trace": {
  "calls": [
   {
    "name": "getCWStack",
    "source": "https://rawgit.com/cocoonfx/causeway/master/src/js/com/teleometry/causeway/purchase_example/workers/makeCausewayLogger.js",
    "span": [ [ 152, 41 ] ]
   },
   {
    "name": "logGotRecord",
    "source": "https://rawgit.com/cocoonfx/causeway/master/src/js/com/teleometry/causeway/purchase_example/workers/makeCausewayLogger.js",
    "span": [ [ 170, 39 ] ]
   },
   {
    "name": "newCallback",
    "source": "https://rawgit.com/cocoonfx/causeway/master/src/js/com/teleometry/causeway/purchase_example/workers/makeCausewayLogger.js",
    "span": [ [ 282, 34 ] ]
   }
  ]
 }
},
{
 "class": [
  "org.ref_send.log.Sent",
  "org.ref_send.log.Event"
 ],
 "anchor": {
  "number": 1,
  "turn": {
   "loop": "buyer",
   "number": 4
  }
 },
 "message": "umid:0.7702063075266778:buyer",
 "timestamp": 1454211857685,
 "trace": {
  "calls": [
   {
    "name": "getCWStack",
    "source": "https://rawgit.com/cocoonfx/causeway/master/src/js/com/teleometry/causeway/purchase_example/workers/makeCausewayLogger.js",
    "span": [ [ 152, 41 ] ]
   },
   {
    "name": "logSentRecord",
    "source": "https://rawgit.com/cocoonfx/causeway/master/src/js/com/teleometry/causeway/purchase_example/workers/makeCausewayLogger.js",
    "span": [ [ 159, 40 ] ]
   },
   {
    "name": "send",
    "source": "https://rawgit.com/cocoonfx/causeway/master/src/js/com/teleometry/causeway/purchase_example/workers/makeCausewayLogger.js",
    "span": [ [ 214, 29 ] ]
   },
   {
    "name": "?",
    "source": "https://rawgit.com/cocoonfx/causeway/master/src/js/com/teleometry/causeway/purchase_example/workers/mainBuyer.js",
    "span": [ [ 129, 16 ] ]
   },
   {
    "name": "newCallback",
    "source": "https://rawgit.com/cocoonfx/causeway/master/src/js/com/teleometry/causeway/purchase_example/workers/makeCausewayLogger.js",
    "span": [ [ 284, 38 ] ]
   }
  ]
 }
},
{
 "class": [
  "org.ref_send.log.Got",
  "org.ref_send.log.Event"
 ],
 "anchor": {
  "number": 0,
  "turn": {
   "loop": "product",
   "number": 3
  }
 },
 "message": "umid:0.07423617853783071:buyer",
 "timestamp": 1454211857684,
 "trace": {
  "calls": [
   {
    "name": "getCWStack",
    "source": "https://rawgit.com/cocoonfx/causeway/master/src/js/com/teleometry/causeway/purchase_example/workers/makeCausewayLogger.js",
    "span": [ [ 152, 41 ] ]
   },
   {
    "name": "logGotRecord",
    "source": "https://rawgit.com/cocoonfx/causeway/master/src/js/com/teleometry/causeway/purchase_example/workers/makeCausewayLogger.js",
    "span": [ [ 170, 39 ] ]
   },
   {
    "name": "newCallback",
    "source": "https://rawgit.com/cocoonfx/causeway/master/src/js/com/teleometry/causeway/purchase_example/workers/makeCausewayLogger.js",
    "span": [ [ 277, 36 ] ]
   }
  ]
 }
},
{
 "class": [
  "org.ref_send.log.SentIf",
  "org.ref_send.log.Sent",
  "org.ref_send.log.Event"
 ],
 "anchor": {
  "number": 1,
  "turn": {
   "loop": "product",
   "number": 3
  }
 },
 "condition": "ucid:0.5438107594382018:product",
 "message": "umid:0.8424417525529861:product",
 "timestamp": 1454211857684,
 "trace": {
  "calls": [
   {
    "name": "getCWStack",
    "source": "https://rawgit.com/cocoonfx/causeway/master/src/js/com/teleometry/causeway/purchase_example/workers/makeCausewayLogger.js",
    "span": [ [ 152, 41 ] ]
   },
   {
    "name": "logSentIfRecord",
    "source": "https://rawgit.com/cocoonfx/causeway/master/src/js/com/teleometry/causeway/purchase_example/workers/makeCausewayLogger.js",
    "span": [ [ 180, 53 ] ]
   },
   {
    "name": "newCallback",
    "source": "https://rawgit.com/cocoonfx/causeway/master/src/js/com/teleometry/causeway/purchase_example/workers/makeCausewayLogger.js",
    "span": [ [ 281, 37 ] ]
   }
  ]
 }
},
{
 "class": [
  "org.ref_send.log.Got",
  "org.ref_send.log.Event"
 ],
 "anchor": {
  "number": 0,
  "turn": {
   "loop": "product",
   "number": 4
  }
 },
 "message": "umid:0.8424417525529861:product",
 "timestamp": 1454211857684,
 "trace": {
  "calls": [
   {
    "name": "getCWStack",
    "source": "https://rawgit.com/cocoonfx/causeway/master/src/js/com/teleometry/causeway/purchase_example/workers/makeCausewayLogger.js",
    "span": [ [ 152, 41 ] ]
   },
   {
    "name": "logGotRecord",
    "source": "https://rawgit.com/cocoonfx/causeway/master/src/js/com/teleometry/causeway/purchase_example/workers/makeCausewayLogger.js",
    "span": [ [ 170, 39 ] ]
   },
   {
    "name": "newCallback",
    "source": "https://rawgit.com/cocoonfx/causeway/master/src/js/com/teleometry/causeway/purchase_example/workers/makeCausewayLogger.js",
    "span": [ [ 282, 34 ] ]
   }
  ]
 }
},
{
 "class": [
  "org.ref_send.log.Sent",
  "org.ref_send.log.Event"
 ],
 "anchor": {
  "number": 1,
  "turn": {
   "loop": "product",
   "number": 4
  }
 },
 "message": "umid:0.9304180885665119:product",
 "timestamp": 1454211857684,
 "trace": {
  "calls": [
   {
    "name": "getCWStack",
    "source": "https://rawgit.com/cocoonfx/causeway/master/src/js/com/teleometry/causeway/purchase_example/workers/makeCausewayLogger.js",
    "span": [ [ 152, 41 ] ]
   },
   {
    "name": "logSentRecord",
    "source": "https://rawgit.com/cocoonfx/causeway/master/src/js/com/teleometry/causeway/purchase_example/workers/makeCausewayLogger.js",
    "span": [ [ 159, 40 ] ]
   },
   {
    "name": "postMessage",
    "source": "https://rawgit.com/cocoonfx/causeway/master/src/js/com/teleometry/causeway/purchase_example/workers/makeCausewayLogger.js",
    "span": [ [ 258, 31 ] ]
   },
   {
    "name": "?",
    "source": "https://rawgit.com/cocoonfx/causeway/master/src/js/com/teleometry/causeway/purchase_example/workers/wwProduct.js",
    "span": [ [ 35, 23 ] ]
   },
   {
    "name": "newCallback",
    "source": "https://rawgit.com/cocoonfx/causeway/master/src/js/com/teleometry/causeway/purchase_example/workers/makeCausewayLogger.js",
    "span": [ [ 284, 38 ] ]
   }
  ]
 }
},
{
 "class": [
  "org.ref_send.log.Got",
  "org.ref_send.log.Event"
 ],
 "anchor": {
  "number": 0,
  "turn": {
   "loop": "buyer",
   "number": 5
  }
 },
 "message": "umid:0.9304180885665119:product",
 "timestamp": 1454211857685,
 "trace": {
  "calls": [
   {
    "name": "getCWStack",
    "source": "https://rawgit.com/cocoonfx/causeway/master/src/js/com/teleometry/causeway/purchase_example/workers/makeCausewayLogger.js",
    "span": [ [ 152, 41 ] ]
   },
   {
    "name": "logGotRecord",
    "source": "https://rawgit.com/cocoonfx/causeway/master/src/js/com/teleometry/causeway/purchase_example/workers/makeCausewayLogger.js",
    "span": [ [ 170, 39 ] ]
   },
   {
    "name": "newCallback",
    "source": "https://rawgit.com/cocoonfx/causeway/master/src/js/com/teleometry/causeway/purchase_example/workers/makeCausewayLogger.js",
    "span": [ [ 277, 36 ] ]
   }
  ]
 }
},
{
 "class": [
  "org.ref_send.log.SentIf",
  "org.ref_send.log.Sent",
  "org.ref_send.log.Event"
 ],
 "anchor": {
  "number": 1,
  "turn": {
   "loop": "buyer",
   "number": 5
  }
 },
 "condition": "ucid:0.7623715011868626:buyer",
 "message": "umid:0.5312543811742216:buyer",
 "timestamp": 1454211857685,
 "trace": {
  "calls": [
   {
    "name": "getCWStack",
    "source": "https://rawgit.com/cocoonfx/causeway/master/src/js/com/teleometry/causeway/purchase_example/workers/makeCausewayLogger.js",
    "span": [ [ 152, 41 ] ]
   },
   {
    "name": "logSentIfRecord",
    "source": "https://rawgit.com/cocoonfx/causeway/master/src/js/com/teleometry/causeway/purchase_example/workers/makeCausewayLogger.js",
    "span": [ [ 180, 53 ] ]
   },
   {
    "name": "newCallback",
    "source": "https://rawgit.com/cocoonfx/causeway/master/src/js/com/teleometry/causeway/purchase_example/workers/makeCausewayLogger.js",
    "span": [ [ 281, 37 ] ]
   }
  ]
 }
},
{
 "class": [
  "org.ref_send.log.Got",
  "org.ref_send.log.Event"
 ],
 "anchor": {
  "number": 0,
  "turn": {
   "loop": "buyer",
   "number": 6
  }
 },
 "message": "umid:0.5312543811742216:buyer",
 "timestamp": 1454211857685,
 "trace": {
  "calls": [
   {
    "name": "getCWStack",
    "source": "https://rawgit.com/cocoonfx/causeway/master/src/js/com/teleometry/causeway/purchase_example/workers/makeCausewayLogger.js",
    "span": [ [ 152, 41 ] ]
   },
   {
    "name": "logGotRecord",
    "source": "https://rawgit.com/cocoonfx/causeway/master/src/js/com/teleometry/causeway/purchase_example/workers/makeCausewayLogger.js",
    "span": [ [ 170, 39 ] ]
   },
   {
    "name": "newCallback",
    "source": "https://rawgit.com/cocoonfx/causeway/master/src/js/com/teleometry/causeway/purchase_example/workers/makeCausewayLogger.js",
    "span": [ [ 282, 34 ] ]
   }
  ]
 }
},
{
 "class": [
  "org.ref_send.log.Sent",
  "org.ref_send.log.Event"
 ],
 "anchor": {
  "number": 1,
  "turn": {
   "loop": "buyer",
   "number": 6
  }
 },
 "message": "umid:0.10905968165025115:buyer",
 "timestamp": 1454211857685,
 "trace": {
  "calls": [
   {
    "name": "getCWStack",
    "source": "https://rawgit.com/cocoonfx/causeway/master/src/js/com/teleometry/causeway/purchase_example/workers/makeCausewayLogger.js",
    "span": [ [ 152, 41 ] ]
   },
   {
    "name": "logSentRecord",
    "source": "https://rawgit.com/cocoonfx/causeway/master/src/js/com/teleometry/causeway/purchase_example/workers/makeCausewayLogger.js",
    "span": [ [ 159, 40 ] ]
   },
   {
    "name": "send",
    "source": "https://rawgit.com/cocoonfx/causeway/master/src/js/com/teleometry/causeway/purchase_example/workers/makeCausewayLogger.js",
    "span": [ [ 214, 29 ] ]
   },
   {
    "name": "?",
    "source": "https://rawgit.com/cocoonfx/causeway/master/src/js/com/teleometry/causeway/purchase_example/workers/mainBuyer.js",
    "span": [ [ 129, 16 ] ]
   },
   {
    "name": "newCallback",
    "source": "https://rawgit.com/cocoonfx/causeway/master/src/js/com/teleometry/causeway/purchase_example/workers/makeCausewayLogger.js",
    "span": [ [ 284, 38 ] ]
   }
  ]
 }
},
{
 "class": [
  "org.ref_send.log.Got",
  "org.ref_send.log.Event"
 ],
 "anchor": {
  "number": 0,
  "turn": {
   "loop": "buyer",
   "number": 7
  }
 },
 "message": "umid:0.22310498007573187:buyer",
 "timestamp": 1454211857686,
 "trace": {
  "calls": [
   {
    "name": "getCWStack",
    "source": "https://rawgit.com/cocoonfx/causeway/master/src/js/com/teleometry/causeway/purchase_example/workers/makeCausewayLogger.js",
    "span": [ [ 152, 41 ] ]
   },
   {
    "name": "logGotRecord",
    "source": "https://rawgit.com/cocoonfx/causeway/master/src/js/com/teleometry/causeway/purchase_example/workers/makeCausewayLogger.js",
    "span": [ [ 170, 39 ] ]
   },
   {
    "name": "?",
    "source": "https://rawgit.com/cocoonfx/causeway/master/src/js/com/teleometry/causeway/purchase_example/workers/makeCausewayLogger.js",
    "span": [ [ 216, 30 ] ]
   }
  ]
 }
},
{
 "class": [
  "org.ref_send.log.Got",
  "org.ref_send.log.Event"
 ],
 "anchor": {
  "number": 0,
  "turn": {
   "loop": "buyer",
   "number": 8
  }
 },
 "message": "umid:0.7702063075266778:buyer",
 "timestamp": 1454211857686,
 "trace": {
  "calls": [
   {
    "name": "getCWStack",
    "source": "https://rawgit.com/cocoonfx/causeway/master/src/js/com/teleometry/causeway/purchase_example/workers/makeCausewayLogger.js",
    "span": [ [ 152, 41 ] ]
   },
   {
    "name": "logGotRecord",
    "source": "https://rawgit.com/cocoonfx/causeway/master/src/js/com/teleometry/causeway/purchase_example/workers/makeCausewayLogger.js",
    "span": [ [ 170, 39 ] ]
   },
   {
    "name": "?",
    "source": "https://rawgit.com/cocoonfx/causeway/master/src/js/com/teleometry/causeway/purchase_example/workers/makeCausewayLogger.js",
    "span": [ [ 216, 30 ] ]
   }
  ]
 }
},
{
 "class": [
  "org.ref_send.log.Got",
  "org.ref_send.log.Event"
 ],
 "anchor": {
  "number": 0,
  "turn": {
   "loop": "buyer",
   "number": 9
  }
 },
 "message": "umid:0.10905968165025115:buyer",
 "timestamp": 1454211857686,
 "trace": {
  "calls": [
   {
    "name": "getCWStack",
    "source": "https://rawgit.com/cocoonfx/causeway/master/src/js/com/teleometry/causeway/purchase_example/workers/makeCausewayLogger.js",
    "span": [ [ 152, 41 ] ]
   },
   {
    "name": "logGotRecord",
    "source": "https://rawgit.com/cocoonfx/causeway/master/src/js/com/teleometry/causeway/purchase_example/workers/makeCausewayLogger.js",
    "span": [ [ 170, 39 ] ]
   },
   {
    "name": "?",
    "source": "https://rawgit.com/cocoonfx/causeway/master/src/js/com/teleometry/causeway/purchase_example/workers/makeCausewayLogger.js",
    "span": [ [ 216, 30 ] ]
   }
  ]
 }
},
{
 "class": [
  "org.ref_send.log.Sent",
  "org.ref_send.log.Event"
 ],
 "anchor": {
  "number": 1,
  "turn": {
   "loop": "buyer",
   "number": 9
  }
 },
 "message": "umid:0.26628491817973554:buyer",
 "timestamp": 1454211857687,
 "trace": {
  "calls": [
   {
    "name": "getCWStack",
    "source": "https://rawgit.com/cocoonfx/causeway/master/src/js/com/teleometry/causeway/purchase_example/workers/makeCausewayLogger.js",
    "span": [ [ 152, 41 ] ]
   },
   {
    "name": "logSentRecord",
    "source": "https://rawgit.com/cocoonfx/causeway/master/src/js/com/teleometry/causeway/purchase_example/workers/makeCausewayLogger.js",
    "span": [ [ 159, 40 ] ]
   },
   {
    "name": "send",
    "source": "https://rawgit.com/cocoonfx/causeway/master/src/js/com/teleometry/causeway/purchase_example/workers/makeCausewayLogger.js",
    "span": [ [ 214, 29 ] ]
   },
   {
    "name": "run",
    "source": "https://rawgit.com/cocoonfx/causeway/master/src/js/com/teleometry/causeway/purchase_example/workers/asyncAnd.js",
    "span": [ [ 28, 18 ] ]
   },
   {
    "name": "?",
    "source": "https://rawgit.com/cocoonfx/causeway/master/src/js/com/teleometry/causeway/purchase_example/workers/makeCausewayLogger.js",
    "span": [ [ 217, 27 ] ]
   }
  ]
 }
},
{
 "class": [
  "org.ref_send.log.Got",
  "org.ref_send.log.Event"
 ],
 "anchor": {
  "number": 0,
  "turn": {
   "loop": "buyer",
   "number": 10
  }
 },
 "message": "umid:0.26628491817973554:buyer",
 "timestamp": 1454211857688,
 "trace": {
  "calls": [
   {
    "name": "getCWStack",
    "source": "https://rawgit.com/cocoonfx/causeway/master/src/js/com/teleometry/causeway/purchase_example/workers/makeCausewayLogger.js",
    "span": [ [ 152, 41 ] ]
   },
   {
    "name": "logGotRecord",
    "source": "https://rawgit.com/cocoonfx/causeway/master/src/js/com/teleometry/causeway/purchase_example/workers/makeCausewayLogger.js",
    "span": [ [ 170, 39 ] ]
   },
   {
    "name": "?",
    "source": "https://rawgit.com/cocoonfx/causeway/master/src/js/com/teleometry/causeway/purchase_example/workers/makeCausewayLogger.js",
    "span": [ [ 216, 30 ] ]
   }
  ]
 }
},
{
 "class": [
  "org.ref_send.log.Comment",
  "org.ref_send.log.Event"
 ],
 "anchor": {
  "number": 1,
  "turn": {
   "loop": "buyer",
   "number": 10
  }
 },
 "text": "All queries answered true",
 "timestamp": 1454211857688,
 "trace": {
  "calls": [
   {
    "name": "getCWStack",
    "source": "https://rawgit.com/cocoonfx/causeway/master/src/js/com/teleometry/causeway/purchase_example/workers/makeCausewayLogger.js",
    "span": [ [ 152, 41 ] ]
   },
   {
    "name": "logCommentRecord",
    "source": "https://rawgit.com/cocoonfx/causeway/master/src/js/com/teleometry/causeway/purchase_example/workers/makeCausewayLogger.js",
    "span": [ [ 175, 42 ] ]
   },
   {
    "name": "run",
    "source": "https://rawgit.com/cocoonfx/causeway/master/src/js/com/teleometry/causeway/purchase_example/workers/mainBuyer.js",
    "span": [ [ 101, 37 ] ]
   },
   {
    "name": "?",
    "source": "https://rawgit.com/cocoonfx/causeway/master/src/js/com/teleometry/causeway/purchase_example/workers/makeCausewayLogger.js",
    "span": [ [ 217, 27 ] ]
   }
  ]
 }
},
{
 "class": [
  "org.ref_send.log.Sent",
  "org.ref_send.log.Event"
 ],
 "anchor": {
  "number": 2,
  "turn": {
   "loop": "buyer",
   "number": 10
  }
 },
 "message": "umid:0.4456734317354858:buyer",
 "timestamp": 1454211857688,
 "trace": {
  "calls": [
   {
    "name": "getCWStack",
    "source": "https://rawgit.com/cocoonfx/causeway/master/src/js/com/teleometry/causeway/purchase_example/workers/makeCausewayLogger.js",
    "span": [ [ 152, 41 ] ]
   },
   {
    "name": "logSentRecord",
    "source": "https://rawgit.com/cocoonfx/causeway/master/src/js/com/teleometry/causeway/purchase_example/workers/makeCausewayLogger.js",
    "span": [ [ 159, 40 ] ]
   },
   {
    "name": "postMessage",
    "source": "https://rawgit.com/cocoonfx/causeway/master/src/js/com/teleometry/causeway/purchase_example/workers/makeCausewayLogger.js",
    "span": [ [ 258, 31 ] ]
   },
   {
    "name": "run",
    "source": "https://rawgit.com/cocoonfx/causeway/master/src/js/com/teleometry/causeway/purchase_example/workers/mainBuyer.js",
    "span": [ [ 102, 31 ] ]
   },
   {
    "name": "?",
    "source": "https://rawgit.com/cocoonfx/causeway/master/src/js/com/teleometry/causeway/purchase_example/workers/makeCausewayLogger.js",
    "span": [ [ 217, 27 ] ]
   }
  ]
 }
},
{
 "class": [
  "org.ref_send.log.Got",
  "org.ref_send.log.Event"
 ],
 "anchor": {
  "number": 0,
  "turn": {
   "loop": "product",
   "number": 5
  }
 },
 "message": "umid:0.4456734317354858:buyer",
 "timestamp": 1454211857688,
 "trace": {
  "calls": [
   {
    "name": "getCWStack",
    "source": "https://rawgit.com/cocoonfx/causeway/master/src/js/com/teleometry/causeway/purchase_example/workers/makeCausewayLogger.js",
    "span": [ [ 152, 41 ] ]
   },
   {
    "name": "logGotRecord",
    "source": "https://rawgit.com/cocoonfx/causeway/master/src/js/com/teleometry/causeway/purchase_example/workers/makeCausewayLogger.js",
    "span": [ [ 170, 39 ] ]
   },
   {
    "name": "newCallback",
    "source": "https://rawgit.com/cocoonfx/causeway/master/src/js/com/teleometry/causeway/purchase_example/workers/makeCausewayLogger.js",
    "span": [ [ 277, 36 ] ]
   }
  ]
 }
},
{
 "class": [
  "org.ref_send.log.SentIf",
  "org.ref_send.log.Sent",
  "org.ref_send.log.Event"
 ],
 "anchor": {
  "number": 1,
  "turn": {
   "loop": "product",
   "number": 5
  }
 },
 "condition": "ucid:0.5438107594382018:product",
 "message": "umid:0.4779945018235594:product",
 "timestamp": 1454211857689,
 "trace": {
  "calls": [
   {
    "name": "getCWStack",
    "source": "https://rawgit.com/cocoonfx/causeway/master/src/js/com/teleometry/causeway/purchase_example/workers/makeCausewayLogger.js",
    "span": [ [ 152, 41 ] ]
   },
   {
    "name": "logSentIfRecord",
    "source": "https://rawgit.com/cocoonfx/causeway/master/src/js/com/teleometry/causeway/purchase_example/workers/makeCausewayLogger.js",
    "span": [ [ 180, 53 ] ]
   },
   {
    "name": "newCallback",
    "source": "https://rawgit.com/cocoonfx/causeway/master/src/js/com/teleometry/causeway/purchase_example/workers/makeCausewayLogger.js",
    "span": [ [ 281, 37 ] ]
   }
  ]
 }
},
{
 "class": [
  "org.ref_send.log.Got",
  "org.ref_send.log.Event"
 ],
 "anchor": {
  "number": 0,
  "turn": {
   "loop": "product",
   "number": 6
  }
 },
 "message": "umid:0.4779945018235594:product",
 "timestamp": 1454211857689,
 "trace": {
  "calls": [
   {
    "name": "getCWStack",
    "source": "https://rawgit.com/cocoonfx/causeway/master/src/js/com/teleometry/causeway/purchase_example/workers/makeCausewayLogger.js",
    "span": [ [ 152, 41 ] ]
   },
   {
    "name": "logGotRecord",
    "source": "https://rawgit.com/cocoonfx/causeway/master/src/js/com/teleometry/causeway/purchase_example/workers/makeCausewayLogger.js",
    "span": [ [ 170, 39 ] ]
   },
   {
    "name": "newCallback",
    "source": "https://rawgit.com/cocoonfx/causeway/master/src/js/com/teleometry/causeway/purchase_example/workers/makeCausewayLogger.js",
    "span": [ [ 282, 34 ] ]
   }
  ]
 }
},
{
 "class": [
  "org.ref_send.log.Sent",
  "org.ref_send.log.Event"
 ],
 "anchor": {
  "number": 1,
  "turn": {
   "loop": "product",
   "number": 6
  }
 },
 "message": "umid:0.923801314085722:product",
 "timestamp": 1454211857689,
 "trace": {
  "calls": [
   {
    "name": "getCWStack",
    "source": "https://rawgit.com/cocoonfx/causeway/master/src/js/com/teleometry/causeway/purchase_example/workers/makeCausewayLogger.js",
    "span": [ [ 152, 41 ] ]
   },
   {
    "name": "logSentRecord",
    "source": "https://rawgit.com/cocoonfx/causeway/master/src/js/com/teleometry/causeway/purchase_example/workers/makeCausewayLogger.js",
    "span": [ [ 159, 40 ] ]
   },
   {
    "name": "postMessage",
    "source": "https://rawgit.com/cocoonfx/causeway/master/src/js/com/teleometry/causeway/purchase_example/workers/makeCausewayLogger.js",
    "span": [ [ 258, 31 ] ]
   },
   {
    "name": "?",
    "source": "https://rawgit.com/cocoonfx/causeway/master/src/js/com/teleometry/causeway/purchase_example/workers/wwProduct.js",
    "span": [ [ 39, 23 ] ]
   },
   {
    "name": "newCallback",
    "source": "https://rawgit.com/cocoonfx/causeway/master/src/js/com/teleometry/causeway/purchase_example/workers/makeCausewayLogger.js",
    "span": [ [ 284, 38 ] ]
   }
  ]
 }
},
{
 "class": [
  "org.ref_send.log.Got",
  "org.ref_send.log.Event"
 ],
 "anchor": {
  "number": 0,
  "turn": {
   "loop": "buyer",
   "number": 11
  }
 },
 "message": "umid:0.923801314085722:product",
 "timestamp": 1454211857689,
 "trace": {
  "calls": [
   {
    "name": "getCWStack",
    "source": "https://rawgit.com/cocoonfx/causeway/master/src/js/com/teleometry/causeway/purchase_example/workers/makeCausewayLogger.js",
    "span": [ [ 152, 41 ] ]
   },
   {
    "name": "logGotRecord",
    "source": "https://rawgit.com/cocoonfx/causeway/master/src/js/com/teleometry/causeway/purchase_example/workers/makeCausewayLogger.js",
    "span": [ [ 170, 39 ] ]
   },
   {
    "name": "newCallback",
    "source": "https://rawgit.com/cocoonfx/causeway/master/src/js/com/teleometry/causeway/purchase_example/workers/makeCausewayLogger.js",
    "span": [ [ 277, 36 ] ]
   }
  ]
 }
},
{
 "class": [
  "org.ref_send.log.SentIf",
  "org.ref_send.log.Sent",
  "org.ref_send.log.Event"
 ],
 "anchor": {
  "number": 1,
  "turn": {
   "loop": "buyer",
   "number": 11
  }
 },
 "condition": "ucid:0.7623715011868626:buyer",
 "message": "umid:0.2969739902764559:buyer",
 "timestamp": 1454211857689,
 "trace": {
  "calls": [
   {
    "name": "getCWStack",
    "source": "https://rawgit.com/cocoonfx/causeway/master/src/js/com/teleometry/causeway/purchase_example/workers/makeCausewayLogger.js",
    "span": [ [ 152, 41 ] ]
   },
   {
    "name": "logSentIfRecord",
    "source": "https://rawgit.com/cocoonfx/causeway/master/src/js/com/teleometry/causeway/purchase_example/workers/makeCausewayLogger.js",
    "span": [ [ 180, 53 ] ]
   },
   {
    "name": "newCallback",
    "source": "https://rawgit.com/cocoonfx/causeway/master/src/js/com/teleometry/causeway/purchase_example/workers/makeCausewayLogger.js",
    "span": [ [ 281, 37 ] ]
   }
  ]
 }
},
{
 "class": [
  "org.ref_send.log.Got",
  "org.ref_send.log.Event"
 ],
 "anchor": {
  "number": 0,
  "turn": {
   "loop": "buyer",
   "number": 12
  }
 },
 "message": "umid:0.2969739902764559:buyer",
 "timestamp": 1454211857690,
 "trace": {
  "calls": [
   {
    "name": "getCWStack",
    "source": "https://rawgit.com/cocoonfx/causeway/master/src/js/com/teleometry/causeway/purchase_example/workers/makeCausewayLogger.js",
    "span": [ [ 152, 41 ] ]
   },
   {
    "name": "logGotRecord",
    "source": "https://rawgit.com/cocoonfx/causeway/master/src/js/com/teleometry/causeway/purchase_example/workers/makeCausewayLogger.js",
    "span": [ [ 170, 39 ] ]
   },
   {
    "name": "newCallback",
    "source": "https://rawgit.com/cocoonfx/causeway/master/src/js/com/teleometry/causeway/purchase_example/workers/makeCausewayLogger.js",
    "span": [ [ 282, 34 ] ]
   }
  ]
 }
},
{
 "class": [
  "org.ref_send.log.Sent",
  "org.ref_send.log.Event"
 ],
 "anchor": {
  "number": 1,
  "turn": {
   "loop": "buyer",
   "number": 12
  }
 },
 "message": "umid:0.42735025263391435:buyer",
 "timestamp": 1454211857690,
 "trace": {
  "calls": [
   {
    "name": "getCWStack",
    "source": "https://rawgit.com/cocoonfx/causeway/master/src/js/com/teleometry/causeway/purchase_example/workers/makeCausewayLogger.js",
    "span": [ [ 152, 41 ] ]
   },
   {
    "name": "logSentRecord",
    "source": "https://rawgit.com/cocoonfx/causeway/master/src/js/com/teleometry/causeway/purchase_example/workers/makeCausewayLogger.js",
    "span": [ [ 159, 40 ] ]
   },
   {
    "name": "send",
    "source": "https://rawgit.com/cocoonfx/causeway/master/src/js/com/teleometry/causeway/purchase_example/workers/makeCausewayLogger.js",
    "span": [ [ 214, 29 ] ]
   },
   {
    "name": "?",
    "source": "https://rawgit.com/cocoonfx/causeway/master/src/js/com/teleometry/causeway/purchase_example/workers/mainBuyer.js",
    "span": [ [ 134, 16 ] ]
   },
   {
    "name": "newCallback",
    "source": "https://rawgit.com/cocoonfx/causeway/master/src/js/com/teleometry/causeway/purchase_example/workers/makeCausewayLogger.js",
    "span": [ [ 284, 38 ] ]
   }
  ]
 }
},
{
 "class": [
  "org.ref_send.log.Got",
  "org.ref_send.log.Event"
 ],
 "anchor": {
  "number": 0,
  "turn": {
   "loop": "buyer",
   "number": 13
  }
 },
 "message": "umid:0.42735025263391435:buyer",
 "timestamp": 1454211857691,
 "trace": {
  "calls": [
   {
    "name": "getCWStack",
    "source": "https://rawgit.com/cocoonfx/causeway/master/src/js/com/teleometry/causeway/purchase_example/workers/makeCausewayLogger.js",
    "span": [ [ 152, 41 ] ]
   },
   {
    "name": "logGotRecord",
    "source": "https://rawgit.com/cocoonfx/causeway/master/src/js/com/teleometry/causeway/purchase_example/workers/makeCausewayLogger.js",
    "span": [ [ 170, 39 ] ]
   },
   {
    "name": "?",
    "source": "https://rawgit.com/cocoonfx/causeway/master/src/js/com/teleometry/causeway/purchase_example/workers/makeCausewayLogger.js",
    "span": [ [ 216, 30 ] ]
   }
  ]
 }
},
{
 "class": [
  "org.ref_send.log.Comment",
  "org.ref_send.log.Event"
 ],
 "anchor": {
  "number": 1,
  "turn": {
   "loop": "buyer",
   "number": 13
  }
 },
 "text": "Order placed for West Coast Buyers",
 "timestamp": 1454211857691,
 "trace": {
  "calls": [
   {
    "name": "getCWStack",
    "source": "https://rawgit.com/cocoonfx/causeway/master/src/js/com/teleometry/causeway/purchase_example/workers/makeCausewayLogger.js",
    "span": [ [ 152, 41 ] ]
   },
   {
    "name": "logCommentRecord",
    "source": "https://rawgit.com/cocoonfx/causeway/master/src/js/com/teleometry/causeway/purchase_example/workers/makeCausewayLogger.js",
    "span": [ [ 175, 42 ] ]
   },
   {
    "name": "run",
    "source": "https://rawgit.com/cocoonfx/causeway/master/src/js/com/teleometry/causeway/purchase_example/workers/mainBuyer.js",
    "span": [ [ 90, 37 ] ]
   },
   {
    "name": "?",
    "source": "https://rawgit.com/cocoonfx/causeway/master/src/js/com/teleometry/causeway/purchase_example/workers/makeCausewayLogger.js",
    "span": [ [ 217, 27 ] ]
   }
  ]
 }
}]

