

[{
 "class": [
  "org.ref_send.log.Sent",
  "org.ref_send.log.Event"
 ],
 "anchor": {
  "number": 1,
  "turn": {
   "loop": "buyer",
   "number": 0
  }
 },
 "message": "umid:0.8703178386203945:buyer",
 "timestamp": 1454209528113,
 "trace": {
  "calls": [
   {
    "name": "getCWStack",
    "source": "http://localhost:8080/causeway/purchase_example/workers/makeCausewayLogger.js",
    "span": [ [ 152, 32 ] ]
   },
   {
    "name": "logger.logSentRecord",
    "source": "http://localhost:8080/causeway/purchase_example/workers/makeCausewayLogger.js",
    "span": [ [ 159, 30 ] ]
   },
   {
    "name": "pmBase.postMessage",
    "source": "http://localhost:8080/causeway/purchase_example/workers/makeCausewayLogger.js",
    "span": [ [ 258, 18 ] ]
   },
   {
    "name": "doWebWorkersTest",
    "source": "http://localhost:8080/causeway/purchase_example/workers/mainBuyer.js",
    "span": [ [ 116, 14 ] ]
   },
   {
    "name": "onload",
    "source": {
     "name": "?",
     "source": "http://localhost:8080/workersExample.html",
     "span": []
    },
    "span": [ [ 8, 40 ] ]
   }
  ]
 }
},
{
 "class": [
  "org.ref_send.log.Sent",
  "org.ref_send.log.Event"
 ],
 "anchor": {
  "number": 2,
  "turn": {
   "loop": "buyer",
   "number": 0
  }
 },
 "message": "umid:0.04086817288771272:buyer",
 "timestamp": 1454209528114,
 "trace": {
  "calls": [
   {
    "name": "getCWStack",
    "source": "http://localhost:8080/causeway/purchase_example/workers/makeCausewayLogger.js",
    "span": [ [ 152, 32 ] ]
   },
   {
    "name": "logger.logSentRecord",
    "source": "http://localhost:8080/causeway/purchase_example/workers/makeCausewayLogger.js",
    "span": [ [ 159, 30 ] ]
   },
   {
    "name": "pmBase.postMessage",
    "source": "http://localhost:8080/causeway/purchase_example/workers/makeCausewayLogger.js",
    "span": [ [ 258, 18 ] ]
   },
   {
    "name": "doWebWorkersTest",
    "source": "http://localhost:8080/causeway/purchase_example/workers/mainBuyer.js",
    "span": [ [ 118, 15 ] ]
   },
   {
    "name": "onload",
    "source": {
     "name": "?",
     "source": "http://localhost:8080/workersExample.html",
     "span": []
    },
    "span": [ [ 8, 40 ] ]
   }
  ]
 }
},
{
 "class": [
  "org.ref_send.log.Sent",
  "org.ref_send.log.Event"
 ],
 "anchor": {
  "number": 3,
  "turn": {
   "loop": "buyer",
   "number": 0
  }
 },
 "message": "umid:0.799225975992158:buyer",
 "timestamp": 1454209528114,
 "trace": {
  "calls": [
   {
    "name": "getCWStack",
    "source": "http://localhost:8080/causeway/purchase_example/workers/makeCausewayLogger.js",
    "span": [ [ 152, 32 ] ]
   },
   {
    "name": "logger.logSentRecord",
    "source": "http://localhost:8080/causeway/purchase_example/workers/makeCausewayLogger.js",
    "span": [ [ 159, 30 ] ]
   },
   {
    "name": "pmBase.postMessage",
    "source": "http://localhost:8080/causeway/purchase_example/workers/makeCausewayLogger.js",
    "span": [ [ 258, 18 ] ]
   },
   {
    "name": "doWebWorkersTest",
    "source": "http://localhost:8080/causeway/purchase_example/workers/mainBuyer.js",
    "span": [ [ 120, 14 ] ]
   },
   {
    "name": "onload",
    "source": {
     "name": "?",
     "source": "http://localhost:8080/workersExample.html",
     "span": []
    },
    "span": [ [ 8, 40 ] ]
   }
  ]
 }
},
{
 "class": [
  "org.ref_send.log.Fulfilled",
  "org.ref_send.log.Resolved",
  "org.ref_send.log.Event"
 ],
 "anchor": {
  "number": 4,
  "turn": {
   "loop": "buyer",
   "number": 0
  }
 },
 "condition": "ucid:0.6276896537747234:buyer",
 "timestamp": 1454209528115,
 "trace": {
  "calls": [
   {
    "name": "getCWStack",
    "source": "http://localhost:8080/causeway/purchase_example/workers/makeCausewayLogger.js",
    "span": [ [ 152, 32 ] ]
   },
   {
    "name": "logger.logFulfilledRecord",
    "source": "http://localhost:8080/causeway/purchase_example/workers/makeCausewayLogger.js",
    "span": [ [ 195, 39 ] ]
   },
   {
    "name": "aelBase.addEventListener",
    "source": "http://localhost:8080/causeway/purchase_example/workers/makeCausewayLogger.js",
    "span": [ [ 288, 20 ] ]
   },
   {
    "name": "doWebWorkersTest",
    "source": "http://localhost:8080/causeway/purchase_example/workers/mainBuyer.js",
    "span": [ [ 123, 14 ] ]
   },
   {
    "name": "onload",
    "source": {
     "name": "?",
     "source": "http://localhost:8080/workersExample.html",
     "span": []
    },
    "span": [ [ 8, 40 ] ]
   }
  ]
 }
},
{
 "class": [
  "org.ref_send.log.Fulfilled",
  "org.ref_send.log.Resolved",
  "org.ref_send.log.Event"
 ],
 "anchor": {
  "number": 5,
  "turn": {
   "loop": "buyer",
   "number": 0
  }
 },
 "condition": "ucid:0.1108741913922131:buyer",
 "timestamp": 1454209528115,
 "trace": {
  "calls": [
   {
    "name": "getCWStack",
    "source": "http://localhost:8080/causeway/purchase_example/workers/makeCausewayLogger.js",
    "span": [ [ 152, 32 ] ]
   },
   {
    "name": "logger.logFulfilledRecord",
    "source": "http://localhost:8080/causeway/purchase_example/workers/makeCausewayLogger.js",
    "span": [ [ 195, 39 ] ]
   },
   {
    "name": "aelBase.addEventListener",
    "source": "http://localhost:8080/causeway/purchase_example/workers/makeCausewayLogger.js",
    "span": [ [ 288, 20 ] ]
   },
   {
    "name": "doWebWorkersTest",
    "source": "http://localhost:8080/causeway/purchase_example/workers/mainBuyer.js",
    "span": [ [ 147, 15 ] ]
   },
   {
    "name": "onload",
    "source": {
     "name": "?",
     "source": "http://localhost:8080/workersExample.html",
     "span": []
    },
    "span": [ [ 8, 40 ] ]
   }
  ]
 }
},
{
 "class": [
  "org.ref_send.log.Fulfilled",
  "org.ref_send.log.Resolved",
  "org.ref_send.log.Event"
 ],
 "anchor": {
  "number": 1,
  "turn": {
   "loop": "accounts",
   "number": 0
  }
 },
 "condition": "ucid:0.3415694269351661:accounts",
 "timestamp": 1454209528319,
 "trace": {
  "calls": [
   {
    "name": "getCWStack",
    "source": "http://localhost:8080/causeway/purchase_example/workers/makeCausewayLogger.js",
    "span": [ [ 152, 32 ] ]
   },
   {
    "name": "logger.logFulfilledRecord",
    "source": "http://localhost:8080/causeway/purchase_example/workers/makeCausewayLogger.js",
    "span": [ [ 195, 39 ] ]
   },
   {
    "name": "aelBase.addEventListener",
    "source": "http://localhost:8080/causeway/purchase_example/workers/makeCausewayLogger.js",
    "span": [ [ 288, 20 ] ]
   },
   {
    "name": "?",
    "source": "http://localhost:8080/causeway/purchase_example/workers/wwAccounts.js",
    "span": [ [ 18, 8 ] ]
   },
   {
    "name": "?",
    "source": "http://localhost:8080/causeway/purchase_example/workers/wwAccounts.js",
    "span": [ [ 30, 3 ] ]
   }
  ]
 }
},
{
 "class": [
  "org.ref_send.log.Fulfilled",
  "org.ref_send.log.Resolved",
  "org.ref_send.log.Event"
 ],
 "anchor": {
  "number": 1,
  "turn": {
   "loop": "product",
   "number": 0
  }
 },
 "condition": "ucid:0.7188855847343802:product",
 "timestamp": 1454209528320,
 "trace": {
  "calls": [
   {
    "name": "getCWStack",
    "source": "http://localhost:8080/causeway/purchase_example/workers/makeCausewayLogger.js",
    "span": [ [ 152, 32 ] ]
   },
   {
    "name": "logger.logFulfilledRecord",
    "source": "http://localhost:8080/causeway/purchase_example/workers/makeCausewayLogger.js",
    "span": [ [ 195, 39 ] ]
   },
   {
    "name": "aelBase.addEventListener",
    "source": "http://localhost:8080/causeway/purchase_example/workers/makeCausewayLogger.js",
    "span": [ [ 288, 20 ] ]
   },
   {
    "name": "?",
    "source": "http://localhost:8080/causeway/purchase_example/workers/wwProduct.js",
    "span": [ [ 26, 8 ] ]
   },
   {
    "name": "?",
    "source": "http://localhost:8080/causeway/purchase_example/workers/wwProduct.js",
    "span": [ [ 46, 3 ] ]
   }
  ]
 }
},
{
 "class": [
  "org.ref_send.log.Got",
  "org.ref_send.log.Event"
 ],
 "anchor": {
  "number": 0,
  "turn": {
   "loop": "accounts",
   "number": 1
  }
 },
 "message": "umid:0.04086817288771272:buyer",
 "timestamp": 1454209528320,
 "trace": {
  "calls": [
   {
    "name": "getCWStack",
    "source": "http://localhost:8080/causeway/purchase_example/workers/makeCausewayLogger.js",
    "span": [ [ 152, 32 ] ]
   },
   {
    "name": "logger.logGotRecord",
    "source": "http://localhost:8080/causeway/purchase_example/workers/makeCausewayLogger.js",
    "span": [ [ 170, 29 ] ]
   },
   {
    "name": "newCallback",
    "source": "http://localhost:8080/causeway/purchase_example/workers/makeCausewayLogger.js",
    "span": [ [ 277, 24 ] ]
   }
  ]
 }
},
{
 "class": [
  "org.ref_send.log.SentIf",
  "org.ref_send.log.Sent",
  "org.ref_send.log.Event"
 ],
 "anchor": {
  "number": 1,
  "turn": {
   "loop": "accounts",
   "number": 1
  }
 },
 "condition": "ucid:0.3415694269351661:accounts",
 "message": "umid:0.9019425541628152:accounts",
 "timestamp": 1454209528321,
 "trace": {
  "calls": [
   {
    "name": "getCWStack",
    "source": "http://localhost:8080/causeway/purchase_example/workers/makeCausewayLogger.js",
    "span": [ [ 152, 32 ] ]
   },
   {
    "name": "logger.logSentIfRecord",
    "source": "http://localhost:8080/causeway/purchase_example/workers/makeCausewayLogger.js",
    "span": [ [ 180, 43 ] ]
   },
   {
    "name": "newCallback",
    "source": "http://localhost:8080/causeway/purchase_example/workers/makeCausewayLogger.js",
    "span": [ [ 281, 22 ] ]
   }
  ]
 }
},
{
 "class": [
  "org.ref_send.log.Got",
  "org.ref_send.log.Event"
 ],
 "anchor": {
  "number": 0,
  "turn": {
   "loop": "accounts",
   "number": 2
  }
 },
 "message": "umid:0.9019425541628152:accounts",
 "timestamp": 1454209528321,
 "trace": {
  "calls": [
   {
    "name": "getCWStack",
    "source": "http://localhost:8080/causeway/purchase_example/workers/makeCausewayLogger.js",
    "span": [ [ 152, 32 ] ]
   },
   {
    "name": "logger.logGotRecord",
    "source": "http://localhost:8080/causeway/purchase_example/workers/makeCausewayLogger.js",
    "span": [ [ 170, 29 ] ]
   },
   {
    "name": "newCallback",
    "source": "http://localhost:8080/causeway/purchase_example/workers/makeCausewayLogger.js",
    "span": [ [ 282, 22 ] ]
   }
  ]
 }
},
{
 "class": [
  "org.ref_send.log.Got",
  "org.ref_send.log.Event"
 ],
 "anchor": {
  "number": 0,
  "turn": {
   "loop": "product",
   "number": 1
  }
 },
 "message": "umid:0.8703178386203945:buyer",
 "timestamp": 1454209528321,
 "trace": {
  "calls": [
   {
    "name": "getCWStack",
    "source": "http://localhost:8080/causeway/purchase_example/workers/makeCausewayLogger.js",
    "span": [ [ 152, 32 ] ]
   },
   {
    "name": "logger.logGotRecord",
    "source": "http://localhost:8080/causeway/purchase_example/workers/makeCausewayLogger.js",
    "span": [ [ 170, 29 ] ]
   },
   {
    "name": "newCallback",
    "source": "http://localhost:8080/causeway/purchase_example/workers/makeCausewayLogger.js",
    "span": [ [ 277, 24 ] ]
   }
  ]
 }
},
{
 "class": [
  "org.ref_send.log.Sent",
  "org.ref_send.log.Event"
 ],
 "anchor": {
  "number": 1,
  "turn": {
   "loop": "accounts",
   "number": 2
  }
 },
 "message": "umid:0.7880069895181805:accounts",
 "timestamp": 1454209528322,
 "trace": {
  "calls": [
   {
    "name": "getCWStack",
    "source": "http://localhost:8080/causeway/purchase_example/workers/makeCausewayLogger.js",
    "span": [ [ 152, 32 ] ]
   },
   {
    "name": "logger.logSentRecord",
    "source": "http://localhost:8080/causeway/purchase_example/workers/makeCausewayLogger.js",
    "span": [ [ 159, 30 ] ]
   },
   {
    "name": "pmBase.postMessage",
    "source": "http://localhost:8080/causeway/purchase_example/workers/makeCausewayLogger.js",
    "span": [ [ 258, 18 ] ]
   },
   {
    "name": "?",
    "source": "http://localhost:8080/causeway/purchase_example/workers/wwAccounts.js",
    "span": [ [ 23, 12 ] ]
   },
   {
    "name": "newCallback",
    "source": "http://localhost:8080/causeway/purchase_example/workers/makeCausewayLogger.js",
    "span": [ [ 284, 33 ] ]
   }
  ]
 }
},
{
 "class": [
  "org.ref_send.log.Got",
  "org.ref_send.log.Event"
 ],
 "anchor": {
  "number": 0,
  "turn": {
   "loop": "buyer",
   "number": 1
  }
 },
 "message": "umid:0.7880069895181805:accounts",
 "timestamp": 1454209528323,
 "trace": {
  "calls": [
   {
    "name": "getCWStack",
    "source": "http://localhost:8080/causeway/purchase_example/workers/makeCausewayLogger.js",
    "span": [ [ 152, 32 ] ]
   },
   {
    "name": "logger.logGotRecord",
    "source": "http://localhost:8080/causeway/purchase_example/workers/makeCausewayLogger.js",
    "span": [ [ 170, 29 ] ]
   },
   {
    "name": "newCallback",
    "source": "http://localhost:8080/causeway/purchase_example/workers/makeCausewayLogger.js",
    "span": [ [ 277, 24 ] ]
   }
  ]
 }
},
{
 "class": [
  "org.ref_send.log.SentIf",
  "org.ref_send.log.Sent",
  "org.ref_send.log.Event"
 ],
 "anchor": {
  "number": 1,
  "turn": {
   "loop": "buyer",
   "number": 1
  }
 },
 "condition": "ucid:0.1108741913922131:buyer",
 "message": "umid:0.6788283211644739:buyer",
 "timestamp": 1454209528324,
 "trace": {
  "calls": [
   {
    "name": "getCWStack",
    "source": "http://localhost:8080/causeway/purchase_example/workers/makeCausewayLogger.js",
    "span": [ [ 152, 32 ] ]
   },
   {
    "name": "logger.logSentIfRecord",
    "source": "http://localhost:8080/causeway/purchase_example/workers/makeCausewayLogger.js",
    "span": [ [ 180, 43 ] ]
   },
   {
    "name": "newCallback",
    "source": "http://localhost:8080/causeway/purchase_example/workers/makeCausewayLogger.js",
    "span": [ [ 281, 22 ] ]
   }
  ]
 }
},
{
 "class": [
  "org.ref_send.log.Got",
  "org.ref_send.log.Event"
 ],
 "anchor": {
  "number": 0,
  "turn": {
   "loop": "buyer",
   "number": 2
  }
 },
 "message": "umid:0.6788283211644739:buyer",
 "timestamp": 1454209528325,
 "trace": {
  "calls": [
   {
    "name": "getCWStack",
    "source": "http://localhost:8080/causeway/purchase_example/workers/makeCausewayLogger.js",
    "span": [ [ 152, 32 ] ]
   },
   {
    "name": "logger.logGotRecord",
    "source": "http://localhost:8080/causeway/purchase_example/workers/makeCausewayLogger.js",
    "span": [ [ 170, 29 ] ]
   },
   {
    "name": "newCallback",
    "source": "http://localhost:8080/causeway/purchase_example/workers/makeCausewayLogger.js",
    "span": [ [ 282, 22 ] ]
   }
  ]
 }
},
{
 "class": [
  "org.ref_send.log.Sent",
  "org.ref_send.log.Event"
 ],
 "anchor": {
  "number": 1,
  "turn": {
   "loop": "buyer",
   "number": 2
  }
 },
 "message": "umid:0.6288175727240741:buyer",
 "timestamp": 1454209528325,
 "trace": {
  "calls": [
   {
    "name": "getCWStack",
    "source": "http://localhost:8080/causeway/purchase_example/workers/makeCausewayLogger.js",
    "span": [ [ 152, 32 ] ]
   },
   {
    "name": "logger.logSentRecord",
    "source": "http://localhost:8080/causeway/purchase_example/workers/makeCausewayLogger.js",
    "span": [ [ 159, 30 ] ]
   },
   {
    "name": "logger.send",
    "source": "http://localhost:8080/causeway/purchase_example/workers/makeCausewayLogger.js",
    "span": [ [ 214, 16 ] ]
   },
   {
    "name": "?",
    "source": "http://localhost:8080/causeway/purchase_example/workers/mainBuyer.js",
    "span": [ [ 152, 12 ] ]
   },
   {
    "name": "newCallback",
    "source": "http://localhost:8080/causeway/purchase_example/workers/makeCausewayLogger.js",
    "span": [ [ 284, 33 ] ]
   }
  ]
 }
},
{
 "class": [
  "org.ref_send.log.SentIf",
  "org.ref_send.log.Sent",
  "org.ref_send.log.Event"
 ],
 "anchor": {
  "number": 1,
  "turn": {
   "loop": "product",
   "number": 1
  }
 },
 "condition": "ucid:0.7188855847343802:product",
 "message": "umid:0.7655174103565514:product",
 "timestamp": 1454209528322,
 "trace": {
  "calls": [
   {
    "name": "getCWStack",
    "source": "http://localhost:8080/causeway/purchase_example/workers/makeCausewayLogger.js",
    "span": [ [ 152, 32 ] ]
   },
   {
    "name": "logger.logSentIfRecord",
    "source": "http://localhost:8080/causeway/purchase_example/workers/makeCausewayLogger.js",
    "span": [ [ 180, 43 ] ]
   },
   {
    "name": "newCallback",
    "source": "http://localhost:8080/causeway/purchase_example/workers/makeCausewayLogger.js",
    "span": [ [ 281, 22 ] ]
   }
  ]
 }
},
{
 "class": [
  "org.ref_send.log.Got",
  "org.ref_send.log.Event"
 ],
 "anchor": {
  "number": 0,
  "turn": {
   "loop": "product",
   "number": 2
  }
 },
 "message": "umid:0.7655174103565514:product",
 "timestamp": 1454209528322,
 "trace": {
  "calls": [
   {
    "name": "getCWStack",
    "source": "http://localhost:8080/causeway/purchase_example/workers/makeCausewayLogger.js",
    "span": [ [ 152, 32 ] ]
   },
   {
    "name": "logger.logGotRecord",
    "source": "http://localhost:8080/causeway/purchase_example/workers/makeCausewayLogger.js",
    "span": [ [ 170, 29 ] ]
   },
   {
    "name": "newCallback",
    "source": "http://localhost:8080/causeway/purchase_example/workers/makeCausewayLogger.js",
    "span": [ [ 282, 22 ] ]
   }
  ]
 }
},
{
 "class": [
  "org.ref_send.log.Sent",
  "org.ref_send.log.Event"
 ],
 "anchor": {
  "number": 1,
  "turn": {
   "loop": "product",
   "number": 2
  }
 },
 "message": "umid:0.7231782153248787:product",
 "timestamp": 1454209528323,
 "trace": {
  "calls": [
   {
    "name": "getCWStack",
    "source": "http://localhost:8080/causeway/purchase_example/workers/makeCausewayLogger.js",
    "span": [ [ 152, 32 ] ]
   },
   {
    "name": "logger.logSentRecord",
    "source": "http://localhost:8080/causeway/purchase_example/workers/makeCausewayLogger.js",
    "span": [ [ 159, 30 ] ]
   },
   {
    "name": "pmBase.postMessage",
    "source": "http://localhost:8080/causeway/purchase_example/workers/makeCausewayLogger.js",
    "span": [ [ 258, 18 ] ]
   },
   {
    "name": "?",
    "source": "http://localhost:8080/causeway/purchase_example/workers/wwProduct.js",
    "span": [ [ 31, 12 ] ]
   },
   {
    "name": "newCallback",
    "source": "http://localhost:8080/causeway/purchase_example/workers/makeCausewayLogger.js",
    "span": [ [ 284, 33 ] ]
   }
  ]
 }
},
{
 "class": [
  "org.ref_send.log.Got",
  "org.ref_send.log.Event"
 ],
 "anchor": {
  "number": 0,
  "turn": {
   "loop": "buyer",
   "number": 3
  }
 },
 "message": "umid:0.7231782153248787:product",
 "timestamp": 1454209528327,
 "trace": {
  "calls": [
   {
    "name": "getCWStack",
    "source": "http://localhost:8080/causeway/purchase_example/workers/makeCausewayLogger.js",
    "span": [ [ 152, 32 ] ]
   },
   {
    "name": "logger.logGotRecord",
    "source": "http://localhost:8080/causeway/purchase_example/workers/makeCausewayLogger.js",
    "span": [ [ 170, 29 ] ]
   },
   {
    "name": "newCallback",
    "source": "http://localhost:8080/causeway/purchase_example/workers/makeCausewayLogger.js",
    "span": [ [ 277, 24 ] ]
   }
  ]
 }
},
{
 "class": [
  "org.ref_send.log.SentIf",
  "org.ref_send.log.Sent",
  "org.ref_send.log.Event"
 ],
 "anchor": {
  "number": 1,
  "turn": {
   "loop": "buyer",
   "number": 3
  }
 },
 "condition": "ucid:0.6276896537747234:buyer",
 "message": "umid:0.769216961460188:buyer",
 "timestamp": 1454209528327,
 "trace": {
  "calls": [
   {
    "name": "getCWStack",
    "source": "http://localhost:8080/causeway/purchase_example/workers/makeCausewayLogger.js",
    "span": [ [ 152, 32 ] ]
   },
   {
    "name": "logger.logSentIfRecord",
    "source": "http://localhost:8080/causeway/purchase_example/workers/makeCausewayLogger.js",
    "span": [ [ 180, 43 ] ]
   },
   {
    "name": "newCallback",
    "source": "http://localhost:8080/causeway/purchase_example/workers/makeCausewayLogger.js",
    "span": [ [ 281, 22 ] ]
   }
  ]
 }
},
{
 "class": [
  "org.ref_send.log.Got",
  "org.ref_send.log.Event"
 ],
 "anchor": {
  "number": 0,
  "turn": {
   "loop": "buyer",
   "number": 4
  }
 },
 "message": "umid:0.769216961460188:buyer",
 "timestamp": 1454209528327,
 "trace": {
  "calls": [
   {
    "name": "getCWStack",
    "source": "http://localhost:8080/causeway/purchase_example/workers/makeCausewayLogger.js",
    "span": [ [ 152, 32 ] ]
   },
   {
    "name": "logger.logGotRecord",
    "source": "http://localhost:8080/causeway/purchase_example/workers/makeCausewayLogger.js",
    "span": [ [ 170, 29 ] ]
   },
   {
    "name": "newCallback",
    "source": "http://localhost:8080/causeway/purchase_example/workers/makeCausewayLogger.js",
    "span": [ [ 282, 22 ] ]
   }
  ]
 }
},
{
 "class": [
  "org.ref_send.log.Sent",
  "org.ref_send.log.Event"
 ],
 "anchor": {
  "number": 1,
  "turn": {
   "loop": "buyer",
   "number": 4
  }
 },
 "message": "umid:0.6278544254601002:buyer",
 "timestamp": 1454209528328,
 "trace": {
  "calls": [
   {
    "name": "getCWStack",
    "source": "http://localhost:8080/causeway/purchase_example/workers/makeCausewayLogger.js",
    "span": [ [ 152, 32 ] ]
   },
   {
    "name": "logger.logSentRecord",
    "source": "http://localhost:8080/causeway/purchase_example/workers/makeCausewayLogger.js",
    "span": [ [ 159, 30 ] ]
   },
   {
    "name": "logger.send",
    "source": "http://localhost:8080/causeway/purchase_example/workers/makeCausewayLogger.js",
    "span": [ [ 214, 16 ] ]
   },
   {
    "name": "?",
    "source": "http://localhost:8080/causeway/purchase_example/workers/mainBuyer.js",
    "span": [ [ 129, 12 ] ]
   },
   {
    "name": "newCallback",
    "source": "http://localhost:8080/causeway/purchase_example/workers/makeCausewayLogger.js",
    "span": [ [ 284, 33 ] ]
   }
  ]
 }
},
{
 "class": [
  "org.ref_send.log.Got",
  "org.ref_send.log.Event"
 ],
 "anchor": {
  "number": 0,
  "turn": {
   "loop": "product",
   "number": 3
  }
 },
 "message": "umid:0.799225975992158:buyer",
 "timestamp": 1454209528323,
 "trace": {
  "calls": [
   {
    "name": "getCWStack",
    "source": "http://localhost:8080/causeway/purchase_example/workers/makeCausewayLogger.js",
    "span": [ [ 152, 32 ] ]
   },
   {
    "name": "logger.logGotRecord",
    "source": "http://localhost:8080/causeway/purchase_example/workers/makeCausewayLogger.js",
    "span": [ [ 170, 29 ] ]
   },
   {
    "name": "newCallback",
    "source": "http://localhost:8080/causeway/purchase_example/workers/makeCausewayLogger.js",
    "span": [ [ 277, 24 ] ]
   }
  ]
 }
},
{
 "class": [
  "org.ref_send.log.SentIf",
  "org.ref_send.log.Sent",
  "org.ref_send.log.Event"
 ],
 "anchor": {
  "number": 1,
  "turn": {
   "loop": "product",
   "number": 3
  }
 },
 "condition": "ucid:0.7188855847343802:product",
 "message": "umid:0.15305538196116686:product",
 "timestamp": 1454209528324,
 "trace": {
  "calls": [
   {
    "name": "getCWStack",
    "source": "http://localhost:8080/causeway/purchase_example/workers/makeCausewayLogger.js",
    "span": [ [ 152, 32 ] ]
   },
   {
    "name": "logger.logSentIfRecord",
    "source": "http://localhost:8080/causeway/purchase_example/workers/makeCausewayLogger.js",
    "span": [ [ 180, 43 ] ]
   },
   {
    "name": "newCallback",
    "source": "http://localhost:8080/causeway/purchase_example/workers/makeCausewayLogger.js",
    "span": [ [ 281, 22 ] ]
   }
  ]
 }
},
{
 "class": [
  "org.ref_send.log.Got",
  "org.ref_send.log.Event"
 ],
 "anchor": {
  "number": 0,
  "turn": {
   "loop": "product",
   "number": 4
  }
 },
 "message": "umid:0.15305538196116686:product",
 "timestamp": 1454209528324,
 "trace": {
  "calls": [
   {
    "name": "getCWStack",
    "source": "http://localhost:8080/causeway/purchase_example/workers/makeCausewayLogger.js",
    "span": [ [ 152, 32 ] ]
   },
   {
    "name": "logger.logGotRecord",
    "source": "http://localhost:8080/causeway/purchase_example/workers/makeCausewayLogger.js",
    "span": [ [ 170, 29 ] ]
   },
   {
    "name": "newCallback",
    "source": "http://localhost:8080/causeway/purchase_example/workers/makeCausewayLogger.js",
    "span": [ [ 282, 22 ] ]
   }
  ]
 }
},
{
 "class": [
  "org.ref_send.log.Sent",
  "org.ref_send.log.Event"
 ],
 "anchor": {
  "number": 1,
  "turn": {
   "loop": "product",
   "number": 4
  }
 },
 "message": "umid:0.3272509388625622:product",
 "timestamp": 1454209528324,
 "trace": {
  "calls": [
   {
    "name": "getCWStack",
    "source": "http://localhost:8080/causeway/purchase_example/workers/makeCausewayLogger.js",
    "span": [ [ 152, 32 ] ]
   },
   {
    "name": "logger.logSentRecord",
    "source": "http://localhost:8080/causeway/purchase_example/workers/makeCausewayLogger.js",
    "span": [ [ 159, 30 ] ]
   },
   {
    "name": "pmBase.postMessage",
    "source": "http://localhost:8080/causeway/purchase_example/workers/makeCausewayLogger.js",
    "span": [ [ 258, 18 ] ]
   },
   {
    "name": "?",
    "source": "http://localhost:8080/causeway/purchase_example/workers/wwProduct.js",
    "span": [ [ 35, 12 ] ]
   },
   {
    "name": "newCallback",
    "source": "http://localhost:8080/causeway/purchase_example/workers/makeCausewayLogger.js",
    "span": [ [ 284, 33 ] ]
   }
  ]
 }
},
{
 "class": [
  "org.ref_send.log.Got",
  "org.ref_send.log.Event"
 ],
 "anchor": {
  "number": 0,
  "turn": {
   "loop": "buyer",
   "number": 5
  }
 },
 "message": "umid:0.3272509388625622:product",
 "timestamp": 1454209528330,
 "trace": {
  "calls": [
   {
    "name": "getCWStack",
    "source": "http://localhost:8080/causeway/purchase_example/workers/makeCausewayLogger.js",
    "span": [ [ 152, 32 ] ]
   },
   {
    "name": "logger.logGotRecord",
    "source": "http://localhost:8080/causeway/purchase_example/workers/makeCausewayLogger.js",
    "span": [ [ 170, 29 ] ]
   },
   {
    "name": "newCallback",
    "source": "http://localhost:8080/causeway/purchase_example/workers/makeCausewayLogger.js",
    "span": [ [ 277, 24 ] ]
   }
  ]
 }
},
{
 "class": [
  "org.ref_send.log.SentIf",
  "org.ref_send.log.Sent",
  "org.ref_send.log.Event"
 ],
 "anchor": {
  "number": 1,
  "turn": {
   "loop": "buyer",
   "number": 5
  }
 },
 "condition": "ucid:0.6276896537747234:buyer",
 "message": "umid:0.6282828447874635:buyer",
 "timestamp": 1454209528330,
 "trace": {
  "calls": [
   {
    "name": "getCWStack",
    "source": "http://localhost:8080/causeway/purchase_example/workers/makeCausewayLogger.js",
    "span": [ [ 152, 32 ] ]
   },
   {
    "name": "logger.logSentIfRecord",
    "source": "http://localhost:8080/causeway/purchase_example/workers/makeCausewayLogger.js",
    "span": [ [ 180, 43 ] ]
   },
   {
    "name": "newCallback",
    "source": "http://localhost:8080/causeway/purchase_example/workers/makeCausewayLogger.js",
    "span": [ [ 281, 22 ] ]
   }
  ]
 }
},
{
 "class": [
  "org.ref_send.log.Got",
  "org.ref_send.log.Event"
 ],
 "anchor": {
  "number": 0,
  "turn": {
   "loop": "buyer",
   "number": 6
  }
 },
 "message": "umid:0.6282828447874635:buyer",
 "timestamp": 1454209528330,
 "trace": {
  "calls": [
   {
    "name": "getCWStack",
    "source": "http://localhost:8080/causeway/purchase_example/workers/makeCausewayLogger.js",
    "span": [ [ 152, 32 ] ]
   },
   {
    "name": "logger.logGotRecord",
    "source": "http://localhost:8080/causeway/purchase_example/workers/makeCausewayLogger.js",
    "span": [ [ 170, 29 ] ]
   },
   {
    "name": "newCallback",
    "source": "http://localhost:8080/causeway/purchase_example/workers/makeCausewayLogger.js",
    "span": [ [ 282, 22 ] ]
   }
  ]
 }
},
{
 "class": [
  "org.ref_send.log.Sent",
  "org.ref_send.log.Event"
 ],
 "anchor": {
  "number": 1,
  "turn": {
   "loop": "buyer",
   "number": 6
  }
 },
 "message": "umid:0.06700533232651651:buyer",
 "timestamp": 1454209528331,
 "trace": {
  "calls": [
   {
    "name": "getCWStack",
    "source": "http://localhost:8080/causeway/purchase_example/workers/makeCausewayLogger.js",
    "span": [ [ 152, 32 ] ]
   },
   {
    "name": "logger.logSentRecord",
    "source": "http://localhost:8080/causeway/purchase_example/workers/makeCausewayLogger.js",
    "span": [ [ 159, 30 ] ]
   },
   {
    "name": "logger.send",
    "source": "http://localhost:8080/causeway/purchase_example/workers/makeCausewayLogger.js",
    "span": [ [ 214, 16 ] ]
   },
   {
    "name": "?",
    "source": "http://localhost:8080/causeway/purchase_example/workers/mainBuyer.js",
    "span": [ [ 129, 12 ] ]
   },
   {
    "name": "newCallback",
    "source": "http://localhost:8080/causeway/purchase_example/workers/makeCausewayLogger.js",
    "span": [ [ 284, 33 ] ]
   }
  ]
 }
},
{
 "class": [
  "org.ref_send.log.Got",
  "org.ref_send.log.Event"
 ],
 "anchor": {
  "number": 0,
  "turn": {
   "loop": "buyer",
   "number": 7
  }
 },
 "message": "umid:0.6288175727240741:buyer",
 "timestamp": 1454209528331,
 "trace": {
  "calls": [
   {
    "name": "getCWStack",
    "source": "http://localhost:8080/causeway/purchase_example/workers/makeCausewayLogger.js",
    "span": [ [ 152, 32 ] ]
   },
   {
    "name": "logger.logGotRecord",
    "source": "http://localhost:8080/causeway/purchase_example/workers/makeCausewayLogger.js",
    "span": [ [ 170, 29 ] ]
   },
   {
    "name": "?",
    "source": "http://localhost:8080/causeway/purchase_example/workers/makeCausewayLogger.js",
    "span": [ [ 216, 18 ] ]
   }
  ]
 }
},
{
 "class": [
  "org.ref_send.log.Got",
  "org.ref_send.log.Event"
 ],
 "anchor": {
  "number": 0,
  "turn": {
   "loop": "buyer",
   "number": 8
  }
 },
 "message": "umid:0.6278544254601002:buyer",
 "timestamp": 1454209528331,
 "trace": {
  "calls": [
   {
    "name": "getCWStack",
    "source": "http://localhost:8080/causeway/purchase_example/workers/makeCausewayLogger.js",
    "span": [ [ 152, 32 ] ]
   },
   {
    "name": "logger.logGotRecord",
    "source": "http://localhost:8080/causeway/purchase_example/workers/makeCausewayLogger.js",
    "span": [ [ 170, 29 ] ]
   },
   {
    "name": "?",
    "source": "http://localhost:8080/causeway/purchase_example/workers/makeCausewayLogger.js",
    "span": [ [ 216, 18 ] ]
   }
  ]
 }
},
{
 "class": [
  "org.ref_send.log.Got",
  "org.ref_send.log.Event"
 ],
 "anchor": {
  "number": 0,
  "turn": {
   "loop": "buyer",
   "number": 9
  }
 },
 "message": "umid:0.06700533232651651:buyer",
 "timestamp": 1454209528337,
 "trace": {
  "calls": [
   {
    "name": "getCWStack",
    "source": "http://localhost:8080/causeway/purchase_example/workers/makeCausewayLogger.js",
    "span": [ [ 152, 32 ] ]
   },
   {
    "name": "logger.logGotRecord",
    "source": "http://localhost:8080/causeway/purchase_example/workers/makeCausewayLogger.js",
    "span": [ [ 170, 29 ] ]
   },
   {
    "name": "?",
    "source": "http://localhost:8080/causeway/purchase_example/workers/makeCausewayLogger.js",
    "span": [ [ 216, 18 ] ]
   }
  ]
 }
},
{
 "class": [
  "org.ref_send.log.Sent",
  "org.ref_send.log.Event"
 ],
 "anchor": {
  "number": 1,
  "turn": {
   "loop": "buyer",
   "number": 9
  }
 },
 "message": "umid:0.9422055520117283:buyer",
 "timestamp": 1454209528338,
 "trace": {
  "calls": [
   {
    "name": "getCWStack",
    "source": "http://localhost:8080/causeway/purchase_example/workers/makeCausewayLogger.js",
    "span": [ [ 152, 32 ] ]
   },
   {
    "name": "logger.logSentRecord",
    "source": "http://localhost:8080/causeway/purchase_example/workers/makeCausewayLogger.js",
    "span": [ [ 159, 30 ] ]
   },
   {
    "name": "logger.send",
    "source": "http://localhost:8080/causeway/purchase_example/workers/makeCausewayLogger.js",
    "span": [ [ 214, 16 ] ]
   },
   {
    "name": "teller.run",
    "source": "http://localhost:8080/causeway/purchase_example/workers/asyncAnd.js",
    "span": [ [ 28, 14 ] ]
   },
   {
    "name": "?",
    "source": "http://localhost:8080/causeway/purchase_example/workers/makeCausewayLogger.js",
    "span": [ [ 217, 22 ] ]
   }
  ]
 }
},
{
 "class": [
  "org.ref_send.log.Got",
  "org.ref_send.log.Event"
 ],
 "anchor": {
  "number": 0,
  "turn": {
   "loop": "buyer",
   "number": 10
  }
 },
 "message": "umid:0.9422055520117283:buyer",
 "timestamp": 1454209528339,
 "trace": {
  "calls": [
   {
    "name": "getCWStack",
    "source": "http://localhost:8080/causeway/purchase_example/workers/makeCausewayLogger.js",
    "span": [ [ 152, 32 ] ]
   },
   {
    "name": "logger.logGotRecord",
    "source": "http://localhost:8080/causeway/purchase_example/workers/makeCausewayLogger.js",
    "span": [ [ 170, 29 ] ]
   },
   {
    "name": "?",
    "source": "http://localhost:8080/causeway/purchase_example/workers/makeCausewayLogger.js",
    "span": [ [ 216, 18 ] ]
   }
  ]
 }
},
{
 "class": [
  "org.ref_send.log.Comment",
  "org.ref_send.log.Event"
 ],
 "anchor": {
  "number": 1,
  "turn": {
   "loop": "buyer",
   "number": 10
  }
 },
 "text": "All queries answered true",
 "timestamp": 1454209528339,
 "trace": {
  "calls": [
   {
    "name": "getCWStack",
    "source": "http://localhost:8080/causeway/purchase_example/workers/makeCausewayLogger.js",
    "span": [ [ 152, 32 ] ]
   },
   {
    "name": "logger.logCommentRecord",
    "source": "http://localhost:8080/causeway/purchase_example/workers/makeCausewayLogger.js",
    "span": [ [ 175, 32 ] ]
   },
   {
    "name": "checkAnswers.run",
    "source": "http://localhost:8080/causeway/purchase_example/workers/mainBuyer.js",
    "span": [ [ 101, 21 ] ]
   },
   {
    "name": "?",
    "source": "http://localhost:8080/causeway/purchase_example/workers/makeCausewayLogger.js",
    "span": [ [ 217, 22 ] ]
   }
  ]
 }
},
{
 "class": [
  "org.ref_send.log.Sent",
  "org.ref_send.log.Event"
 ],
 "anchor": {
  "number": 2,
  "turn": {
   "loop": "buyer",
   "number": 10
  }
 },
 "message": "umid:0.6763673380482942:buyer",
 "timestamp": 1454209528339,
 "trace": {
  "calls": [
   {
    "name": "getCWStack",
    "source": "http://localhost:8080/causeway/purchase_example/workers/makeCausewayLogger.js",
    "span": [ [ 152, 32 ] ]
   },
   {
    "name": "logger.logSentRecord",
    "source": "http://localhost:8080/causeway/purchase_example/workers/makeCausewayLogger.js",
    "span": [ [ 159, 30 ] ]
   },
   {
    "name": "pmBase.postMessage",
    "source": "http://localhost:8080/causeway/purchase_example/workers/makeCausewayLogger.js",
    "span": [ [ 258, 18 ] ]
   },
   {
    "name": "checkAnswers.run",
    "source": "http://localhost:8080/causeway/purchase_example/workers/mainBuyer.js",
    "span": [ [ 102, 20 ] ]
   },
   {
    "name": "?",
    "source": "http://localhost:8080/causeway/purchase_example/workers/makeCausewayLogger.js",
    "span": [ [ 217, 22 ] ]
   }
  ]
 }
},
{
 "class": [
  "org.ref_send.log.Got",
  "org.ref_send.log.Event"
 ],
 "anchor": {
  "number": 0,
  "turn": {
   "loop": "product",
   "number": 5
  }
 },
 "message": "umid:0.6763673380482942:buyer",
 "timestamp": 1454209528340,
 "trace": {
  "calls": [
   {
    "name": "getCWStack",
    "source": "http://localhost:8080/causeway/purchase_example/workers/makeCausewayLogger.js",
    "span": [ [ 152, 32 ] ]
   },
   {
    "name": "logger.logGotRecord",
    "source": "http://localhost:8080/causeway/purchase_example/workers/makeCausewayLogger.js",
    "span": [ [ 170, 29 ] ]
   },
   {
    "name": "newCallback",
    "source": "http://localhost:8080/causeway/purchase_example/workers/makeCausewayLogger.js",
    "span": [ [ 277, 24 ] ]
   }
  ]
 }
},
{
 "class": [
  "org.ref_send.log.SentIf",
  "org.ref_send.log.Sent",
  "org.ref_send.log.Event"
 ],
 "anchor": {
  "number": 1,
  "turn": {
   "loop": "product",
   "number": 5
  }
 },
 "condition": "ucid:0.7188855847343802:product",
 "message": "umid:0.22345280810259283:product",
 "timestamp": 1454209528340,
 "trace": {
  "calls": [
   {
    "name": "getCWStack",
    "source": "http://localhost:8080/causeway/purchase_example/workers/makeCausewayLogger.js",
    "span": [ [ 152, 32 ] ]
   },
   {
    "name": "logger.logSentIfRecord",
    "source": "http://localhost:8080/causeway/purchase_example/workers/makeCausewayLogger.js",
    "span": [ [ 180, 43 ] ]
   },
   {
    "name": "newCallback",
    "source": "http://localhost:8080/causeway/purchase_example/workers/makeCausewayLogger.js",
    "span": [ [ 281, 22 ] ]
   }
  ]
 }
},
{
 "class": [
  "org.ref_send.log.Got",
  "org.ref_send.log.Event"
 ],
 "anchor": {
  "number": 0,
  "turn": {
   "loop": "product",
   "number": 6
  }
 },
 "message": "umid:0.22345280810259283:product",
 "timestamp": 1454209528340,
 "trace": {
  "calls": [
   {
    "name": "getCWStack",
    "source": "http://localhost:8080/causeway/purchase_example/workers/makeCausewayLogger.js",
    "span": [ [ 152, 32 ] ]
   },
   {
    "name": "logger.logGotRecord",
    "source": "http://localhost:8080/causeway/purchase_example/workers/makeCausewayLogger.js",
    "span": [ [ 170, 29 ] ]
   },
   {
    "name": "newCallback",
    "source": "http://localhost:8080/causeway/purchase_example/workers/makeCausewayLogger.js",
    "span": [ [ 282, 22 ] ]
   }
  ]
 }
},
{
 "class": [
  "org.ref_send.log.Sent",
  "org.ref_send.log.Event"
 ],
 "anchor": {
  "number": 1,
  "turn": {
   "loop": "product",
   "number": 6
  }
 },
 "message": "umid:0.7605335728731006:product",
 "timestamp": 1454209528341,
 "trace": {
  "calls": [
   {
    "name": "getCWStack",
    "source": "http://localhost:8080/causeway/purchase_example/workers/makeCausewayLogger.js",
    "span": [ [ 152, 32 ] ]
   },
   {
    "name": "logger.logSentRecord",
    "source": "http://localhost:8080/causeway/purchase_example/workers/makeCausewayLogger.js",
    "span": [ [ 159, 30 ] ]
   },
   {
    "name": "pmBase.postMessage",
    "source": "http://localhost:8080/causeway/purchase_example/workers/makeCausewayLogger.js",
    "span": [ [ 258, 18 ] ]
   },
   {
    "name": "?",
    "source": "http://localhost:8080/causeway/purchase_example/workers/wwProduct.js",
    "span": [ [ 39, 12 ] ]
   },
   {
    "name": "newCallback",
    "source": "http://localhost:8080/causeway/purchase_example/workers/makeCausewayLogger.js",
    "span": [ [ 284, 33 ] ]
   }
  ]
 }
},
{
 "class": [
  "org.ref_send.log.Got",
  "org.ref_send.log.Event"
 ],
 "anchor": {
  "number": 0,
  "turn": {
   "loop": "buyer",
   "number": 11
  }
 },
 "message": "umid:0.7605335728731006:product",
 "timestamp": 1454209528341,
 "trace": {
  "calls": [
   {
    "name": "getCWStack",
    "source": "http://localhost:8080/causeway/purchase_example/workers/makeCausewayLogger.js",
    "span": [ [ 152, 32 ] ]
   },
   {
    "name": "logger.logGotRecord",
    "source": "http://localhost:8080/causeway/purchase_example/workers/makeCausewayLogger.js",
    "span": [ [ 170, 29 ] ]
   },
   {
    "name": "newCallback",
    "source": "http://localhost:8080/causeway/purchase_example/workers/makeCausewayLogger.js",
    "span": [ [ 277, 24 ] ]
   }
  ]
 }
},
{
 "class": [
  "org.ref_send.log.SentIf",
  "org.ref_send.log.Sent",
  "org.ref_send.log.Event"
 ],
 "anchor": {
  "number": 1,
  "turn": {
   "loop": "buyer",
   "number": 11
  }
 },
 "condition": "ucid:0.6276896537747234:buyer",
 "message": "umid:0.5245965241920203:buyer",
 "timestamp": 1454209528341,
 "trace": {
  "calls": [
   {
    "name": "getCWStack",
    "source": "http://localhost:8080/causeway/purchase_example/workers/makeCausewayLogger.js",
    "span": [ [ 152, 32 ] ]
   },
   {
    "name": "logger.logSentIfRecord",
    "source": "http://localhost:8080/causeway/purchase_example/workers/makeCausewayLogger.js",
    "span": [ [ 180, 43 ] ]
   },
   {
    "name": "newCallback",
    "source": "http://localhost:8080/causeway/purchase_example/workers/makeCausewayLogger.js",
    "span": [ [ 281, 22 ] ]
   }
  ]
 }
},
{
 "class": [
  "org.ref_send.log.Got",
  "org.ref_send.log.Event"
 ],
 "anchor": {
  "number": 0,
  "turn": {
   "loop": "buyer",
   "number": 12
  }
 },
 "message": "umid:0.5245965241920203:buyer",
 "timestamp": 1454209528342,
 "trace": {
  "calls": [
   {
    "name": "getCWStack",
    "source": "http://localhost:8080/causeway/purchase_example/workers/makeCausewayLogger.js",
    "span": [ [ 152, 32 ] ]
   },
   {
    "name": "logger.logGotRecord",
    "source": "http://localhost:8080/causeway/purchase_example/workers/makeCausewayLogger.js",
    "span": [ [ 170, 29 ] ]
   },
   {
    "name": "newCallback",
    "source": "http://localhost:8080/causeway/purchase_example/workers/makeCausewayLogger.js",
    "span": [ [ 282, 22 ] ]
   }
  ]
 }
},
{
 "class": [
  "org.ref_send.log.Sent",
  "org.ref_send.log.Event"
 ],
 "anchor": {
  "number": 1,
  "turn": {
   "loop": "buyer",
   "number": 12
  }
 },
 "message": "umid:0.5939665082842112:buyer",
 "timestamp": 1454209528342,
 "trace": {
  "calls": [
   {
    "name": "getCWStack",
    "source": "http://localhost:8080/causeway/purchase_example/workers/makeCausewayLogger.js",
    "span": [ [ 152, 32 ] ]
   },
   {
    "name": "logger.logSentRecord",
    "source": "http://localhost:8080/causeway/purchase_example/workers/makeCausewayLogger.js",
    "span": [ [ 159, 30 ] ]
   },
   {
    "name": "logger.send",
    "source": "http://localhost:8080/causeway/purchase_example/workers/makeCausewayLogger.js",
    "span": [ [ 214, 16 ] ]
   },
   {
    "name": "?",
    "source": "http://localhost:8080/causeway/purchase_example/workers/mainBuyer.js",
    "span": [ [ 134, 12 ] ]
   },
   {
    "name": "newCallback",
    "source": "http://localhost:8080/causeway/purchase_example/workers/makeCausewayLogger.js",
    "span": [ [ 284, 33 ] ]
   }
  ]
 }
},
{
 "class": [
  "org.ref_send.log.Got",
  "org.ref_send.log.Event"
 ],
 "anchor": {
  "number": 0,
  "turn": {
   "loop": "buyer",
   "number": 13
  }
 },
 "message": "umid:0.5939665082842112:buyer",
 "timestamp": 1454209528343,
 "trace": {
  "calls": [
   {
    "name": "getCWStack",
    "source": "http://localhost:8080/causeway/purchase_example/workers/makeCausewayLogger.js",
    "span": [ [ 152, 32 ] ]
   },
   {
    "name": "logger.logGotRecord",
    "source": "http://localhost:8080/causeway/purchase_example/workers/makeCausewayLogger.js",
    "span": [ [ 170, 29 ] ]
   },
   {
    "name": "?",
    "source": "http://localhost:8080/causeway/purchase_example/workers/makeCausewayLogger.js",
    "span": [ [ 216, 18 ] ]
   }
  ]
 }
},
{
 "class": [
  "org.ref_send.log.Comment",
  "org.ref_send.log.Event"
 ],
 "anchor": {
  "number": 1,
  "turn": {
   "loop": "buyer",
   "number": 13
  }
 },
 "text": "Order placed for West Coast Buyers",
 "timestamp": 1454209528343,
 "trace": {
  "calls": [
   {
    "name": "getCWStack",
    "source": "http://localhost:8080/causeway/purchase_example/workers/makeCausewayLogger.js",
    "span": [ [ 152, 32 ] ]
   },
   {
    "name": "logger.logCommentRecord",
    "source": "http://localhost:8080/causeway/purchase_example/workers/makeCausewayLogger.js",
    "span": [ [ 175, 32 ] ]
   },
   {
    "name": "reporter.run",
    "source": "http://localhost:8080/causeway/purchase_example/workers/mainBuyer.js",
    "span": [ [ 90, 21 ] ]
   },
   {
    "name": "?",
    "source": "http://localhost:8080/causeway/purchase_example/workers/makeCausewayLogger.js",
    "span": [ [ 217, 22 ] ]
   }
  ]
 }
}]

