

[{
 "class": [
  "org.ref_send.log.Sent",
  "org.ref_send.log.Event"
 ],
 "anchor": {
  "number": 1,
  "turn": {
   "loop": "buyer",
   "number": 0
  }
 },
 "message": "umid:0.07508576614782214:buyer",
 "timestamp": 1454994066882,
 "trace": {
  "calls": [
   {
    "name": "getCWStack",
    "source": "http://localhost:8080/causeway/purchase_example/workers/makeCausewayLogger.js",
    "span": [ [ 152, 32 ] ]
   },
   {
    "name": "logger.logSentRecord",
    "source": "http://localhost:8080/causeway/purchase_example/workers/makeCausewayLogger.js",
    "span": [ [ 159, 30 ] ]
   },
   {
    "name": "pmBase.postMessage",
    "source": "http://localhost:8080/causeway/purchase_example/workers/makeCausewayLogger.js",
    "span": [ [ 258, 18 ] ]
   },
   {
    "name": "doWebWorkersTest",
    "source": "http://localhost:8080/causeway/purchase_example/workers/mainBuyer.js",
    "span": [ [ 114, 14 ] ]
   },
   {
    "name": "onload",
    "source": {
     "name": "?",
     "source": "http://localhost:8080/workersExample.html",
     "span": []
    },
    "span": [ [ 8, 40 ] ]
   }
  ]
 }
},
{
 "class": [
  "org.ref_send.log.Sent",
  "org.ref_send.log.Event"
 ],
 "anchor": {
  "number": 2,
  "turn": {
   "loop": "buyer",
   "number": 0
  }
 },
 "message": "umid:0.06990072526969016:buyer",
 "timestamp": 1454994066886,
 "trace": {
  "calls": [
   {
    "name": "getCWStack",
    "source": "http://localhost:8080/causeway/purchase_example/workers/makeCausewayLogger.js",
    "span": [ [ 152, 32 ] ]
   },
   {
    "name": "logger.logSentRecord",
    "source": "http://localhost:8080/causeway/purchase_example/workers/makeCausewayLogger.js",
    "span": [ [ 159, 30 ] ]
   },
   {
    "name": "pmBase.postMessage",
    "source": "http://localhost:8080/causeway/purchase_example/workers/makeCausewayLogger.js",
    "span": [ [ 258, 18 ] ]
   },
   {
    "name": "doWebWorkersTest",
    "source": "http://localhost:8080/causeway/purchase_example/workers/mainBuyer.js",
    "span": [ [ 115, 15 ] ]
   },
   {
    "name": "onload",
    "source": {
     "name": "?",
     "source": "http://localhost:8080/workersExample.html",
     "span": []
    },
    "span": [ [ 8, 40 ] ]
   }
  ]
 }
},
{
 "class": [
  "org.ref_send.log.Sent",
  "org.ref_send.log.Event"
 ],
 "anchor": {
  "number": 3,
  "turn": {
   "loop": "buyer",
   "number": 0
  }
 },
 "message": "umid:0.06253548758104444:buyer",
 "timestamp": 1454994066886,
 "trace": {
  "calls": [
   {
    "name": "getCWStack",
    "source": "http://localhost:8080/causeway/purchase_example/workers/makeCausewayLogger.js",
    "span": [ [ 152, 32 ] ]
   },
   {
    "name": "logger.logSentRecord",
    "source": "http://localhost:8080/causeway/purchase_example/workers/makeCausewayLogger.js",
    "span": [ [ 159, 30 ] ]
   },
   {
    "name": "pmBase.postMessage",
    "source": "http://localhost:8080/causeway/purchase_example/workers/makeCausewayLogger.js",
    "span": [ [ 258, 18 ] ]
   },
   {
    "name": "doWebWorkersTest",
    "source": "http://localhost:8080/causeway/purchase_example/workers/mainBuyer.js",
    "span": [ [ 116, 14 ] ]
   },
   {
    "name": "onload",
    "source": {
     "name": "?",
     "source": "http://localhost:8080/workersExample.html",
     "span": []
    },
    "span": [ [ 8, 40 ] ]
   }
  ]
 }
},
{
 "class": [
  "org.ref_send.log.Fulfilled",
  "org.ref_send.log.Resolved",
  "org.ref_send.log.Event"
 ],
 "anchor": {
  "number": 4,
  "turn": {
   "loop": "buyer",
   "number": 0
  }
 },
 "condition": "ucid:0.6242791370023042:buyer",
 "timestamp": 1454994066886,
 "trace": {
  "calls": [
   {
    "name": "getCWStack",
    "source": "http://localhost:8080/causeway/purchase_example/workers/makeCausewayLogger.js",
    "span": [ [ 152, 32 ] ]
   },
   {
    "name": "logger.logFulfilledRecord",
    "source": "http://localhost:8080/causeway/purchase_example/workers/makeCausewayLogger.js",
    "span": [ [ 195, 39 ] ]
   },
   {
    "name": "aelBase.addEventListener",
    "source": "http://localhost:8080/causeway/purchase_example/workers/makeCausewayLogger.js",
    "span": [ [ 288, 20 ] ]
   },
   {
    "name": "doWebWorkersTest",
    "source": "http://localhost:8080/causeway/purchase_example/workers/mainBuyer.js",
    "span": [ [ 118, 14 ] ]
   },
   {
    "name": "onload",
    "source": {
     "name": "?",
     "source": "http://localhost:8080/workersExample.html",
     "span": []
    },
    "span": [ [ 8, 40 ] ]
   }
  ]
 }
},
{
 "class": [
  "org.ref_send.log.Fulfilled",
  "org.ref_send.log.Resolved",
  "org.ref_send.log.Event"
 ],
 "anchor": {
  "number": 5,
  "turn": {
   "loop": "buyer",
   "number": 0
  }
 },
 "condition": "ucid:0.7436335745733231:buyer",
 "timestamp": 1454994066887,
 "trace": {
  "calls": [
   {
    "name": "getCWStack",
    "source": "http://localhost:8080/causeway/purchase_example/workers/makeCausewayLogger.js",
    "span": [ [ 152, 32 ] ]
   },
   {
    "name": "logger.logFulfilledRecord",
    "source": "http://localhost:8080/causeway/purchase_example/workers/makeCausewayLogger.js",
    "span": [ [ 195, 39 ] ]
   },
   {
    "name": "aelBase.addEventListener",
    "source": "http://localhost:8080/causeway/purchase_example/workers/makeCausewayLogger.js",
    "span": [ [ 288, 20 ] ]
   },
   {
    "name": "doWebWorkersTest",
    "source": "http://localhost:8080/causeway/purchase_example/workers/mainBuyer.js",
    "span": [ [ 142, 15 ] ]
   },
   {
    "name": "onload",
    "source": {
     "name": "?",
     "source": "http://localhost:8080/workersExample.html",
     "span": []
    },
    "span": [ [ 8, 40 ] ]
   }
  ]
 }
},
{
 "class": [
  "org.ref_send.log.Fulfilled",
  "org.ref_send.log.Resolved",
  "org.ref_send.log.Event"
 ],
 "anchor": {
  "number": 1,
  "turn": {
   "loop": "accounts",
   "number": 0
  }
 },
 "condition": "ucid:0.6637661105487496:accounts",
 "timestamp": 1454994066905,
 "trace": {
  "calls": [
   {
    "name": "getCWStack",
    "source": "http://localhost:8080/causeway/purchase_example/workers/makeCausewayLogger.js",
    "span": [ [ 152, 32 ] ]
   },
   {
    "name": "logger.logFulfilledRecord",
    "source": "http://localhost:8080/causeway/purchase_example/workers/makeCausewayLogger.js",
    "span": [ [ 195, 39 ] ]
   },
   {
    "name": "aelBase.addEventListener",
    "source": "http://localhost:8080/causeway/purchase_example/workers/makeCausewayLogger.js",
    "span": [ [ 288, 20 ] ]
   },
   {
    "name": "?",
    "source": "http://localhost:8080/causeway/purchase_example/workers/wwAccounts.js",
    "span": [ [ 17, 8 ] ]
   },
   {
    "name": "?",
    "source": "http://localhost:8080/causeway/purchase_example/workers/wwAccounts.js",
    "span": [ [ 28, 3 ] ]
   }
  ]
 }
},
{
 "class": [
  "org.ref_send.log.Fulfilled",
  "org.ref_send.log.Resolved",
  "org.ref_send.log.Event"
 ],
 "anchor": {
  "number": 1,
  "turn": {
   "loop": "product",
   "number": 0
  }
 },
 "condition": "ucid:0.1294613117352128:product",
 "timestamp": 1454994066905,
 "trace": {
  "calls": [
   {
    "name": "getCWStack",
    "source": "http://localhost:8080/causeway/purchase_example/workers/makeCausewayLogger.js",
    "span": [ [ 152, 32 ] ]
   },
   {
    "name": "logger.logFulfilledRecord",
    "source": "http://localhost:8080/causeway/purchase_example/workers/makeCausewayLogger.js",
    "span": [ [ 195, 39 ] ]
   },
   {
    "name": "aelBase.addEventListener",
    "source": "http://localhost:8080/causeway/purchase_example/workers/makeCausewayLogger.js",
    "span": [ [ 288, 20 ] ]
   },
   {
    "name": "?",
    "source": "http://localhost:8080/causeway/purchase_example/workers/wwProduct.js",
    "span": [ [ 25, 8 ] ]
   },
   {
    "name": "?",
    "source": "http://localhost:8080/causeway/purchase_example/workers/wwProduct.js",
    "span": [ [ 42, 3 ] ]
   }
  ]
 }
},
{
 "class": [
  "org.ref_send.log.Got",
  "org.ref_send.log.Event"
 ],
 "anchor": {
  "number": 0,
  "turn": {
   "loop": "accounts",
   "number": 1
  }
 },
 "message": "umid:0.06990072526969016:buyer",
 "timestamp": 1454994066906,
 "trace": {
  "calls": [
   {
    "name": "getCWStack",
    "source": "http://localhost:8080/causeway/purchase_example/workers/makeCausewayLogger.js",
    "span": [ [ 152, 32 ] ]
   },
   {
    "name": "logger.logGotRecord",
    "source": "http://localhost:8080/causeway/purchase_example/workers/makeCausewayLogger.js",
    "span": [ [ 170, 29 ] ]
   },
   {
    "name": "newCallback",
    "source": "http://localhost:8080/causeway/purchase_example/workers/makeCausewayLogger.js",
    "span": [ [ 277, 24 ] ]
   }
  ]
 }
},
{
 "class": [
  "org.ref_send.log.Got",
  "org.ref_send.log.Event"
 ],
 "anchor": {
  "number": 0,
  "turn": {
   "loop": "product",
   "number": 1
  }
 },
 "message": "umid:0.07508576614782214:buyer",
 "timestamp": 1454994066906,
 "trace": {
  "calls": [
   {
    "name": "getCWStack",
    "source": "http://localhost:8080/causeway/purchase_example/workers/makeCausewayLogger.js",
    "span": [ [ 152, 32 ] ]
   },
   {
    "name": "logger.logGotRecord",
    "source": "http://localhost:8080/causeway/purchase_example/workers/makeCausewayLogger.js",
    "span": [ [ 170, 29 ] ]
   },
   {
    "name": "newCallback",
    "source": "http://localhost:8080/causeway/purchase_example/workers/makeCausewayLogger.js",
    "span": [ [ 277, 24 ] ]
   }
  ]
 }
},
{
 "class": [
  "org.ref_send.log.SentIf",
  "org.ref_send.log.Sent",
  "org.ref_send.log.Event"
 ],
 "anchor": {
  "number": 1,
  "turn": {
   "loop": "accounts",
   "number": 1
  }
 },
 "condition": "ucid:0.6637661105487496:accounts",
 "message": "umid:0.14405258791521192:accounts",
 "timestamp": 1454994066907,
 "trace": {
  "calls": [
   {
    "name": "getCWStack",
    "source": "http://localhost:8080/causeway/purchase_example/workers/makeCausewayLogger.js",
    "span": [ [ 152, 32 ] ]
   },
   {
    "name": "logger.logSentIfRecord",
    "source": "http://localhost:8080/causeway/purchase_example/workers/makeCausewayLogger.js",
    "span": [ [ 180, 43 ] ]
   },
   {
    "name": "newCallback",
    "source": "http://localhost:8080/causeway/purchase_example/workers/makeCausewayLogger.js",
    "span": [ [ 281, 22 ] ]
   }
  ]
 }
},
{
 "class": [
  "org.ref_send.log.Got",
  "org.ref_send.log.Event"
 ],
 "anchor": {
  "number": 0,
  "turn": {
   "loop": "accounts",
   "number": 2
  }
 },
 "message": "umid:0.14405258791521192:accounts",
 "timestamp": 1454994066907,
 "trace": {
  "calls": [
   {
    "name": "getCWStack",
    "source": "http://localhost:8080/causeway/purchase_example/workers/makeCausewayLogger.js",
    "span": [ [ 152, 32 ] ]
   },
   {
    "name": "logger.logGotRecord",
    "source": "http://localhost:8080/causeway/purchase_example/workers/makeCausewayLogger.js",
    "span": [ [ 170, 29 ] ]
   },
   {
    "name": "newCallback",
    "source": "http://localhost:8080/causeway/purchase_example/workers/makeCausewayLogger.js",
    "span": [ [ 282, 22 ] ]
   }
  ]
 }
},
{
 "class": [
  "org.ref_send.log.SentIf",
  "org.ref_send.log.Sent",
  "org.ref_send.log.Event"
 ],
 "anchor": {
  "number": 1,
  "turn": {
   "loop": "product",
   "number": 1
  }
 },
 "condition": "ucid:0.1294613117352128:product",
 "message": "umid:0.9013066457118839:product",
 "timestamp": 1454994066907,
 "trace": {
  "calls": [
   {
    "name": "getCWStack",
    "source": "http://localhost:8080/causeway/purchase_example/workers/makeCausewayLogger.js",
    "span": [ [ 152, 32 ] ]
   },
   {
    "name": "logger.logSentIfRecord",
    "source": "http://localhost:8080/causeway/purchase_example/workers/makeCausewayLogger.js",
    "span": [ [ 180, 43 ] ]
   },
   {
    "name": "newCallback",
    "source": "http://localhost:8080/causeway/purchase_example/workers/makeCausewayLogger.js",
    "span": [ [ 281, 22 ] ]
   }
  ]
 }
},
{
 "class": [
  "org.ref_send.log.Got",
  "org.ref_send.log.Event"
 ],
 "anchor": {
  "number": 0,
  "turn": {
   "loop": "product",
   "number": 2
  }
 },
 "message": "umid:0.9013066457118839:product",
 "timestamp": 1454994066908,
 "trace": {
  "calls": [
   {
    "name": "getCWStack",
    "source": "http://localhost:8080/causeway/purchase_example/workers/makeCausewayLogger.js",
    "span": [ [ 152, 32 ] ]
   },
   {
    "name": "logger.logGotRecord",
    "source": "http://localhost:8080/causeway/purchase_example/workers/makeCausewayLogger.js",
    "span": [ [ 170, 29 ] ]
   },
   {
    "name": "newCallback",
    "source": "http://localhost:8080/causeway/purchase_example/workers/makeCausewayLogger.js",
    "span": [ [ 282, 22 ] ]
   }
  ]
 }
},
{
 "class": [
  "org.ref_send.log.Sent",
  "org.ref_send.log.Event"
 ],
 "anchor": {
  "number": 1,
  "turn": {
   "loop": "accounts",
   "number": 2
  }
 },
 "message": "umid:0.6638195663690567:accounts",
 "timestamp": 1454994066909,
 "trace": {
  "calls": [
   {
    "name": "getCWStack",
    "source": "http://localhost:8080/causeway/purchase_example/workers/makeCausewayLogger.js",
    "span": [ [ 152, 32 ] ]
   },
   {
    "name": "logger.logSentRecord",
    "source": "http://localhost:8080/causeway/purchase_example/workers/makeCausewayLogger.js",
    "span": [ [ 159, 30 ] ]
   },
   {
    "name": "pmBase.postMessage",
    "source": "http://localhost:8080/causeway/purchase_example/workers/makeCausewayLogger.js",
    "span": [ [ 258, 18 ] ]
   },
   {
    "name": "doCreditCheck",
    "source": "http://localhost:8080/causeway/purchase_example/workers/wwAccounts.js",
    "span": [ [ 14, 10 ] ]
   },
   {
    "name": "accountsRequest",
    "source": "http://localhost:8080/causeway/purchase_example/workers/wwAccounts.js",
    "span": [ [ 22, 7 ] ]
   },
   {
    "name": "newCallback",
    "source": "http://localhost:8080/causeway/purchase_example/workers/makeCausewayLogger.js",
    "span": [ [ 284, 33 ] ]
   }
  ]
 }
},
{
 "class": [
  "org.ref_send.log.Got",
  "org.ref_send.log.Event"
 ],
 "anchor": {
  "number": 0,
  "turn": {
   "loop": "buyer",
   "number": 1
  }
 },
 "message": "umid:0.6638195663690567:accounts",
 "timestamp": 1454994066910,
 "trace": {
  "calls": [
   {
    "name": "getCWStack",
    "source": "http://localhost:8080/causeway/purchase_example/workers/makeCausewayLogger.js",
    "span": [ [ 152, 32 ] ]
   },
   {
    "name": "logger.logGotRecord",
    "source": "http://localhost:8080/causeway/purchase_example/workers/makeCausewayLogger.js",
    "span": [ [ 170, 29 ] ]
   },
   {
    "name": "newCallback",
    "source": "http://localhost:8080/causeway/purchase_example/workers/makeCausewayLogger.js",
    "span": [ [ 277, 24 ] ]
   }
  ]
 }
},
{
 "class": [
  "org.ref_send.log.SentIf",
  "org.ref_send.log.Sent",
  "org.ref_send.log.Event"
 ],
 "anchor": {
  "number": 1,
  "turn": {
   "loop": "buyer",
   "number": 1
  }
 },
 "condition": "ucid:0.7436335745733231:buyer",
 "message": "umid:0.44240219914354384:buyer",
 "timestamp": 1454994066910,
 "trace": {
  "calls": [
   {
    "name": "getCWStack",
    "source": "http://localhost:8080/causeway/purchase_example/workers/makeCausewayLogger.js",
    "span": [ [ 152, 32 ] ]
   },
   {
    "name": "logger.logSentIfRecord",
    "source": "http://localhost:8080/causeway/purchase_example/workers/makeCausewayLogger.js",
    "span": [ [ 180, 43 ] ]
   },
   {
    "name": "newCallback",
    "source": "http://localhost:8080/causeway/purchase_example/workers/makeCausewayLogger.js",
    "span": [ [ 281, 22 ] ]
   }
  ]
 }
},
{
 "class": [
  "org.ref_send.log.Got",
  "org.ref_send.log.Event"
 ],
 "anchor": {
  "number": 0,
  "turn": {
   "loop": "buyer",
   "number": 2
  }
 },
 "message": "umid:0.44240219914354384:buyer",
 "timestamp": 1454994066911,
 "trace": {
  "calls": [
   {
    "name": "getCWStack",
    "source": "http://localhost:8080/causeway/purchase_example/workers/makeCausewayLogger.js",
    "span": [ [ 152, 32 ] ]
   },
   {
    "name": "logger.logGotRecord",
    "source": "http://localhost:8080/causeway/purchase_example/workers/makeCausewayLogger.js",
    "span": [ [ 170, 29 ] ]
   },
   {
    "name": "newCallback",
    "source": "http://localhost:8080/causeway/purchase_example/workers/makeCausewayLogger.js",
    "span": [ [ 282, 22 ] ]
   }
  ]
 }
},
{
 "class": [
  "org.ref_send.log.Sent",
  "org.ref_send.log.Event"
 ],
 "anchor": {
  "number": 1,
  "turn": {
   "loop": "buyer",
   "number": 2
  }
 },
 "message": "umid:0.15515424706973135:buyer",
 "timestamp": 1454994066911,
 "trace": {
  "calls": [
   {
    "name": "getCWStack",
    "source": "http://localhost:8080/causeway/purchase_example/workers/makeCausewayLogger.js",
    "span": [ [ 152, 32 ] ]
   },
   {
    "name": "logger.logSentRecord",
    "source": "http://localhost:8080/causeway/purchase_example/workers/makeCausewayLogger.js",
    "span": [ [ 159, 30 ] ]
   },
   {
    "name": "logger.send",
    "source": "http://localhost:8080/causeway/purchase_example/workers/makeCausewayLogger.js",
    "span": [ [ 214, 16 ] ]
   },
   {
    "name": "accountsAnswer",
    "source": "http://localhost:8080/causeway/purchase_example/workers/mainBuyer.js",
    "span": [ [ 147, 12 ] ]
   },
   {
    "name": "newCallback",
    "source": "http://localhost:8080/causeway/purchase_example/workers/makeCausewayLogger.js",
    "span": [ [ 284, 33 ] ]
   }
  ]
 }
},
{
 "class": [
  "org.ref_send.log.Sent",
  "org.ref_send.log.Event"
 ],
 "anchor": {
  "number": 1,
  "turn": {
   "loop": "product",
   "number": 2
  }
 },
 "message": "umid:0.13625622657127678:product",
 "timestamp": 1454994066909,
 "trace": {
  "calls": [
   {
    "name": "getCWStack",
    "source": "http://localhost:8080/causeway/purchase_example/workers/makeCausewayLogger.js",
    "span": [ [ 152, 32 ] ]
   },
   {
    "name": "logger.logSentRecord",
    "source": "http://localhost:8080/causeway/purchase_example/workers/makeCausewayLogger.js",
    "span": [ [ 159, 30 ] ]
   },
   {
    "name": "pmBase.postMessage",
    "source": "http://localhost:8080/causeway/purchase_example/workers/makeCausewayLogger.js",
    "span": [ [ 258, 18 ] ]
   },
   {
    "name": "isAvailable",
    "source": "http://localhost:8080/causeway/purchase_example/workers/wwProduct.js",
    "span": [ [ 14, 10 ] ]
   },
   {
    "name": "productRequest",
    "source": "http://localhost:8080/causeway/purchase_example/workers/wwProduct.js",
    "span": [ [ 30, 7 ] ]
   },
   {
    "name": "newCallback",
    "source": "http://localhost:8080/causeway/purchase_example/workers/makeCausewayLogger.js",
    "span": [ [ 284, 33 ] ]
   }
  ]
 }
},
{
 "class": [
  "org.ref_send.log.Got",
  "org.ref_send.log.Event"
 ],
 "anchor": {
  "number": 0,
  "turn": {
   "loop": "buyer",
   "number": 3
  }
 },
 "message": "umid:0.13625622657127678:product",
 "timestamp": 1454994066912,
 "trace": {
  "calls": [
   {
    "name": "getCWStack",
    "source": "http://localhost:8080/causeway/purchase_example/workers/makeCausewayLogger.js",
    "span": [ [ 152, 32 ] ]
   },
   {
    "name": "logger.logGotRecord",
    "source": "http://localhost:8080/causeway/purchase_example/workers/makeCausewayLogger.js",
    "span": [ [ 170, 29 ] ]
   },
   {
    "name": "newCallback",
    "source": "http://localhost:8080/causeway/purchase_example/workers/makeCausewayLogger.js",
    "span": [ [ 277, 24 ] ]
   }
  ]
 }
},
{
 "class": [
  "org.ref_send.log.SentIf",
  "org.ref_send.log.Sent",
  "org.ref_send.log.Event"
 ],
 "anchor": {
  "number": 1,
  "turn": {
   "loop": "buyer",
   "number": 3
  }
 },
 "condition": "ucid:0.6242791370023042:buyer",
 "message": "umid:0.07960617239587009:buyer",
 "timestamp": 1454994066912,
 "trace": {
  "calls": [
   {
    "name": "getCWStack",
    "source": "http://localhost:8080/causeway/purchase_example/workers/makeCausewayLogger.js",
    "span": [ [ 152, 32 ] ]
   },
   {
    "name": "logger.logSentIfRecord",
    "source": "http://localhost:8080/causeway/purchase_example/workers/makeCausewayLogger.js",
    "span": [ [ 180, 43 ] ]
   },
   {
    "name": "newCallback",
    "source": "http://localhost:8080/causeway/purchase_example/workers/makeCausewayLogger.js",
    "span": [ [ 281, 22 ] ]
   }
  ]
 }
},
{
 "class": [
  "org.ref_send.log.Got",
  "org.ref_send.log.Event"
 ],
 "anchor": {
  "number": 0,
  "turn": {
   "loop": "buyer",
   "number": 4
  }
 },
 "message": "umid:0.07960617239587009:buyer",
 "timestamp": 1454994066912,
 "trace": {
  "calls": [
   {
    "name": "getCWStack",
    "source": "http://localhost:8080/causeway/purchase_example/workers/makeCausewayLogger.js",
    "span": [ [ 152, 32 ] ]
   },
   {
    "name": "logger.logGotRecord",
    "source": "http://localhost:8080/causeway/purchase_example/workers/makeCausewayLogger.js",
    "span": [ [ 170, 29 ] ]
   },
   {
    "name": "newCallback",
    "source": "http://localhost:8080/causeway/purchase_example/workers/makeCausewayLogger.js",
    "span": [ [ 282, 22 ] ]
   }
  ]
 }
},
{
 "class": [
  "org.ref_send.log.Sent",
  "org.ref_send.log.Event"
 ],
 "anchor": {
  "number": 1,
  "turn": {
   "loop": "buyer",
   "number": 4
  }
 },
 "message": "umid:0.8086905460804701:buyer",
 "timestamp": 1454994066913,
 "trace": {
  "calls": [
   {
    "name": "getCWStack",
    "source": "http://localhost:8080/causeway/purchase_example/workers/makeCausewayLogger.js",
    "span": [ [ 152, 32 ] ]
   },
   {
    "name": "logger.logSentRecord",
    "source": "http://localhost:8080/causeway/purchase_example/workers/makeCausewayLogger.js",
    "span": [ [ 159, 30 ] ]
   },
   {
    "name": "logger.send",
    "source": "http://localhost:8080/causeway/purchase_example/workers/makeCausewayLogger.js",
    "span": [ [ 214, 16 ] ]
   },
   {
    "name": "productAnswer",
    "source": "http://localhost:8080/causeway/purchase_example/workers/mainBuyer.js",
    "span": [ [ 124, 12 ] ]
   },
   {
    "name": "newCallback",
    "source": "http://localhost:8080/causeway/purchase_example/workers/makeCausewayLogger.js",
    "span": [ [ 284, 33 ] ]
   }
  ]
 }
},
{
 "class": [
  "org.ref_send.log.Got",
  "org.ref_send.log.Event"
 ],
 "anchor": {
  "number": 0,
  "turn": {
   "loop": "product",
   "number": 3
  }
 },
 "message": "umid:0.06253548758104444:buyer",
 "timestamp": 1454994066910,
 "trace": {
  "calls": [
   {
    "name": "getCWStack",
    "source": "http://localhost:8080/causeway/purchase_example/workers/makeCausewayLogger.js",
    "span": [ [ 152, 32 ] ]
   },
   {
    "name": "logger.logGotRecord",
    "source": "http://localhost:8080/causeway/purchase_example/workers/makeCausewayLogger.js",
    "span": [ [ 170, 29 ] ]
   },
   {
    "name": "newCallback",
    "source": "http://localhost:8080/causeway/purchase_example/workers/makeCausewayLogger.js",
    "span": [ [ 277, 24 ] ]
   }
  ]
 }
},
{
 "class": [
  "org.ref_send.log.SentIf",
  "org.ref_send.log.Sent",
  "org.ref_send.log.Event"
 ],
 "anchor": {
  "number": 1,
  "turn": {
   "loop": "product",
   "number": 3
  }
 },
 "condition": "ucid:0.1294613117352128:product",
 "message": "umid:0.4671177971176803:product",
 "timestamp": 1454994066910,
 "trace": {
  "calls": [
   {
    "name": "getCWStack",
    "source": "http://localhost:8080/causeway/purchase_example/workers/makeCausewayLogger.js",
    "span": [ [ 152, 32 ] ]
   },
   {
    "name": "logger.logSentIfRecord",
    "source": "http://localhost:8080/causeway/purchase_example/workers/makeCausewayLogger.js",
    "span": [ [ 180, 43 ] ]
   },
   {
    "name": "newCallback",
    "source": "http://localhost:8080/causeway/purchase_example/workers/makeCausewayLogger.js",
    "span": [ [ 281, 22 ] ]
   }
  ]
 }
},
{
 "class": [
  "org.ref_send.log.Got",
  "org.ref_send.log.Event"
 ],
 "anchor": {
  "number": 0,
  "turn": {
   "loop": "product",
   "number": 4
  }
 },
 "message": "umid:0.4671177971176803:product",
 "timestamp": 1454994066910,
 "trace": {
  "calls": [
   {
    "name": "getCWStack",
    "source": "http://localhost:8080/causeway/purchase_example/workers/makeCausewayLogger.js",
    "span": [ [ 152, 32 ] ]
   },
   {
    "name": "logger.logGotRecord",
    "source": "http://localhost:8080/causeway/purchase_example/workers/makeCausewayLogger.js",
    "span": [ [ 170, 29 ] ]
   },
   {
    "name": "newCallback",
    "source": "http://localhost:8080/causeway/purchase_example/workers/makeCausewayLogger.js",
    "span": [ [ 282, 22 ] ]
   }
  ]
 }
},
{
 "class": [
  "org.ref_send.log.Sent",
  "org.ref_send.log.Event"
 ],
 "anchor": {
  "number": 1,
  "turn": {
   "loop": "product",
   "number": 4
  }
 },
 "message": "umid:0.4009132510982454:product",
 "timestamp": 1454994066910,
 "trace": {
  "calls": [
   {
    "name": "getCWStack",
    "source": "http://localhost:8080/causeway/purchase_example/workers/makeCausewayLogger.js",
    "span": [ [ 152, 32 ] ]
   },
   {
    "name": "logger.logSentRecord",
    "source": "http://localhost:8080/causeway/purchase_example/workers/makeCausewayLogger.js",
    "span": [ [ 159, 30 ] ]
   },
   {
    "name": "pmBase.postMessage",
    "source": "http://localhost:8080/causeway/purchase_example/workers/makeCausewayLogger.js",
    "span": [ [ 258, 18 ] ]
   },
   {
    "name": "canDeliver",
    "source": "http://localhost:8080/causeway/purchase_example/workers/wwProduct.js",
    "span": [ [ 18, 10 ] ]
   },
   {
    "name": "productRequest",
    "source": "http://localhost:8080/causeway/purchase_example/workers/wwProduct.js",
    "span": [ [ 33, 7 ] ]
   },
   {
    "name": "newCallback",
    "source": "http://localhost:8080/causeway/purchase_example/workers/makeCausewayLogger.js",
    "span": [ [ 284, 33 ] ]
   }
  ]
 }
},
{
 "class": [
  "org.ref_send.log.Got",
  "org.ref_send.log.Event"
 ],
 "anchor": {
  "number": 0,
  "turn": {
   "loop": "buyer",
   "number": 5
  }
 },
 "message": "umid:0.4009132510982454:product",
 "timestamp": 1454994066914,
 "trace": {
  "calls": [
   {
    "name": "getCWStack",
    "source": "http://localhost:8080/causeway/purchase_example/workers/makeCausewayLogger.js",
    "span": [ [ 152, 32 ] ]
   },
   {
    "name": "logger.logGotRecord",
    "source": "http://localhost:8080/causeway/purchase_example/workers/makeCausewayLogger.js",
    "span": [ [ 170, 29 ] ]
   },
   {
    "name": "newCallback",
    "source": "http://localhost:8080/causeway/purchase_example/workers/makeCausewayLogger.js",
    "span": [ [ 277, 24 ] ]
   }
  ]
 }
},
{
 "class": [
  "org.ref_send.log.SentIf",
  "org.ref_send.log.Sent",
  "org.ref_send.log.Event"
 ],
 "anchor": {
  "number": 1,
  "turn": {
   "loop": "buyer",
   "number": 5
  }
 },
 "condition": "ucid:0.6242791370023042:buyer",
 "message": "umid:0.8754598174709827:buyer",
 "timestamp": 1454994066914,
 "trace": {
  "calls": [
   {
    "name": "getCWStack",
    "source": "http://localhost:8080/causeway/purchase_example/workers/makeCausewayLogger.js",
    "span": [ [ 152, 32 ] ]
   },
   {
    "name": "logger.logSentIfRecord",
    "source": "http://localhost:8080/causeway/purchase_example/workers/makeCausewayLogger.js",
    "span": [ [ 180, 43 ] ]
   },
   {
    "name": "newCallback",
    "source": "http://localhost:8080/causeway/purchase_example/workers/makeCausewayLogger.js",
    "span": [ [ 281, 22 ] ]
   }
  ]
 }
},
{
 "class": [
  "org.ref_send.log.Got",
  "org.ref_send.log.Event"
 ],
 "anchor": {
  "number": 0,
  "turn": {
   "loop": "buyer",
   "number": 6
  }
 },
 "message": "umid:0.8754598174709827:buyer",
 "timestamp": 1454994066914,
 "trace": {
  "calls": [
   {
    "name": "getCWStack",
    "source": "http://localhost:8080/causeway/purchase_example/workers/makeCausewayLogger.js",
    "span": [ [ 152, 32 ] ]
   },
   {
    "name": "logger.logGotRecord",
    "source": "http://localhost:8080/causeway/purchase_example/workers/makeCausewayLogger.js",
    "span": [ [ 170, 29 ] ]
   },
   {
    "name": "newCallback",
    "source": "http://localhost:8080/causeway/purchase_example/workers/makeCausewayLogger.js",
    "span": [ [ 282, 22 ] ]
   }
  ]
 }
},
{
 "class": [
  "org.ref_send.log.Sent",
  "org.ref_send.log.Event"
 ],
 "anchor": {
  "number": 1,
  "turn": {
   "loop": "buyer",
   "number": 6
  }
 },
 "message": "umid:0.4560102366376668:buyer",
 "timestamp": 1454994066914,
 "trace": {
  "calls": [
   {
    "name": "getCWStack",
    "source": "http://localhost:8080/causeway/purchase_example/workers/makeCausewayLogger.js",
    "span": [ [ 152, 32 ] ]
   },
   {
    "name": "logger.logSentRecord",
    "source": "http://localhost:8080/causeway/purchase_example/workers/makeCausewayLogger.js",
    "span": [ [ 159, 30 ] ]
   },
   {
    "name": "logger.send",
    "source": "http://localhost:8080/causeway/purchase_example/workers/makeCausewayLogger.js",
    "span": [ [ 214, 16 ] ]
   },
   {
    "name": "productAnswer",
    "source": "http://localhost:8080/causeway/purchase_example/workers/mainBuyer.js",
    "span": [ [ 124, 12 ] ]
   },
   {
    "name": "newCallback",
    "source": "http://localhost:8080/causeway/purchase_example/workers/makeCausewayLogger.js",
    "span": [ [ 284, 33 ] ]
   }
  ]
 }
},
{
 "class": [
  "org.ref_send.log.Got",
  "org.ref_send.log.Event"
 ],
 "anchor": {
  "number": 0,
  "turn": {
   "loop": "buyer",
   "number": 7
  }
 },
 "message": "umid:0.15515424706973135:buyer",
 "timestamp": 1454994066915,
 "trace": {
  "calls": [
   {
    "name": "getCWStack",
    "source": "http://localhost:8080/causeway/purchase_example/workers/makeCausewayLogger.js",
    "span": [ [ 152, 32 ] ]
   },
   {
    "name": "logger.logGotRecord",
    "source": "http://localhost:8080/causeway/purchase_example/workers/makeCausewayLogger.js",
    "span": [ [ 170, 29 ] ]
   },
   {
    "name": "?",
    "source": "http://localhost:8080/causeway/purchase_example/workers/makeCausewayLogger.js",
    "span": [ [ 216, 18 ] ]
   }
  ]
 }
},
{
 "class": [
  "org.ref_send.log.Got",
  "org.ref_send.log.Event"
 ],
 "anchor": {
  "number": 0,
  "turn": {
   "loop": "buyer",
   "number": 8
  }
 },
 "message": "umid:0.8086905460804701:buyer",
 "timestamp": 1454994066915,
 "trace": {
  "calls": [
   {
    "name": "getCWStack",
    "source": "http://localhost:8080/causeway/purchase_example/workers/makeCausewayLogger.js",
    "span": [ [ 152, 32 ] ]
   },
   {
    "name": "logger.logGotRecord",
    "source": "http://localhost:8080/causeway/purchase_example/workers/makeCausewayLogger.js",
    "span": [ [ 170, 29 ] ]
   },
   {
    "name": "?",
    "source": "http://localhost:8080/causeway/purchase_example/workers/makeCausewayLogger.js",
    "span": [ [ 216, 18 ] ]
   }
  ]
 }
},
{
 "class": [
  "org.ref_send.log.Got",
  "org.ref_send.log.Event"
 ],
 "anchor": {
  "number": 0,
  "turn": {
   "loop": "buyer",
   "number": 9
  }
 },
 "message": "umid:0.4560102366376668:buyer",
 "timestamp": 1454994066916,
 "trace": {
  "calls": [
   {
    "name": "getCWStack",
    "source": "http://localhost:8080/causeway/purchase_example/workers/makeCausewayLogger.js",
    "span": [ [ 152, 32 ] ]
   },
   {
    "name": "logger.logGotRecord",
    "source": "http://localhost:8080/causeway/purchase_example/workers/makeCausewayLogger.js",
    "span": [ [ 170, 29 ] ]
   },
   {
    "name": "?",
    "source": "http://localhost:8080/causeway/purchase_example/workers/makeCausewayLogger.js",
    "span": [ [ 216, 18 ] ]
   }
  ]
 }
},
{
 "class": [
  "org.ref_send.log.Sent",
  "org.ref_send.log.Event"
 ],
 "anchor": {
  "number": 1,
  "turn": {
   "loop": "buyer",
   "number": 9
  }
 },
 "message": "umid:0.5648832898586988:buyer",
 "timestamp": 1454994066916,
 "trace": {
  "calls": [
   {
    "name": "getCWStack",
    "source": "http://localhost:8080/causeway/purchase_example/workers/makeCausewayLogger.js",
    "span": [ [ 152, 32 ] ]
   },
   {
    "name": "logger.logSentRecord",
    "source": "http://localhost:8080/causeway/purchase_example/workers/makeCausewayLogger.js",
    "span": [ [ 159, 30 ] ]
   },
   {
    "name": "logger.send",
    "source": "http://localhost:8080/causeway/purchase_example/workers/makeCausewayLogger.js",
    "span": [ [ 214, 16 ] ]
   },
   {
    "name": "teller.run",
    "source": "http://localhost:8080/causeway/purchase_example/workers/asyncAnd.js",
    "span": [ [ 28, 14 ] ]
   },
   {
    "name": "?",
    "source": "http://localhost:8080/causeway/purchase_example/workers/makeCausewayLogger.js",
    "span": [ [ 217, 22 ] ]
   }
  ]
 }
},
{
 "class": [
  "org.ref_send.log.Got",
  "org.ref_send.log.Event"
 ],
 "anchor": {
  "number": 0,
  "turn": {
   "loop": "buyer",
   "number": 10
  }
 },
 "message": "umid:0.5648832898586988:buyer",
 "timestamp": 1454994066917,
 "trace": {
  "calls": [
   {
    "name": "getCWStack",
    "source": "http://localhost:8080/causeway/purchase_example/workers/makeCausewayLogger.js",
    "span": [ [ 152, 32 ] ]
   },
   {
    "name": "logger.logGotRecord",
    "source": "http://localhost:8080/causeway/purchase_example/workers/makeCausewayLogger.js",
    "span": [ [ 170, 29 ] ]
   },
   {
    "name": "?",
    "source": "http://localhost:8080/causeway/purchase_example/workers/makeCausewayLogger.js",
    "span": [ [ 216, 18 ] ]
   }
  ]
 }
},
{
 "class": [
  "org.ref_send.log.Comment",
  "org.ref_send.log.Event"
 ],
 "anchor": {
  "number": 1,
  "turn": {
   "loop": "buyer",
   "number": 10
  }
 },
 "text": "All queries answered true",
 "timestamp": 1454994066918,
 "trace": {
  "calls": [
   {
    "name": "getCWStack",
    "source": "http://localhost:8080/causeway/purchase_example/workers/makeCausewayLogger.js",
    "span": [ [ 152, 32 ] ]
   },
   {
    "name": "logger.logCommentRecord",
    "source": "http://localhost:8080/causeway/purchase_example/workers/makeCausewayLogger.js",
    "span": [ [ 175, 32 ] ]
   },
   {
    "name": "checkAnswers.run",
    "source": "http://localhost:8080/causeway/purchase_example/workers/mainBuyer.js",
    "span": [ [ 101, 21 ] ]
   },
   {
    "name": "?",
    "source": "http://localhost:8080/causeway/purchase_example/workers/makeCausewayLogger.js",
    "span": [ [ 217, 22 ] ]
   }
  ]
 }
},
{
 "class": [
  "org.ref_send.log.Sent",
  "org.ref_send.log.Event"
 ],
 "anchor": {
  "number": 2,
  "turn": {
   "loop": "buyer",
   "number": 10
  }
 },
 "message": "umid:0.938977733720094:buyer",
 "timestamp": 1454994066918,
 "trace": {
  "calls": [
   {
    "name": "getCWStack",
    "source": "http://localhost:8080/causeway/purchase_example/workers/makeCausewayLogger.js",
    "span": [ [ 152, 32 ] ]
   },
   {
    "name": "logger.logSentRecord",
    "source": "http://localhost:8080/causeway/purchase_example/workers/makeCausewayLogger.js",
    "span": [ [ 159, 30 ] ]
   },
   {
    "name": "pmBase.postMessage",
    "source": "http://localhost:8080/causeway/purchase_example/workers/makeCausewayLogger.js",
    "span": [ [ 258, 18 ] ]
   },
   {
    "name": "checkAnswers.run",
    "source": "http://localhost:8080/causeway/purchase_example/workers/mainBuyer.js",
    "span": [ [ 102, 20 ] ]
   },
   {
    "name": "?",
    "source": "http://localhost:8080/causeway/purchase_example/workers/makeCausewayLogger.js",
    "span": [ [ 217, 22 ] ]
   }
  ]
 }
},
{
 "class": [
  "org.ref_send.log.Got",
  "org.ref_send.log.Event"
 ],
 "anchor": {
  "number": 0,
  "turn": {
   "loop": "product",
   "number": 5
  }
 },
 "message": "umid:0.938977733720094:buyer",
 "timestamp": 1454994066918,
 "trace": {
  "calls": [
   {
    "name": "getCWStack",
    "source": "http://localhost:8080/causeway/purchase_example/workers/makeCausewayLogger.js",
    "span": [ [ 152, 32 ] ]
   },
   {
    "name": "logger.logGotRecord",
    "source": "http://localhost:8080/causeway/purchase_example/workers/makeCausewayLogger.js",
    "span": [ [ 170, 29 ] ]
   },
   {
    "name": "newCallback",
    "source": "http://localhost:8080/causeway/purchase_example/workers/makeCausewayLogger.js",
    "span": [ [ 277, 24 ] ]
   }
  ]
 }
},
{
 "class": [
  "org.ref_send.log.SentIf",
  "org.ref_send.log.Sent",
  "org.ref_send.log.Event"
 ],
 "anchor": {
  "number": 1,
  "turn": {
   "loop": "product",
   "number": 5
  }
 },
 "condition": "ucid:0.1294613117352128:product",
 "message": "umid:0.08864907524548471:product",
 "timestamp": 1454994066919,
 "trace": {
  "calls": [
   {
    "name": "getCWStack",
    "source": "http://localhost:8080/causeway/purchase_example/workers/makeCausewayLogger.js",
    "span": [ [ 152, 32 ] ]
   },
   {
    "name": "logger.logSentIfRecord",
    "source": "http://localhost:8080/causeway/purchase_example/workers/makeCausewayLogger.js",
    "span": [ [ 180, 43 ] ]
   },
   {
    "name": "newCallback",
    "source": "http://localhost:8080/causeway/purchase_example/workers/makeCausewayLogger.js",
    "span": [ [ 281, 22 ] ]
   }
  ]
 }
},
{
 "class": [
  "org.ref_send.log.Got",
  "org.ref_send.log.Event"
 ],
 "anchor": {
  "number": 0,
  "turn": {
   "loop": "product",
   "number": 6
  }
 },
 "message": "umid:0.08864907524548471:product",
 "timestamp": 1454994066919,
 "trace": {
  "calls": [
   {
    "name": "getCWStack",
    "source": "http://localhost:8080/causeway/purchase_example/workers/makeCausewayLogger.js",
    "span": [ [ 152, 32 ] ]
   },
   {
    "name": "logger.logGotRecord",
    "source": "http://localhost:8080/causeway/purchase_example/workers/makeCausewayLogger.js",
    "span": [ [ 170, 29 ] ]
   },
   {
    "name": "newCallback",
    "source": "http://localhost:8080/causeway/purchase_example/workers/makeCausewayLogger.js",
    "span": [ [ 282, 22 ] ]
   }
  ]
 }
},
{
 "class": [
  "org.ref_send.log.Sent",
  "org.ref_send.log.Event"
 ],
 "anchor": {
  "number": 1,
  "turn": {
   "loop": "product",
   "number": 6
  }
 },
 "message": "umid:0.990065922960639:product",
 "timestamp": 1454994066919,
 "trace": {
  "calls": [
   {
    "name": "getCWStack",
    "source": "http://localhost:8080/causeway/purchase_example/workers/makeCausewayLogger.js",
    "span": [ [ 152, 32 ] ]
   },
   {
    "name": "logger.logSentRecord",
    "source": "http://localhost:8080/causeway/purchase_example/workers/makeCausewayLogger.js",
    "span": [ [ 159, 30 ] ]
   },
   {
    "name": "pmBase.postMessage",
    "source": "http://localhost:8080/causeway/purchase_example/workers/makeCausewayLogger.js",
    "span": [ [ 258, 18 ] ]
   },
   {
    "name": "placeOrder",
    "source": "http://localhost:8080/causeway/purchase_example/workers/wwProduct.js",
    "span": [ [ 22, 10 ] ]
   },
   {
    "name": "productRequest",
    "source": "http://localhost:8080/causeway/purchase_example/workers/wwProduct.js",
    "span": [ [ 36, 7 ] ]
   },
   {
    "name": "newCallback",
    "source": "http://localhost:8080/causeway/purchase_example/workers/makeCausewayLogger.js",
    "span": [ [ 284, 33 ] ]
   }
  ]
 }
},
{
 "class": [
  "org.ref_send.log.Got",
  "org.ref_send.log.Event"
 ],
 "anchor": {
  "number": 0,
  "turn": {
   "loop": "buyer",
   "number": 11
  }
 },
 "message": "umid:0.990065922960639:product",
 "timestamp": 1454994066920,
 "trace": {
  "calls": [
   {
    "name": "getCWStack",
    "source": "http://localhost:8080/causeway/purchase_example/workers/makeCausewayLogger.js",
    "span": [ [ 152, 32 ] ]
   },
   {
    "name": "logger.logGotRecord",
    "source": "http://localhost:8080/causeway/purchase_example/workers/makeCausewayLogger.js",
    "span": [ [ 170, 29 ] ]
   },
   {
    "name": "newCallback",
    "source": "http://localhost:8080/causeway/purchase_example/workers/makeCausewayLogger.js",
    "span": [ [ 277, 24 ] ]
   }
  ]
 }
},
{
 "class": [
  "org.ref_send.log.SentIf",
  "org.ref_send.log.Sent",
  "org.ref_send.log.Event"
 ],
 "anchor": {
  "number": 1,
  "turn": {
   "loop": "buyer",
   "number": 11
  }
 },
 "condition": "ucid:0.6242791370023042:buyer",
 "message": "umid:0.09720278275199234:buyer",
 "timestamp": 1454994066920,
 "trace": {
  "calls": [
   {
    "name": "getCWStack",
    "source": "http://localhost:8080/causeway/purchase_example/workers/makeCausewayLogger.js",
    "span": [ [ 152, 32 ] ]
   },
   {
    "name": "logger.logSentIfRecord",
    "source": "http://localhost:8080/causeway/purchase_example/workers/makeCausewayLogger.js",
    "span": [ [ 180, 43 ] ]
   },
   {
    "name": "newCallback",
    "source": "http://localhost:8080/causeway/purchase_example/workers/makeCausewayLogger.js",
    "span": [ [ 281, 22 ] ]
   }
  ]
 }
},
{
 "class": [
  "org.ref_send.log.Got",
  "org.ref_send.log.Event"
 ],
 "anchor": {
  "number": 0,
  "turn": {
   "loop": "buyer",
   "number": 12
  }
 },
 "message": "umid:0.09720278275199234:buyer",
 "timestamp": 1454994066920,
 "trace": {
  "calls": [
   {
    "name": "getCWStack",
    "source": "http://localhost:8080/causeway/purchase_example/workers/makeCausewayLogger.js",
    "span": [ [ 152, 32 ] ]
   },
   {
    "name": "logger.logGotRecord",
    "source": "http://localhost:8080/causeway/purchase_example/workers/makeCausewayLogger.js",
    "span": [ [ 170, 29 ] ]
   },
   {
    "name": "newCallback",
    "source": "http://localhost:8080/causeway/purchase_example/workers/makeCausewayLogger.js",
    "span": [ [ 282, 22 ] ]
   }
  ]
 }
},
{
 "class": [
  "org.ref_send.log.Sent",
  "org.ref_send.log.Event"
 ],
 "anchor": {
  "number": 1,
  "turn": {
   "loop": "buyer",
   "number": 12
  }
 },
 "message": "umid:0.6476346501149237:buyer",
 "timestamp": 1454994066920,
 "trace": {
  "calls": [
   {
    "name": "getCWStack",
    "source": "http://localhost:8080/causeway/purchase_example/workers/makeCausewayLogger.js",
    "span": [ [ 152, 32 ] ]
   },
   {
    "name": "logger.logSentRecord",
    "source": "http://localhost:8080/causeway/purchase_example/workers/makeCausewayLogger.js",
    "span": [ [ 159, 30 ] ]
   },
   {
    "name": "logger.send",
    "source": "http://localhost:8080/causeway/purchase_example/workers/makeCausewayLogger.js",
    "span": [ [ 214, 16 ] ]
   },
   {
    "name": "productAnswer",
    "source": "http://localhost:8080/causeway/purchase_example/workers/mainBuyer.js",
    "span": [ [ 129, 12 ] ]
   },
   {
    "name": "newCallback",
    "source": "http://localhost:8080/causeway/purchase_example/workers/makeCausewayLogger.js",
    "span": [ [ 284, 33 ] ]
   }
  ]
 }
},
{
 "class": [
  "org.ref_send.log.Got",
  "org.ref_send.log.Event"
 ],
 "anchor": {
  "number": 0,
  "turn": {
   "loop": "buyer",
   "number": 13
  }
 },
 "message": "umid:0.6476346501149237:buyer",
 "timestamp": 1454994066921,
 "trace": {
  "calls": [
   {
    "name": "getCWStack",
    "source": "http://localhost:8080/causeway/purchase_example/workers/makeCausewayLogger.js",
    "span": [ [ 152, 32 ] ]
   },
   {
    "name": "logger.logGotRecord",
    "source": "http://localhost:8080/causeway/purchase_example/workers/makeCausewayLogger.js",
    "span": [ [ 170, 29 ] ]
   },
   {
    "name": "?",
    "source": "http://localhost:8080/causeway/purchase_example/workers/makeCausewayLogger.js",
    "span": [ [ 216, 18 ] ]
   }
  ]
 }
},
{
 "class": [
  "org.ref_send.log.Comment",
  "org.ref_send.log.Event"
 ],
 "anchor": {
  "number": 1,
  "turn": {
   "loop": "buyer",
   "number": 13
  }
 },
 "text": "Order placed for West Coast Buyers",
 "timestamp": 1454994066922,
 "trace": {
  "calls": [
   {
    "name": "getCWStack",
    "source": "http://localhost:8080/causeway/purchase_example/workers/makeCausewayLogger.js",
    "span": [ [ 152, 32 ] ]
   },
   {
    "name": "logger.logCommentRecord",
    "source": "http://localhost:8080/causeway/purchase_example/workers/makeCausewayLogger.js",
    "span": [ [ 175, 32 ] ]
   },
   {
    "name": "reporter.run",
    "source": "http://localhost:8080/causeway/purchase_example/workers/mainBuyer.js",
    "span": [ [ 90, 21 ] ]
   },
   {
    "name": "?",
    "source": "http://localhost:8080/causeway/purchase_example/workers/makeCausewayLogger.js",
    "span": [ [ 217, 22 ] ]
   }
  ]
 }
}]