[
{"class":["org.ref_send.log.Got","org.ref_send.log.Event"],"anchor":{"number":1,"turn":{"loop":1690980476518400,"number":1}},"timestamp":1314230618456,"message":1690980476518400,"trace":{"calls":[{"name":"load","source":"causeway/log/html/buyer.html","span":[[1,1]]}]}},
{"class":["org.ref_send.log.Sent","org.ref_send.log.Event"],"anchor":{"number":2,"turn":{"loop":1690980476518400,"number":1}},"timestamp":1314230618627,"trace":{"calls":[{"name":"DOMWindow.","source":"causeway/log/html/buyer.html","span":[[13,24]]},{"name":"DOMWindow.","source":"causeway/log/html/buyer.html","span":[[39,1]]}]},"message":"accounts"},
{"class":["org.ref_send.log.Fulfilled","org.ref_send.log.Resolved","org.ref_send.log.Event"],"anchor":{"number":3,"turn":{"loop":1690980476518400,"number":1}},"timestamp":1314230618635,"trace":{"calls":[{"name":"DOMWindow.","source":"causeway/log/html/buyer.html","span":[[14,12]]},{"name":"DOMWindow.","source":"causeway/log/html/buyer.html","span":[[39,1]]}]},"condition":"1690980476518400@1"},
{"class":["org.ref_send.log.Sent","org.ref_send.log.Event"],"anchor":{"number":4,"turn":{"loop":1690980476518400,"number":1}},"timestamp":1314230618643,"trace":{"calls":[{"name":"DOMWindow.","source":"causeway/log/html/buyer.html","span":[[22,24]]},{"name":"DOMWindow.","source":"causeway/log/html/buyer.html","span":[[39,1]]}]},"message":"product"},
{"class":["org.ref_send.log.Fulfilled","org.ref_send.log.Resolved","org.ref_send.log.Event"],"anchor":{"number":5,"turn":{"loop":1690980476518400,"number":1}},"timestamp":1314230618649,"trace":{"calls":[{"name":"DOMWindow.","source":"causeway/log/html/buyer.html","span":[[23,11]]},{"name":"DOMWindow.","source":"causeway/log/html/buyer.html","span":[[39,1]]}]},"condition":"1690980476518400@2"},
{"class":["org.ref_send.log.Fulfilled","org.ref_send.log.Resolved","org.ref_send.log.Event"],"anchor":{"number":6,"turn":{"loop":1690980476518400,"number":1}},"timestamp":1314230618654,"trace":{"calls":[{"name":"DOMWindow.","source":"causeway/log/html/buyer.html","span":[[29,10]]},{"name":"DOMWindow.","source":"causeway/log/html/buyer.html","span":[[39,1]]}]},"condition":"1690980476518400@3"},
{"class":["org.ref_send.log.Got","org.ref_send.log.Event"],"anchor":{"number":1,"turn":{"loop":1690980476518400,"number":2}},"timestamp":1314230618849,"message":"product-return"},
{"class":["org.ref_send.log.SentIf","org.ref_send.log.Sent","org.ref_send.log.Event"],"anchor":{"number":2,"turn":{"loop":1690980476518400,"number":2}},"timestamp":1314230618849,"message":"1690980476518400!1","condition":"1690980476518400@2"},
{"class":["org.ref_send.log.Got","org.ref_send.log.Event"],"anchor":{"number":1,"turn":{"loop":1690980476518400,"number":3}},"timestamp":1314230618849,"message":"1690980476518400!1","trace":{"calls":[{"name":"DOMWindow.","source":"causeway/log/html/buyer.html","span":[[23,28]]}]}},
{"class":["org.ref_send.log.Sent","org.ref_send.log.Event"],"anchor":{"number":2,"turn":{"loop":1690980476518400,"number":3}},"timestamp":1314230618849,"trace":{"calls":[{"name":"checks","source":"causeway/log/html/buyer.html","span":[[24,27]]}]},"message":"1690980476518400!2"},
{"class":["org.ref_send.log.Sent","org.ref_send.log.Event"],"anchor":{"number":3,"turn":{"loop":1690980476518400,"number":3}},"timestamp":1314230618849,"trace":{"calls":[{"name":"checks","source":"causeway/log/html/buyer.html","span":[[25,27]]}]},"message":"1690980476518400!3"},
{"class":["org.ref_send.log.Done","org.ref_send.log.Event"],"anchor":{"number":4,"turn":{"loop":1690980476518400,"number":3}},"timestamp":1314230618849},
{"class":["org.ref_send.log.Got","org.ref_send.log.Event"],"anchor":{"number":1,"turn":{"loop":1690980476518400,"number":4}},"timestamp":1314230618886,"message":"accounts-return"},
{"class":["org.ref_send.log.SentIf","org.ref_send.log.Sent","org.ref_send.log.Event"],"anchor":{"number":2,"turn":{"loop":1690980476518400,"number":4}},"timestamp":1314230618886,"message":"1690980476518400!4","condition":"1690980476518400@1"},
{"class":["org.ref_send.log.Got","org.ref_send.log.Event"],"anchor":{"number":1,"turn":{"loop":1690980476518400,"number":5}},"timestamp":1314230618886,"message":"1690980476518400!4","trace":{"calls":[{"name":"DOMWindow.","source":"causeway/log/html/buyer.html","span":[[14,29]]}]}},
{"class":["org.ref_send.log.Sent","org.ref_send.log.Event"],"anchor":{"number":2,"turn":{"loop":1690980476518400,"number":5}},"timestamp":1314230618886,"trace":{"calls":[{"name":"product.name","source":"causeway/log/html/buyer.html","span":[[15,28]]}]},"message":"1690980476518400!5"},
{"class":["org.ref_send.log.Done","org.ref_send.log.Event"],"anchor":{"number":3,"turn":{"loop":1690980476518400,"number":5}},"timestamp":1314230618886},
{"class":["org.ref_send.log.Done","org.ref_send.log.Event"],"anchor":{"number":7,"turn":{"loop":1690980476518400,"number":1}},"timestamp":1314230618886},
{"class":["org.ref_send.log.Got","org.ref_send.log.Event"],"anchor":{"number":1,"turn":{"loop":1690980476518400,"number":6}},"timestamp":1314230618921,"message":"5652059424555008!2"},
{"class":["org.ref_send.log.SentIf","org.ref_send.log.Sent","org.ref_send.log.Event"],"anchor":{"number":2,"turn":{"loop":1690980476518400,"number":6}},"timestamp":1314230618921,"message":"1690980476518400!6","condition":"1690980476518400@3"},
{"class":["org.ref_send.log.Got","org.ref_send.log.Event"],"anchor":{"number":1,"turn":{"loop":1690980476518400,"number":7}},"timestamp":1314230618921,"message":"1690980476518400!6","trace":{"calls":[{"name":"DOMWindow.","source":"causeway/log/html/buyer.html","span":[[29,27]]}]}},
{"class":["org.ref_send.log.Done","org.ref_send.log.Event"],"anchor":{"number":2,"turn":{"loop":1690980476518400,"number":7}},"timestamp":1314230618921},
{"class":["org.ref_send.log.Got","org.ref_send.log.Event"],"anchor":{"number":1,"turn":{"loop":1690980476518400,"number":8}},"timestamp":1314230618921,"message":"5652059424555008!4"},
{"class":["org.ref_send.log.SentIf","org.ref_send.log.Sent","org.ref_send.log.Event"],"anchor":{"number":2,"turn":{"loop":1690980476518400,"number":8}},"timestamp":1314230618921,"message":"1690980476518400!7","condition":"1690980476518400@3"},
{"class":["org.ref_send.log.Got","org.ref_send.log.Event"],"anchor":{"number":1,"turn":{"loop":1690980476518400,"number":9}},"timestamp":1314230618921,"message":"1690980476518400!7","trace":{"calls":[{"name":"DOMWindow.","source":"causeway/log/html/buyer.html","span":[[29,27]]}]}},
{"class":["org.ref_send.log.Done","org.ref_send.log.Event"],"anchor":{"number":2,"turn":{"loop":1690980476518400,"number":9}},"timestamp":1314230618921},
{"class":["org.ref_send.log.Got","org.ref_send.log.Event"],"anchor":{"number":1,"turn":{"loop":1690980476518400,"number":10}},"timestamp":1314230618921,"message":"2194649728942080!2"},
{"class":["org.ref_send.log.SentIf","org.ref_send.log.Sent","org.ref_send.log.Event"],"anchor":{"number":2,"turn":{"loop":1690980476518400,"number":10}},"timestamp":1314230618921,"message":"1690980476518400!8","condition":"1690980476518400@3"},
{"class":["org.ref_send.log.Got","org.ref_send.log.Event"],"anchor":{"number":1,"turn":{"loop":1690980476518400,"number":11}},"timestamp":1314230618921,"message":"1690980476518400!8","trace":{"calls":[{"name":"DOMWindow.","source":"causeway/log/html/buyer.html","span":[[29,27]]}]}},
{"class":["org.ref_send.log.Sent","org.ref_send.log.Event"],"anchor":{"number":2,"turn":{"loop":1690980476518400,"number":11}},"timestamp":1314230618931,"trace":{"calls":[{"name":"DOMWindow.","source":"causeway/log/html/buyer.html","span":[[33,31]]}]},"message":"1690980476518400!9"},
{"class":["org.ref_send.log.Done","org.ref_send.log.Event"],"anchor":{"number":3,"turn":{"loop":1690980476518400,"number":11}},"timestamp":1314230618931},
{"class":["org.ref_send.log.Got","org.ref_send.log.Event"],"anchor":{"number":1,"turn":{"loop":5652059424555008,"number":1}},"timestamp":1314230618751,"message":"product","trace":{"calls":[{"name":"load","source":"causeway/log/html/product.html","span":[[1,1]]}]}},
{"class":["org.ref_send.log.Fulfilled","org.ref_send.log.Resolved","org.ref_send.log.Event"],"anchor":{"number":2,"turn":{"loop":5652059424555008,"number":1}},"timestamp":1314230618848,"trace":{"calls":[{"name":"DOMWindow.","source":"causeway/log/html/product.html","span":[[8,8]]}]},"condition":"5652059424555008@1"},
{"class":["org.ref_send.log.Sent","org.ref_send.log.Event"],"anchor":{"number":3,"turn":{"loop":5652059424555008,"number":1}},"timestamp":1314230618849,"trace":{"calls":[{"name":"load","source":"causeway/log/html/product.html","span":[[1,1]]}]},"message":"product-return"},
{"class":["org.ref_send.log.Done","org.ref_send.log.Event"],"anchor":{"number":4,"turn":{"loop":5652059424555008,"number":1}},"timestamp":1314230618849},
{"class":["org.ref_send.log.Got","org.ref_send.log.Event"],"anchor":{"number":1,"turn":{"loop":5652059424555008,"number":2}},"timestamp":1314230618888,"message":"1690980476518400!2"},
{"class":["org.ref_send.log.SentIf","org.ref_send.log.Sent","org.ref_send.log.Event"],"anchor":{"number":2,"turn":{"loop":5652059424555008,"number":2}},"timestamp":1314230618888,"message":"5652059424555008!1","condition":"5652059424555008@1"},
{"class":["org.ref_send.log.Got","org.ref_send.log.Event"],"anchor":{"number":1,"turn":{"loop":5652059424555008,"number":3}},"timestamp":1314230618888,"message":"5652059424555008!1","trace":{"calls":[{"name":"DOMWindow.","source":"causeway/log/html/product.html","span":[[8,25]]}]}},
{"class":["org.ref_send.log.Sent","org.ref_send.log.Event"],"anchor":{"number":2,"turn":{"loop":5652059424555008,"number":3}},"timestamp":1314230618902,"trace":{"calls":[{"name":"DOMWindow.","source":"causeway/log/html/product.html","span":[[10,16]]}]},"message":"5652059424555008!2"},
{"class":["org.ref_send.log.Done","org.ref_send.log.Event"],"anchor":{"number":3,"turn":{"loop":5652059424555008,"number":3}},"timestamp":1314230618903},
{"class":["org.ref_send.log.Got","org.ref_send.log.Event"],"anchor":{"number":1,"turn":{"loop":5652059424555008,"number":4}},"timestamp":1314230618903,"message":"1690980476518400!3"},
{"class":["org.ref_send.log.SentIf","org.ref_send.log.Sent","org.ref_send.log.Event"],"anchor":{"number":2,"turn":{"loop":5652059424555008,"number":4}},"timestamp":1314230618903,"message":"5652059424555008!3","condition":"5652059424555008@1"},
{"class":["org.ref_send.log.Got","org.ref_send.log.Event"],"anchor":{"number":1,"turn":{"loop":5652059424555008,"number":5}},"timestamp":1314230618903,"message":"5652059424555008!3","trace":{"calls":[{"name":"DOMWindow.","source":"causeway/log/html/product.html","span":[[8,25]]}]}},
{"class":["org.ref_send.log.Sent","org.ref_send.log.Event"],"anchor":{"number":2,"turn":{"loop":5652059424555008,"number":5}},"timestamp":1314230618906,"trace":{"calls":[{"name":"DOMWindow.","source":"causeway/log/html/product.html","span":[[12,16]]}]},"message":"5652059424555008!4"},
{"class":["org.ref_send.log.Done","org.ref_send.log.Event"],"anchor":{"number":3,"turn":{"loop":5652059424555008,"number":5}},"timestamp":1314230618906},
{"class":["org.ref_send.log.Got","org.ref_send.log.Event"],"anchor":{"number":1,"turn":{"loop":5652059424555008,"number":6}},"timestamp":1314230618935,"message":"1690980476518400!9"},
{"class":["org.ref_send.log.SentIf","org.ref_send.log.Sent","org.ref_send.log.Event"],"anchor":{"number":2,"turn":{"loop":5652059424555008,"number":6}},"timestamp":1314230618935,"message":"5652059424555008!5","condition":"5652059424555008@1"},
{"class":["org.ref_send.log.Got","org.ref_send.log.Event"],"anchor":{"number":1,"turn":{"loop":5652059424555008,"number":7}},"timestamp":1314230618935,"message":"5652059424555008!5","trace":{"calls":[{"name":"DOMWindow.","source":"causeway/log/html/product.html","span":[[8,25]]}]}},
{"class":["org.ref_send.log.Comment","org.ref_send.log.Event"],"anchor":{"number":2,"turn":{"loop":5652059424555008,"number":7}},"timestamp":1314230618947,"trace":{"calls":[{"name":"DOMWindow.","source":"causeway/log/html/product.html","span":[[14,13]]}]},"text":"Order placed for West Coast Buyers"},
{"class":["org.ref_send.log.Done","org.ref_send.log.Event"],"anchor":{"number":3,"turn":{"loop":5652059424555008,"number":7}},"timestamp":1314230618952},
{"class":["org.ref_send.log.Got","org.ref_send.log.Event"],"anchor":{"number":1,"turn":{"loop":2194649728942080,"number":1}},"timestamp":1314230618855,"message":"accounts","trace":{"calls":[{"name":"load","source":"causeway/log/html/accounts.html","span":[[1,1]]}]}},
{"class":["org.ref_send.log.Fulfilled","org.ref_send.log.Resolved","org.ref_send.log.Event"],"anchor":{"number":2,"turn":{"loop":2194649728942080,"number":1}},"timestamp":1314230618886,"trace":{"calls":[{"name":"DOMWindow.","source":"causeway/log/html/accounts.html","span":[[8,8]]}]},"condition":"2194649728942080@1"},
{"class":["org.ref_send.log.Sent","org.ref_send.log.Event"],"anchor":{"number":3,"turn":{"loop":2194649728942080,"number":1}},"timestamp":1314230618886,"trace":{"calls":[{"name":"load","source":"causeway/log/html/accounts.html","span":[[1,1]]}]},"message":"accounts-return"},
{"class":["org.ref_send.log.Done","org.ref_send.log.Event"],"anchor":{"number":4,"turn":{"loop":2194649728942080,"number":1}},"timestamp":1314230618886},
{"class":["org.ref_send.log.Got","org.ref_send.log.Event"],"anchor":{"number":1,"turn":{"loop":2194649728942080,"number":2}},"timestamp":1314230618907,"message":"1690980476518400!5"},
{"class":["org.ref_send.log.SentIf","org.ref_send.log.Sent","org.ref_send.log.Event"],"anchor":{"number":2,"turn":{"loop":2194649728942080,"number":2}},"timestamp":1314230618907,"message":"2194649728942080!1","condition":"2194649728942080@1"},
{"class":["org.ref_send.log.Got","org.ref_send.log.Event"],"anchor":{"number":1,"turn":{"loop":2194649728942080,"number":3}},"timestamp":1314230618907,"message":"2194649728942080!1","trace":{"calls":[{"name":"DOMWindow.","source":"causeway/log/html/accounts.html","span":[[8,25]]}]}},
{"class":["org.ref_send.log.Sent","org.ref_send.log.Event"],"anchor":{"number":2,"turn":{"loop":2194649728942080,"number":3}},"timestamp":1314230618912,"trace":{"calls":[{"name":"DOMWindow.","source":"causeway/log/html/accounts.html","span":[[10,16]]}]},"message":"2194649728942080!2"},
{"class":["org.ref_send.log.Done","org.ref_send.log.Event"],"anchor":{"number":3,"turn":{"loop":2194649728942080,"number":3}},"timestamp":1314230618912}
]
