[
{"class":["org.ref_send.log.Got","org.ref_send.log.Event"],"anchor":{"number":1,"turn":{"loop":2940700574351360,"number":1}},"timestamp":1314133040620,"message":"2940700574351360!1"},
{"class":["org.ref_send.log.Fulfilled","org.ref_send.log.Resolved","org.ref_send.log.Event"],"anchor":{"number":2,"turn":{"loop":2940700574351360,"number":1}},"timestamp":1314133040753,"trace":{"calls":[{"name":"DOMWindow.","source":"http://localhost/~tjclose/causeway/src/js/com/teleometry/causeway/log/html/buyer.html","span":[[23,7]]},{"name":"DOMWindow.","source":"http://localhost/~tjclose/causeway/src/js/com/teleometry/causeway/log/html/buyer.html","span":[[49,1]]}]},"condition":"2940700574351360@1"},
{"class":["org.ref_send.log.Fulfilled","org.ref_send.log.Resolved","org.ref_send.log.Event"],"anchor":{"number":3,"turn":{"loop":2940700574351360,"number":1}},"timestamp":1314133040759,"trace":{"calls":[{"name":"DOMWindow.","source":"http://localhost/~tjclose/causeway/src/js/com/teleometry/causeway/log/html/buyer.html","span":[[30,10]]},{"name":"DOMWindow.","source":"http://localhost/~tjclose/causeway/src/js/com/teleometry/causeway/log/html/buyer.html","span":[[49,1]]}]},"condition":"2940700574351360@2"},
{"class":["org.ref_send.log.Sent","org.ref_send.log.Event"],"anchor":{"number":4,"turn":{"loop":2940700574351360,"number":1}},"timestamp":1314133040767,"trace":{"calls":[{"name":"DOMWindow.","source":"http://localhost/~tjclose/causeway/src/js/com/teleometry/causeway/log/html/buyer.html","span":[[42,10]]},{"name":"DOMWindow.","source":"http://localhost/~tjclose/causeway/src/js/com/teleometry/causeway/log/html/buyer.html","span":[[49,1]]}]},"message":"2940700574351360!2"},
{"class":["org.ref_send.log.Got","org.ref_send.log.Event"],"anchor":{"number":1,"turn":{"loop":2940700574351360,"number":2}},"timestamp":1314133041767,"message":"2940700574351360!2","trace":{"calls":[{"name":"DOMWindow.","source":"http://localhost/~tjclose/causeway/src/js/com/teleometry/causeway/log/html/buyer.html","span":[[42,21]]}]}},
{"class":["org.ref_send.log.Sent","org.ref_send.log.Event"],"anchor":{"number":2,"turn":{"loop":2940700574351360,"number":2}},"timestamp":1314133041771,"trace":{"calls":[{"name":"DOMWindow.","source":"http://localhost/~tjclose/causeway/src/js/com/teleometry/causeway/log/html/buyer.html","span":[[43,28]]}]},"message":"2940700574351360!3"},
{"class":["org.ref_send.log.Sent","org.ref_send.log.Event"],"anchor":{"number":3,"turn":{"loop":2940700574351360,"number":2}},"timestamp":1314133041774,"trace":{"calls":[{"name":"DOMWindow.","source":"http://localhost/~tjclose/causeway/src/js/com/teleometry/causeway/log/html/buyer.html","span":[[47,9]]}]},"message":"2940700574351360!4"},
{"class":["org.ref_send.log.Sent","org.ref_send.log.Event"],"anchor":{"number":4,"turn":{"loop":2940700574351360,"number":2}},"timestamp":1314133041774,"trace":{"calls":[{"name":"DOMWindow.","source":"http://localhost/~tjclose/causeway/src/js/com/teleometry/causeway/log/html/buyer.html","span":[[47,9]]}]},"message":"2940700574351360!5"},
{"class":["org.ref_send.log.Done","org.ref_send.log.Event"],"anchor":{"number":5,"turn":{"loop":2940700574351360,"number":2}},"timestamp":1314133041774},
{"class":["org.ref_send.log.Got","org.ref_send.log.Event"],"anchor":{"number":1,"turn":{"loop":2940700574351360,"number":3}},"timestamp":1314133041774,"message":"2940700574351360!4"},
{"class":["org.ref_send.log.SentIf","org.ref_send.log.Sent","org.ref_send.log.Event"],"anchor":{"number":2,"turn":{"loop":2940700574351360,"number":3}},"timestamp":1314133041774,"message":"2940700574351360!6","condition":"2940700574351360@1"},
{"class":["org.ref_send.log.Got","org.ref_send.log.Event"],"anchor":{"number":1,"turn":{"loop":2940700574351360,"number":4}},"timestamp":1314133041774,"message":"2940700574351360!6","trace":{"calls":[{"name":"DOMWindow.","source":"http://localhost/~tjclose/causeway/src/js/com/teleometry/causeway/log/html/buyer.html","span":[[23,24]]}]}},
{"class":["org.ref_send.log.Sent","org.ref_send.log.Event"],"anchor":{"number":2,"turn":{"loop":2940700574351360,"number":4}},"timestamp":1314133041775,"trace":{"calls":[{"name":"HTMLButtonElement.","source":"http://localhost/~tjclose/causeway/src/js/com/teleometry/causeway/log/html/buyer.html","span":[[25,27]]}]},"message":"2940700574351360!7"},
{"class":["org.ref_send.log.Sent","org.ref_send.log.Event"],"anchor":{"number":3,"turn":{"loop":2940700574351360,"number":4}},"timestamp":1314133041776,"trace":{"calls":[{"name":"HTMLButtonElement.","source":"http://localhost/~tjclose/causeway/src/js/com/teleometry/causeway/log/html/buyer.html","span":[[26,28]]}]},"message":"2940700574351360!8"},
{"class":["org.ref_send.log.Sent","org.ref_send.log.Event"],"anchor":{"number":4,"turn":{"loop":2940700574351360,"number":4}},"timestamp":1314133041776,"trace":{"calls":[{"name":"HTMLButtonElement.","source":"http://localhost/~tjclose/causeway/src/js/com/teleometry/causeway/log/html/buyer.html","span":[[27,27]]}]},"message":"2940700574351360!9"},
{"class":["org.ref_send.log.Done","org.ref_send.log.Event"],"anchor":{"number":5,"turn":{"loop":2940700574351360,"number":4}},"timestamp":1314133041777},
{"class":["org.ref_send.log.Got","org.ref_send.log.Event"],"anchor":{"number":1,"turn":{"loop":2940700574351360,"number":5}},"timestamp":1314133041777,"message":"2940700574351360!5","trace":{"calls":[{"name":"DOMWindow.","source":"http://localhost/~tjclose/causeway/src/js/com/teleometry/causeway/log/html/buyer.html","span":[[48]]}]}},
{"class":["org.ref_send.log.Done","org.ref_send.log.Event"],"anchor":{"number":2,"turn":{"loop":2940700574351360,"number":5}},"timestamp":1314133041777},
{"class":["org.ref_send.log.Got","org.ref_send.log.Event"],"anchor":{"number":1,"turn":{"loop":2940700574351360,"number":6}},"timestamp":1314133041778,"message":"2940700574351360!10"},
{"class":["org.ref_send.log.SentIf","org.ref_send.log.Sent","org.ref_send.log.Event"],"anchor":{"number":2,"turn":{"loop":2940700574351360,"number":6}},"timestamp":1314133041778,"message":"2940700574351360!11","condition":"2940700574351360@2"},
{"class":["org.ref_send.log.Got","org.ref_send.log.Event"],"anchor":{"number":1,"turn":{"loop":2940700574351360,"number":7}},"timestamp":1314133041778,"message":"2940700574351360!11","trace":{"calls":[{"name":"DOMWindow.","source":"http://localhost/~tjclose/causeway/src/js/com/teleometry/causeway/log/html/buyer.html","span":[[30,27]]}]}},
{"class":["org.ref_send.log.Comment","org.ref_send.log.Event"],"anchor":{"number":2,"turn":{"loop":2940700574351360,"number":7}},"timestamp":1314133041781,"trace":{"calls":[{"name":"DOMWindow.","source":"http://localhost/~tjclose/causeway/src/js/com/teleometry/causeway/log/html/buyer.html","span":[[32,15]]}]},"text":"query answered true"},
{"class":["org.ref_send.log.Comment","org.ref_send.log.Event"],"anchor":{"number":3,"turn":{"loop":2940700574351360,"number":7}},"timestamp":1314133041789,"trace":{"calls":[{"name":"DOMWindow.","source":"http://localhost/~tjclose/causeway/src/js/com/teleometry/causeway/log/html/buyer.html","span":[[35,17]]}]},"text":"All queries answered true"},
{"class":["org.ref_send.log.Sent","org.ref_send.log.Event"],"anchor":{"number":4,"turn":{"loop":2940700574351360,"number":7}},"timestamp":1314133041803,"trace":{"calls":[{"name":"DOMWindow.","source":"http://localhost/~tjclose/causeway/src/js/com/teleometry/causeway/log/html/buyer.html","span":[[36,31]]}]},"message":"2940700574351360!12"},
{"class":["org.ref_send.log.Done","org.ref_send.log.Event"],"anchor":{"number":5,"turn":{"loop":2940700574351360,"number":7}},"timestamp":1314133041803},
{"class":["org.ref_send.log.Got","org.ref_send.log.Event"],"anchor":{"number":1,"turn":{"loop":2940700574351360,"number":8}},"timestamp":1314133041803,"message":"2940700574351360!13"},
{"class":["org.ref_send.log.SentIf","org.ref_send.log.Sent","org.ref_send.log.Event"],"anchor":{"number":2,"turn":{"loop":2940700574351360,"number":8}},"timestamp":1314133041803,"message":"2940700574351360!14","condition":"2940700574351360@2"},
{"class":["org.ref_send.log.Got","org.ref_send.log.Event"],"anchor":{"number":1,"turn":{"loop":2940700574351360,"number":9}},"timestamp":1314133041803,"message":"2940700574351360!14","trace":{"calls":[{"name":"DOMWindow.","source":"http://localhost/~tjclose/causeway/src/js/com/teleometry/causeway/log/html/buyer.html","span":[[30,27]]}]}},
{"class":["org.ref_send.log.Comment","org.ref_send.log.Event"],"anchor":{"number":2,"turn":{"loop":2940700574351360,"number":9}},"timestamp":1314133041807,"trace":{"calls":[{"name":"DOMWindow.","source":"http://localhost/~tjclose/causeway/src/js/com/teleometry/causeway/log/html/buyer.html","span":[[32,15]]}]},"text":"query answered true"},
{"class":["org.ref_send.log.Done","org.ref_send.log.Event"],"anchor":{"number":3,"turn":{"loop":2940700574351360,"number":9}},"timestamp":1314133041807},
{"class":["org.ref_send.log.Got","org.ref_send.log.Event"],"anchor":{"number":1,"turn":{"loop":2940700574351360,"number":10}},"timestamp":1314133041807,"message":"2940700574351360!15"},
{"class":["org.ref_send.log.SentIf","org.ref_send.log.Sent","org.ref_send.log.Event"],"anchor":{"number":2,"turn":{"loop":2940700574351360,"number":10}},"timestamp":1314133041807,"message":"2940700574351360!16","condition":"2940700574351360@2"},
{"class":["org.ref_send.log.Got","org.ref_send.log.Event"],"anchor":{"number":1,"turn":{"loop":2940700574351360,"number":11}},"timestamp":1314133041807,"message":"2940700574351360!16","trace":{"calls":[{"name":"DOMWindow.","source":"http://localhost/~tjclose/causeway/src/js/com/teleometry/causeway/log/html/buyer.html","span":[[30,27]]}]}},
{"class":["org.ref_send.log.Comment","org.ref_send.log.Event"],"anchor":{"number":2,"turn":{"loop":2940700574351360,"number":11}},"timestamp":1314133041819,"trace":{"calls":[{"name":"DOMWindow.","source":"http://localhost/~tjclose/causeway/src/js/com/teleometry/causeway/log/html/buyer.html","span":[[32,15]]}]},"text":"query answered true"},
{"class":["org.ref_send.log.Done","org.ref_send.log.Event"],"anchor":{"number":3,"turn":{"loop":2940700574351360,"number":11}},"timestamp":1314133041819},
{"class":["org.ref_send.log.Got","org.ref_send.log.Event"],"anchor":{"number":1,"turn":{"loop":2940700574351360,"number":12}},"timestamp":1314133041819,"message":"2940700574351360!17"},
{"class":["org.ref_send.log.SentIf","org.ref_send.log.Sent","org.ref_send.log.Event"],"anchor":{"number":2,"turn":{"loop":2940700574351360,"number":12}},"timestamp":1314133041819,"message":"2940700574351360!18","condition":"2940700574351360@2"},
{"class":["org.ref_send.log.Got","org.ref_send.log.Event"],"anchor":{"number":1,"turn":{"loop":2940700574351360,"number":13}},"timestamp":1314133041819,"message":"2940700574351360!18","trace":{"calls":[{"name":"DOMWindow.","source":"http://localhost/~tjclose/causeway/src/js/com/teleometry/causeway/log/html/buyer.html","span":[[30,27]]}]}},
{"class":["org.ref_send.log.Comment","org.ref_send.log.Event"],"anchor":{"number":2,"turn":{"loop":2940700574351360,"number":13}},"timestamp":1314133041835,"trace":{"calls":[{"name":"DOMWindow.","source":"http://localhost/~tjclose/causeway/src/js/com/teleometry/causeway/log/html/buyer.html","span":[[32,15]]}]},"text":"query answered true"},
{"class":["org.ref_send.log.Done","org.ref_send.log.Event"],"anchor":{"number":3,"turn":{"loop":2940700574351360,"number":13}},"timestamp":1314133041836},
{"class":["org.ref_send.log.Got","org.ref_send.log.Event"],"anchor":{"number":1,"turn":{"loop":5329054530011136,"number":1}},"timestamp":1314133040843,"message":"5329054530011136!1"},
{"class":["org.ref_send.log.Fulfilled","org.ref_send.log.Resolved","org.ref_send.log.Event"],"anchor":{"number":2,"turn":{"loop":5329054530011136,"number":1}},"timestamp":1314133040903,"trace":{"calls":[{"name":"DOMWindow.","source":"http://localhost/~tjclose/causeway/src/js/com/teleometry/causeway/log/html/accounts.html","span":[[8,8]]}]},"condition":"5329054530011136@1"},
{"class":["org.ref_send.log.Got","org.ref_send.log.Event"],"anchor":{"number":1,"turn":{"loop":5329054530011136,"number":2}},"timestamp":1314133041777,"message":"2940700574351360!3"},
{"class":["org.ref_send.log.SentIf","org.ref_send.log.Sent","org.ref_send.log.Event"],"anchor":{"number":2,"turn":{"loop":5329054530011136,"number":2}},"timestamp":1314133041777,"message":"5329054530011136!2","condition":"5329054530011136@1"},
{"class":["org.ref_send.log.Got","org.ref_send.log.Event"],"anchor":{"number":1,"turn":{"loop":5329054530011136,"number":3}},"timestamp":1314133041777,"message":"5329054530011136!2","trace":{"calls":[{"name":"DOMWindow.","source":"http://localhost/~tjclose/causeway/src/js/com/teleometry/causeway/log/html/accounts.html","span":[[8,25]]}]}},
{"class":["org.ref_send.log.Done","org.ref_send.log.Event"],"anchor":{"number":2,"turn":{"loop":5329054530011136,"number":3}},"timestamp":1314133041777},
{"class":["org.ref_send.log.Got","org.ref_send.log.Event"],"anchor":{"number":1,"turn":{"loop":5329054530011136,"number":4}},"timestamp":1314133041778,"message":"2940700574351360!8"},
{"class":["org.ref_send.log.SentIf","org.ref_send.log.Sent","org.ref_send.log.Event"],"anchor":{"number":2,"turn":{"loop":5329054530011136,"number":4}},"timestamp":1314133041778,"message":"5329054530011136!3","condition":"5329054530011136@1"},
{"class":["org.ref_send.log.Got","org.ref_send.log.Event"],"anchor":{"number":1,"turn":{"loop":5329054530011136,"number":5}},"timestamp":1314133041778,"message":"5329054530011136!3","trace":{"calls":[{"name":"DOMWindow.","source":"http://localhost/~tjclose/causeway/src/js/com/teleometry/causeway/log/html/accounts.html","span":[[8,25]]}]}},
{"class":["org.ref_send.log.Done","org.ref_send.log.Event"],"anchor":{"number":2,"turn":{"loop":5329054530011136,"number":5}},"timestamp":1314133041778},
{"class":["org.ref_send.log.Got","org.ref_send.log.Event"],"anchor":{"number":1,"turn":{"loop":1060227589865472,"number":1}},"timestamp":1314133040920,"message":"1060227589865472!1"},
{"class":["org.ref_send.log.Fulfilled","org.ref_send.log.Resolved","org.ref_send.log.Event"],"anchor":{"number":2,"turn":{"loop":1060227589865472,"number":1}},"timestamp":1314133040944,"trace":{"calls":[{"name":"DOMWindow.","source":"http://localhost/~tjclose/causeway/src/js/com/teleometry/causeway/log/html/product.html","span":[[8,8]]}]},"condition":"1060227589865472@1"},
{"class":["org.ref_send.log.Got","org.ref_send.log.Event"],"anchor":{"number":1,"turn":{"loop":1060227589865472,"number":2}},"timestamp":1314133041777,"message":"2940700574351360!7"},
{"class":["org.ref_send.log.SentIf","org.ref_send.log.Sent","org.ref_send.log.Event"],"anchor":{"number":2,"turn":{"loop":1060227589865472,"number":2}},"timestamp":1314133041777,"message":"1060227589865472!2","condition":"1060227589865472@1"},
{"class":["org.ref_send.log.Got","org.ref_send.log.Event"],"anchor":{"number":1,"turn":{"loop":1060227589865472,"number":3}},"timestamp":1314133041777,"message":"1060227589865472!2","trace":{"calls":[{"name":"DOMWindow.","source":"http://localhost/~tjclose/causeway/src/js/com/teleometry/causeway/log/html/product.html","span":[[8,25]]}]}},
{"class":["org.ref_send.log.Done","org.ref_send.log.Event"],"anchor":{"number":2,"turn":{"loop":1060227589865472,"number":3}},"timestamp":1314133041778},
{"class":["org.ref_send.log.Got","org.ref_send.log.Event"],"anchor":{"number":1,"turn":{"loop":1060227589865472,"number":4}},"timestamp":1314133041778,"message":"2940700574351360!9"},
{"class":["org.ref_send.log.SentIf","org.ref_send.log.Sent","org.ref_send.log.Event"],"anchor":{"number":2,"turn":{"loop":1060227589865472,"number":4}},"timestamp":1314133041778,"message":"1060227589865472!3","condition":"1060227589865472@1"},
{"class":["org.ref_send.log.Got","org.ref_send.log.Event"],"anchor":{"number":1,"turn":{"loop":1060227589865472,"number":5}},"timestamp":1314133041778,"message":"1060227589865472!3","trace":{"calls":[{"name":"DOMWindow.","source":"http://localhost/~tjclose/causeway/src/js/com/teleometry/causeway/log/html/product.html","span":[[8,25]]}]}},
{"class":["org.ref_send.log.Done","org.ref_send.log.Event"],"anchor":{"number":2,"turn":{"loop":1060227589865472,"number":5}},"timestamp":1314133041778},
{"class":["org.ref_send.log.Got","org.ref_send.log.Event"],"anchor":{"number":1,"turn":{"loop":1060227589865472,"number":6}},"timestamp":1314133041837,"message":"2940700574351360!12"},
{"class":["org.ref_send.log.SentIf","org.ref_send.log.Sent","org.ref_send.log.Event"],"anchor":{"number":2,"turn":{"loop":1060227589865472,"number":6}},"timestamp":1314133041837,"message":"1060227589865472!4","condition":"1060227589865472@1"},
{"class":["org.ref_send.log.Got","org.ref_send.log.Event"],"anchor":{"number":1,"turn":{"loop":1060227589865472,"number":7}},"timestamp":1314133041837,"message":"1060227589865472!4","trace":{"calls":[{"name":"DOMWindow.","source":"http://localhost/~tjclose/causeway/src/js/com/teleometry/causeway/log/html/product.html","span":[[8,25]]}]}},
{"class":["org.ref_send.log.Comment","org.ref_send.log.Event"],"anchor":{"number":2,"turn":{"loop":1060227589865472,"number":7}},"timestamp":1314133041854,"trace":{"calls":[{"name":"DOMWindow.","source":"http://localhost/~tjclose/causeway/src/js/com/teleometry/causeway/log/html/product.html","span":[[14,13]]}]},"text":"Order placed for West Coast Buyers"},
{"class":["org.ref_send.log.Done","org.ref_send.log.Event"],"anchor":{"number":3,"turn":{"loop":1060227589865472,"number":7}},"timestamp":1314133041858}
]
